

================================================================
== Vivado HLS Report for 'Block_codeRepl320123_proc'
================================================================
* Date:           Wed Sep  7 18:58:58 2022

* Version:        2020.1 (Build 2897737 on Wed May 27 20:21:37 MDT 2020)
* Project:        myproject_prj
* Solution:       solution1
* Product family: virtex7
* Target device:  xc7vx690t-ffg1927-2


================================================================
== Performance Estimates
================================================================
+ Timing: 
    * Summary: 
    +--------+---------+----------+------------+
    |  Clock |  Target | Estimated| Uncertainty|
    +--------+---------+----------+------------+
    |ap_clk  | 6.25 ns |   0 ns   |   1.88 ns  |
    +--------+---------+----------+------------+

+ Latency: 
    * Summary: 
    +---------+---------+----------+----------+-----+-----+---------+
    |  Latency (cycles) |  Latency (absolute) |  Interval | Pipeline|
    |   min   |   max   |    min   |    max   | min | max |   Type  |
    +---------+---------+----------+----------+-----+-----+---------+
    |        0|        0|   0 ns   |   0 ns   |    0|    0|   none  |
    +---------+---------+----------+----------+-----+-----+---------+

    + Detail: 
        * Instance: 
        N/A

        * Loop: 
        N/A



================================================================
== Utilization Estimates
================================================================
* Summary: 
+-----------------+---------+-------+--------+--------+-----+
|       Name      | BRAM_18K| DSP48E|   FF   |   LUT  | URAM|
+-----------------+---------+-------+--------+--------+-----+
|DSP              |        -|      -|       -|       -|    -|
|Expression       |        -|      -|       0|       2|    -|
|FIFO             |        -|      -|       -|       -|    -|
|Instance         |        -|      -|       -|       -|    -|
|Memory           |        -|      -|       -|       -|    -|
|Multiplexer      |        -|      -|       -|      18|    -|
|Register         |        -|      -|    2522|       -|    -|
+-----------------+---------+-------+--------+--------+-----+
|Total            |        0|      0|    2522|      20|    0|
+-----------------+---------+-------+--------+--------+-----+
|Available        |     2940|   3600|  866400|  433200|    0|
+-----------------+---------+-------+--------+--------+-----+
|Utilization (%)  |        0|      0|   ~0   |   ~0   |    0|
+-----------------+---------+-------+--------+--------+-----+

+ Detail: 
    * Instance: 
    N/A

    * DSP48E: 
    N/A

    * Memory: 
    N/A

    * FIFO: 
    N/A

    * Expression: 
    +-----------------+----------+-------+---+----+------------+------------+
    |  Variable Name  | Operation| DSP48E| FF| LUT| Bitwidth P0| Bitwidth P1|
    +-----------------+----------+-------+---+----+------------+------------+
    |ap_block_state1  |    or    |      0|  0|   2|           1|           1|
    +-----------------+----------+-------+---+----+------------+------------+
    |Total            |          |      0|  0|   2|           1|           1|
    +-----------------+----------+-------+---+----+------------+------------+

    * Multiplexer: 
    +-----------+----+-----------+------+-----------+
    |    Name   | LUT| Input Size| Bits | Total Bits|
    +-----------+----+-----------+------+-----------+
    |ap_done    |   9|          2|     1|          2|
    |ap_return  |   9|          2|  2520|       5040|
    +-----------+----+-----------+------+-----------+
    |Total      |  18|          4|  2521|       5042|
    +-----------+----+-----------+------+-----------+

    * Register: 
    +----------------+------+----+------+-----------+
    |      Name      |  FF  | LUT| Bits | Const Bits|
    +----------------+------+----+------+-----------+
    |ap_CS_fsm       |     1|   0|     1|          0|
    |ap_done_reg     |     1|   0|     1|          0|
    |ap_return_preg  |  2520|   0|  2520|          0|
    +----------------+------+----+------+-----------+
    |Total           |  2522|   0|  2522|          0|
    +----------------+------+----+------+-----------+



================================================================
== Interface
================================================================
* Summary: 
+--------------+-----+------+------------+---------------------------+--------------+
|   RTL Ports  | Dir | Bits |  Protocol  |       Source Object       |    C Type    |
+--------------+-----+------+------------+---------------------------+--------------+
|ap_clk        |  in |     1| ap_ctrl_hs | Block_codeRepl320123_proc | return value |
|ap_rst        |  in |     1| ap_ctrl_hs | Block_codeRepl320123_proc | return value |
|ap_start      |  in |     1| ap_ctrl_hs | Block_codeRepl320123_proc | return value |
|ap_done       | out |     1| ap_ctrl_hs | Block_codeRepl320123_proc | return value |
|ap_continue   |  in |     1| ap_ctrl_hs | Block_codeRepl320123_proc | return value |
|ap_idle       | out |     1| ap_ctrl_hs | Block_codeRepl320123_proc | return value |
|ap_ready      | out |     1| ap_ctrl_hs | Block_codeRepl320123_proc | return value |
|ap_return     | out |  2520| ap_ctrl_hs | Block_codeRepl320123_proc | return value |
|link_in_0_V   |  in |   128|   ap_none  |        link_in_0_V        |    pointer   |
|link_in_1_V   |  in |   128|   ap_none  |        link_in_1_V        |    pointer   |
|link_in_2_V   |  in |   128|   ap_none  |        link_in_2_V        |    pointer   |
|link_in_3_V   |  in |   128|   ap_none  |        link_in_3_V        |    pointer   |
|link_in_4_V   |  in |   128|   ap_none  |        link_in_4_V        |    pointer   |
|link_in_5_V   |  in |   128|   ap_none  |        link_in_5_V        |    pointer   |
|link_in_6_V   |  in |   128|   ap_none  |        link_in_6_V        |    pointer   |
|link_in_7_V   |  in |   128|   ap_none  |        link_in_7_V        |    pointer   |
|link_in_8_V   |  in |   128|   ap_none  |        link_in_8_V        |    pointer   |
|link_in_9_V   |  in |   128|   ap_none  |        link_in_9_V        |    pointer   |
|link_in_10_V  |  in |   128|   ap_none  |        link_in_10_V       |    pointer   |
|link_in_11_V  |  in |   128|   ap_none  |        link_in_11_V       |    pointer   |
|link_in_12_V  |  in |   128|   ap_none  |        link_in_12_V       |    pointer   |
|link_in_13_V  |  in |   128|   ap_none  |        link_in_13_V       |    pointer   |
|link_in_14_V  |  in |   128|   ap_none  |        link_in_14_V       |    pointer   |
|link_in_15_V  |  in |   128|   ap_none  |        link_in_15_V       |    pointer   |
|link_in_16_V  |  in |   128|   ap_none  |        link_in_16_V       |    pointer   |
|link_in_17_V  |  in |   128|   ap_none  |        link_in_17_V       |    pointer   |
|link_in_18_V  |  in |   128|   ap_none  |        link_in_18_V       |    pointer   |
|link_in_19_V  |  in |   128|   ap_none  |        link_in_19_V       |    pointer   |
|link_in_20_V  |  in |   128|   ap_none  |        link_in_20_V       |    pointer   |
|link_in_21_V  |  in |   128|   ap_none  |        link_in_21_V       |    pointer   |
|link_in_22_V  |  in |   128|   ap_none  |        link_in_22_V       |    pointer   |
|link_in_23_V  |  in |   128|   ap_none  |        link_in_23_V       |    pointer   |
|link_in_24_V  |  in |   128|   ap_none  |        link_in_24_V       |    pointer   |
|link_in_25_V  |  in |   128|   ap_none  |        link_in_25_V       |    pointer   |
|link_in_26_V  |  in |   128|   ap_none  |        link_in_26_V       |    pointer   |
|link_in_27_V  |  in |   128|   ap_none  |        link_in_27_V       |    pointer   |
|link_in_28_V  |  in |   128|   ap_none  |        link_in_28_V       |    pointer   |
|link_in_29_V  |  in |   128|   ap_none  |        link_in_29_V       |    pointer   |
|link_in_30_V  |  in |   128|   ap_none  |        link_in_30_V       |    pointer   |
|link_in_31_V  |  in |   128|   ap_none  |        link_in_31_V       |    pointer   |
|link_in_32_V  |  in |   128|   ap_none  |        link_in_32_V       |    pointer   |
|link_in_33_V  |  in |   128|   ap_none  |        link_in_33_V       |    pointer   |
|link_in_34_V  |  in |   128|   ap_none  |        link_in_34_V       |    pointer   |
|link_in_35_V  |  in |   128|   ap_none  |        link_in_35_V       |    pointer   |
+--------------+-----+------+------------+---------------------------+--------------+

