

================================================================
== Vivado HLS Report for 'dense_resource_ap_ufixed_ap_fixed_16_5_5_3_0_config6_s'
================================================================
* Date:           Wed Sep  7 19:00:24 2022

* Version:        2020.1 (Build 2897737 on Wed May 27 20:21:37 MDT 2020)
* Project:        myproject_prj
* Solution:       solution1
* Product family: virtex7
* Target device:  xc7vx690t-ffg1927-2


================================================================
== Performance Estimates
================================================================
+ Timing: 
    * Summary: 
    +--------+---------+----------+------------+
    |  Clock |  Target | Estimated| Uncertainty|
    +--------+---------+----------+------------+
    |ap_clk  | 6.25 ns | 1.737 ns |   1.88 ns  |
    +--------+---------+----------+------------+

+ Latency: 
    * Summary: 
    +---------+---------+-----------+-----------+-----+-----+---------+
    |  Latency (cycles) |   Latency (absolute)  |  Interval | Pipeline|
    |   min   |   max   |    min    |    max    | min | max |   Type  |
    +---------+---------+-----------+-----------+-----+-----+---------+
    |        2|        3| 12.500 ns | 18.750 ns |    2|    3|   none  |
    +---------+---------+-----------+-----------+-----+-----+---------+

    + Detail: 
        * Instance: 
        N/A

        * Loop: 
        +-------------+---------+---------+----------+-----------+-----------+------+----------+
        |             |  Latency (cycles) | Iteration|  Initiation Interval  | Trip |          |
        |  Loop Name  |   min   |   max   |  Latency |  achieved |   target  | Count| Pipelined|
        +-------------+---------+---------+----------+-----------+-----------+------+----------+
        |- ReuseLoop  |        2|        2|         1|          1|          1|     3|    yes   |
        +-------------+---------+---------+----------+-----------+-----------+------+----------+



================================================================
== Utilization Estimates
================================================================
* Summary: 
+-----------------+---------+-------+--------+--------+-----+
|       Name      | BRAM_18K| DSP48E|   FF   |   LUT  | URAM|
+-----------------+---------+-------+--------+--------+-----+
|DSP              |        -|      -|       -|       -|    -|
|Expression       |        -|      -|       0|      19|    -|
|FIFO             |        -|      -|       -|       -|    -|
|Instance         |        -|      -|       0|      85|    -|
|Memory           |        -|      -|       -|       -|    -|
|Multiplexer      |        -|      -|       -|     249|    -|
|Register         |        -|      -|      80|       -|    -|
+-----------------+---------+-------+--------+--------+-----+
|Total            |        0|      0|      80|     353|    0|
+-----------------+---------+-------+--------+--------+-----+
|Available        |     2940|   3600|  866400|  433200|    0|
+-----------------+---------+-------+--------+--------+-----+
|Utilization (%)  |        0|      0|   ~0   |   ~0   |    0|
+-----------------+---------+-------+--------+--------+-----+

+ Detail: 
    * Instance: 
    +----------------------------+------------------------+---------+-------+---+----+-----+
    |          Instance          |         Module         | BRAM_18K| DSP48E| FF| LUT| URAM|
    +----------------------------+------------------------+---------+-------+---+----+-----+
    |myproject_mux_42_5_1_1_U69  |myproject_mux_42_5_1_1  |        0|      0|  0|  17|    0|
    |myproject_mux_42_5_1_1_U70  |myproject_mux_42_5_1_1  |        0|      0|  0|  17|    0|
    |myproject_mux_42_5_1_1_U71  |myproject_mux_42_5_1_1  |        0|      0|  0|  17|    0|
    |myproject_mux_42_5_1_1_U72  |myproject_mux_42_5_1_1  |        0|      0|  0|  17|    0|
    |myproject_mux_42_5_1_1_U73  |myproject_mux_42_5_1_1  |        0|      0|  0|  17|    0|
    +----------------------------+------------------------+---------+-------+---+----+-----+
    |Total                       |                        |        0|      0|  0|  85|    0|
    +----------------------------+------------------------+---------+-------+---+----+-----+

    * DSP48E: 
    N/A

    * Memory: 
    N/A

    * FIFO: 
    N/A

    * Expression: 
    +---------------------+----------+-------+---+----+------------+------------+
    |    Variable Name    | Operation| DSP48E| FF| LUT| Bitwidth P0| Bitwidth P1|
    +---------------------+----------+-------+---+----+------------+------------+
    |w_index_fu_666_p2    |     +    |      0|  0|  10|           2|           1|
    |icmp_ln64_fu_672_p2  |   icmp   |      0|  0|   9|           2|           3|
    +---------------------+----------+-------+---+----+------------+------------+
    |Total                |          |      0|  0|  19|           4|           4|
    +---------------------+----------+-------+---+----+------------+------------+

    * Multiplexer: 
    +-----------------------------------------------+----+-----------+-----+-----------+
    |                      Name                     | LUT| Input Size| Bits| Total Bits|
    +-----------------------------------------------+----+-----------+-----+-----------+
    |ap_NS_fsm                                      |  15|          3|    1|          3|
    |ap_phi_mux_data_0_V_read2_phi_phi_fu_405_p4    |  15|          3|    5|         15|
    |ap_phi_mux_data_10_V_read12_phi_phi_fu_535_p4  |  15|          3|    5|         15|
    |ap_phi_mux_data_11_V_read13_phi_phi_fu_548_p4  |  15|          3|    5|         15|
    |ap_phi_mux_data_12_V_read14_phi_phi_fu_561_p4  |  15|          3|    5|         15|
    |ap_phi_mux_data_13_V_read15_phi_phi_fu_574_p4  |  15|          3|    5|         15|
    |ap_phi_mux_data_14_V_read16_phi_phi_fu_587_p4  |  15|          3|    5|         15|
    |ap_phi_mux_data_1_V_read3_phi_phi_fu_418_p4    |  15|          3|    5|         15|
    |ap_phi_mux_data_2_V_read4_phi_phi_fu_431_p4    |  15|          3|    5|         15|
    |ap_phi_mux_data_3_V_read5_phi_phi_fu_444_p4    |  15|          3|    5|         15|
    |ap_phi_mux_data_4_V_read6_phi_phi_fu_457_p4    |  15|          3|    5|         15|
    |ap_phi_mux_data_5_V_read7_phi_phi_fu_470_p4    |  15|          3|    5|         15|
    |ap_phi_mux_data_6_V_read8_phi_phi_fu_483_p4    |  15|          3|    5|         15|
    |ap_phi_mux_data_7_V_read9_phi_phi_fu_496_p4    |  15|          3|    5|         15|
    |ap_phi_mux_data_8_V_read10_phi_phi_fu_509_p4   |  15|          3|    5|         15|
    |ap_phi_mux_data_9_V_read11_phi_phi_fu_522_p4   |  15|          3|    5|         15|
    |w_index1_reg_387                               |   9|          2|    2|          4|
    +-----------------------------------------------+----+-----------+-----+-----------+
    |Total                                          | 249|         50|   78|        232|
    +-----------------------------------------------+----+-----------+-----+-----------+

    * Register: 
    +---------------------------------+---+----+-----+-----------+
    |               Name              | FF| LUT| Bits| Const Bits|
    +---------------------------------+---+----+-----+-----------+
    |ap_CS_fsm                        |  2|   0|    2|          0|
    |data_0_V_read2_rewind_reg_177    |  5|   0|    5|          0|
    |data_10_V_read12_rewind_reg_317  |  5|   0|    5|          0|
    |data_11_V_read13_rewind_reg_331  |  5|   0|    5|          0|
    |data_12_V_read14_rewind_reg_345  |  5|   0|    5|          0|
    |data_13_V_read15_rewind_reg_359  |  5|   0|    5|          0|
    |data_14_V_read16_rewind_reg_373  |  5|   0|    5|          0|
    |data_1_V_read3_rewind_reg_191    |  5|   0|    5|          0|
    |data_2_V_read4_rewind_reg_205    |  5|   0|    5|          0|
    |data_3_V_read5_rewind_reg_219    |  5|   0|    5|          0|
    |data_4_V_read6_rewind_reg_233    |  5|   0|    5|          0|
    |data_5_V_read7_rewind_reg_247    |  5|   0|    5|          0|
    |data_6_V_read8_rewind_reg_261    |  5|   0|    5|          0|
    |data_7_V_read9_rewind_reg_275    |  5|   0|    5|          0|
    |data_8_V_read10_rewind_reg_289   |  5|   0|    5|          0|
    |data_9_V_read11_rewind_reg_303   |  5|   0|    5|          0|
    |do_init_reg_162                  |  1|   0|    1|          0|
    |w_index1_reg_387                 |  2|   0|    2|          0|
    +---------------------------------+---+----+-----+-----------+
    |Total                            | 80|   0|   80|          0|
    +---------------------------------+---+----+-----+-----------+



================================================================
== Interface
================================================================
* Summary: 
+----------------+-----+-----+------------+--------------------------------------------------------+--------------+
|    RTL Ports   | Dir | Bits|  Protocol  |                      Source Object                     |    C Type    |
+----------------+-----+-----+------------+--------------------------------------------------------+--------------+
|ap_clk          |  in |    1| ap_ctrl_hs | dense_resource<ap_ufixed,ap_fixed<16,5,5,3,0>,config6> | return value |
|ap_rst          |  in |    1| ap_ctrl_hs | dense_resource<ap_ufixed,ap_fixed<16,5,5,3,0>,config6> | return value |
|ap_start        |  in |    1| ap_ctrl_hs | dense_resource<ap_ufixed,ap_fixed<16,5,5,3,0>,config6> | return value |
|ap_done         | out |    1| ap_ctrl_hs | dense_resource<ap_ufixed,ap_fixed<16,5,5,3,0>,config6> | return value |
|ap_idle         | out |    1| ap_ctrl_hs | dense_resource<ap_ufixed,ap_fixed<16,5,5,3,0>,config6> | return value |
|ap_ready        | out |    1| ap_ctrl_hs | dense_resource<ap_ufixed,ap_fixed<16,5,5,3,0>,config6> | return value |
|data_0_V_read   |  in |    5|   ap_none  |                      data_0_V_read                     |    scalar    |
|data_1_V_read   |  in |    5|   ap_none  |                      data_1_V_read                     |    scalar    |
|data_2_V_read   |  in |    5|   ap_none  |                      data_2_V_read                     |    scalar    |
|data_3_V_read   |  in |    5|   ap_none  |                      data_3_V_read                     |    scalar    |
|data_4_V_read   |  in |    5|   ap_none  |                      data_4_V_read                     |    scalar    |
|data_5_V_read   |  in |    5|   ap_none  |                      data_5_V_read                     |    scalar    |
|data_6_V_read   |  in |    5|   ap_none  |                      data_6_V_read                     |    scalar    |
|data_7_V_read   |  in |    5|   ap_none  |                      data_7_V_read                     |    scalar    |
|data_8_V_read   |  in |    5|   ap_none  |                      data_8_V_read                     |    scalar    |
|data_9_V_read   |  in |    5|   ap_none  |                      data_9_V_read                     |    scalar    |
|data_10_V_read  |  in |    5|   ap_none  |                     data_10_V_read                     |    scalar    |
|data_11_V_read  |  in |    5|   ap_none  |                     data_11_V_read                     |    scalar    |
|data_12_V_read  |  in |    5|   ap_none  |                     data_12_V_read                     |    scalar    |
|data_13_V_read  |  in |    5|   ap_none  |                     data_13_V_read                     |    scalar    |
|data_14_V_read  |  in |    5|   ap_none  |                     data_14_V_read                     |    scalar    |
+----------------+-----+-----+------------+--------------------------------------------------------+--------------+

