

================================================================
== Vivado HLS Report for 'relu_ap_fixed_ap_ufixed_5_2_0_0_0_relu_config5_s'
================================================================
* Date:           Wed Sep  7 18:58:37 2022

* Version:        2020.1 (Build 2897737 on Wed May 27 20:21:37 MDT 2020)
* Project:        myproject_prj
* Solution:       solution1
* Product family: virtex7
* Target device:  xc7vx690t-ffg1927-2


================================================================
== Performance Estimates
================================================================
+ Timing: 
    * Summary: 
    +--------+---------+----------+------------+
    |  Clock |  Target | Estimated| Uncertainty|
    +--------+---------+----------+------------+
    |ap_clk  | 6.25 ns | 1.826 ns |   1.88 ns  |
    +--------+---------+----------+------------+

+ Latency: 
    * Summary: 
    +---------+---------+----------+----------+-----+-----+----------+
    |  Latency (cycles) |  Latency (absolute) |  Interval | Pipeline |
    |   min   |   max   |    min   |    max   | min | max |   Type   |
    +---------+---------+----------+----------+-----+-----+----------+
    |        0|        0|   0 ns   |   0 ns   |    1|    1| function |
    +---------+---------+----------+----------+-----+-----+----------+

    + Detail: 
        * Instance: 
        N/A

        * Loop: 
        N/A

============================================================
+ Verbose Summary: Synthesis Manager
============================================================
InlineROM: 1
ExposeGlobal: 0
============================================================
+ Verbose Summary: CDFG Model
============================================================
IsTopModel: 0
ResetActiveHigh: 1
IsCombinational: 2
IsDatapathOnly: 0
HasWiredReturn: 1
HasMFsm: 2
HasVarLatency: 0
IsPipeline: 1
IsRtlPipelined: 0
IsInstanceOverlapped: 0
IsDontTouch: 0
HasImplIP: 0
IsGatedGlobalClock: 0

+ Individual pipeline summary: 
  * Pipeline-0: initiation interval (II) = 1, depth = 1


============================================================
+ Verbose Summary: Schedule
============================================================
* Number of FSM states : 1
* Pipeline : 1
  Pipeline-0 : II = 1, D = 1, States = { 1 }
* Dataflow Pipeline: 0

* FSM state transitions: 
1 --> 

* FSM state operations: 

State 1 <SV = 0> <Delay = 1.82>
ST_1 : Operation 2 [1/1] (0.00ns)   --->   "call void (...)* @_ssdm_op_SpecClockDomain([8 x i8]* @default, [1 x i8]* @empty)"   --->   Operation 2 'specclockdomain' <Predicate = true> <Delay = 0.00>
ST_1 : Operation 3 [1/1] (0.00ns)   --->   "%data_14_V_read_1 = call i20 @_ssdm_op_Read.ap_auto.i20(i20 %data_14_V_read)" [firmware/nnet_utils/nnet_activation.h:64]   --->   Operation 3 'read' 'data_14_V_read_1' <Predicate = true> <Delay = 0.00>
ST_1 : Operation 4 [1/1] (0.00ns)   --->   "%data_13_V_read_1 = call i20 @_ssdm_op_Read.ap_auto.i20(i20 %data_13_V_read)" [firmware/nnet_utils/nnet_activation.h:64]   --->   Operation 4 'read' 'data_13_V_read_1' <Predicate = true> <Delay = 0.00>
ST_1 : Operation 5 [1/1] (0.00ns)   --->   "%data_12_V_read_1 = call i20 @_ssdm_op_Read.ap_auto.i20(i20 %data_12_V_read)" [firmware/nnet_utils/nnet_activation.h:64]   --->   Operation 5 'read' 'data_12_V_read_1' <Predicate = true> <Delay = 0.00>
ST_1 : Operation 6 [1/1] (0.00ns)   --->   "%data_11_V_read_1 = call i20 @_ssdm_op_Read.ap_auto.i20(i20 %data_11_V_read)" [firmware/nnet_utils/nnet_activation.h:64]   --->   Operation 6 'read' 'data_11_V_read_1' <Predicate = true> <Delay = 0.00>
ST_1 : Operation 7 [1/1] (0.00ns)   --->   "%data_10_V_read_1 = call i20 @_ssdm_op_Read.ap_auto.i20(i20 %data_10_V_read)" [firmware/nnet_utils/nnet_activation.h:64]   --->   Operation 7 'read' 'data_10_V_read_1' <Predicate = true> <Delay = 0.00>
ST_1 : Operation 8 [1/1] (0.00ns)   --->   "%data_9_V_read_1 = call i20 @_ssdm_op_Read.ap_auto.i20(i20 %data_9_V_read)" [firmware/nnet_utils/nnet_activation.h:64]   --->   Operation 8 'read' 'data_9_V_read_1' <Predicate = true> <Delay = 0.00>
ST_1 : Operation 9 [1/1] (0.00ns)   --->   "%data_8_V_read_1 = call i20 @_ssdm_op_Read.ap_auto.i20(i20 %data_8_V_read)" [firmware/nnet_utils/nnet_activation.h:64]   --->   Operation 9 'read' 'data_8_V_read_1' <Predicate = true> <Delay = 0.00>
ST_1 : Operation 10 [1/1] (0.00ns)   --->   "%data_7_V_read_1 = call i20 @_ssdm_op_Read.ap_auto.i20(i20 %data_7_V_read)" [firmware/nnet_utils/nnet_activation.h:64]   --->   Operation 10 'read' 'data_7_V_read_1' <Predicate = true> <Delay = 0.00>
ST_1 : Operation 11 [1/1] (0.00ns)   --->   "%data_6_V_read_1 = call i20 @_ssdm_op_Read.ap_auto.i20(i20 %data_6_V_read)" [firmware/nnet_utils/nnet_activation.h:64]   --->   Operation 11 'read' 'data_6_V_read_1' <Predicate = true> <Delay = 0.00>
ST_1 : Operation 12 [1/1] (0.00ns)   --->   "%data_5_V_read_1 = call i20 @_ssdm_op_Read.ap_auto.i20(i20 %data_5_V_read)" [firmware/nnet_utils/nnet_activation.h:64]   --->   Operation 12 'read' 'data_5_V_read_1' <Predicate = true> <Delay = 0.00>
ST_1 : Operation 13 [1/1] (0.00ns)   --->   "%data_4_V_read_1 = call i20 @_ssdm_op_Read.ap_auto.i20(i20 %data_4_V_read)" [firmware/nnet_utils/nnet_activation.h:64]   --->   Operation 13 'read' 'data_4_V_read_1' <Predicate = true> <Delay = 0.00>
ST_1 : Operation 14 [1/1] (0.00ns)   --->   "%data_3_V_read_1 = call i20 @_ssdm_op_Read.ap_auto.i20(i20 %data_3_V_read)" [firmware/nnet_utils/nnet_activation.h:64]   --->   Operation 14 'read' 'data_3_V_read_1' <Predicate = true> <Delay = 0.00>
ST_1 : Operation 15 [1/1] (0.00ns)   --->   "%data_2_V_read_1 = call i20 @_ssdm_op_Read.ap_auto.i20(i20 %data_2_V_read)" [firmware/nnet_utils/nnet_activation.h:64]   --->   Operation 15 'read' 'data_2_V_read_1' <Predicate = true> <Delay = 0.00>
ST_1 : Operation 16 [1/1] (0.00ns)   --->   "%data_1_V_read_1 = call i20 @_ssdm_op_Read.ap_auto.i20(i20 %data_1_V_read)" [firmware/nnet_utils/nnet_activation.h:64]   --->   Operation 16 'read' 'data_1_V_read_1' <Predicate = true> <Delay = 0.00>
ST_1 : Operation 17 [1/1] (0.00ns)   --->   "%data_0_V_read_1 = call i20 @_ssdm_op_Read.ap_auto.i20(i20 %data_0_V_read)" [firmware/nnet_utils/nnet_activation.h:64]   --->   Operation 17 'read' 'data_0_V_read_1' <Predicate = true> <Delay = 0.00>
ST_1 : Operation 18 [1/1] (0.00ns)   --->   "call void (...)* @_ssdm_op_SpecPipeline(i32 -1, i32 1, i32 1, i32 0, [1 x i8]* @p_str7) nounwind" [firmware/nnet_utils/nnet_activation.h:66]   --->   Operation 18 'specpipeline' <Predicate = true> <Delay = 0.00>
ST_1 : Operation 19 [1/1] (1.20ns)   --->   "%icmp_ln1494 = icmp sgt i20 %data_0_V_read_1, 0" [firmware/nnet_utils/nnet_activation.h:71]   --->   Operation 19 'icmp' 'icmp_ln1494' <Predicate = true> <Delay = 1.20> <Core = "Cmp">   --->   Core 25 'Cmp' <Latency = 0> <II = 1> <Delay = 0.86> <FuncUnit> <Opcode : 'icmp'> <InPorts = 2> <OutPorts = 1>
ST_1 : Operation 20 [1/1] (0.00ns)   --->   "%trunc_ln = call i5 @_ssdm_op_PartSelect.i5.i20.i32.i32(i20 %data_0_V_read_1, i32 7, i32 11)" [firmware/nnet_utils/nnet_activation.h:71]   --->   Operation 20 'partselect' 'trunc_ln' <Predicate = (icmp_ln1494)> <Delay = 0.00>
ST_1 : Operation 21 [1/1] (0.00ns) (grouped into LUT with out node select_ln1494)   --->   "%tmp = call i1 @_ssdm_op_BitSelect.i1.i20.i32(i20 %data_0_V_read_1, i32 11)" [firmware/nnet_utils/nnet_activation.h:71]   --->   Operation 21 'bitselect' 'tmp' <Predicate = (icmp_ln1494)> <Delay = 0.00>
ST_1 : Operation 22 [1/1] (0.00ns)   --->   "%tmp_1 = call i1 @_ssdm_op_BitSelect.i1.i20.i32(i20 %data_0_V_read_1, i32 6)" [firmware/nnet_utils/nnet_activation.h:71]   --->   Operation 22 'bitselect' 'tmp_1' <Predicate = (icmp_ln1494)> <Delay = 0.00>
ST_1 : Operation 23 [1/1] (0.00ns)   --->   "%zext_ln415 = zext i1 %tmp_1 to i5" [firmware/nnet_utils/nnet_activation.h:71]   --->   Operation 23 'zext' 'zext_ln415' <Predicate = (icmp_ln1494)> <Delay = 0.00>
ST_1 : Operation 24 [1/1] (1.09ns)   --->   "%add_ln415 = add i5 %zext_ln415, %trunc_ln" [firmware/nnet_utils/nnet_activation.h:71]   --->   Operation 24 'add' 'add_ln415' <Predicate = (icmp_ln1494)> <Delay = 1.09> <Core = "AddSub">   --->   Core 14 'AddSub' <Latency = 0> <II = 1> <Delay = 1.09> <FuncUnit> <Opcode : 'add' 'sub'> <InPorts = 2> <OutPorts = 1>
ST_1 : Operation 25 [1/1] (0.00ns) (grouped into LUT with out node select_ln1494)   --->   "%tmp_2 = call i1 @_ssdm_op_BitSelect.i1.i5.i32(i5 %add_ln415, i32 4)" [firmware/nnet_utils/nnet_activation.h:71]   --->   Operation 25 'bitselect' 'tmp_2' <Predicate = (icmp_ln1494)> <Delay = 0.00>
ST_1 : Operation 26 [1/1] (0.00ns) (grouped into LUT with out node select_ln1494)   --->   "%xor_ln416 = xor i1 %tmp_2, true" [firmware/nnet_utils/nnet_activation.h:71]   --->   Operation 26 'xor' 'xor_ln416' <Predicate = (icmp_ln1494)> <Delay = 0.00> <Core = "LogicGate">   --->   Core 27 'LogicGate' <Latency = 0> <II = 1> <Delay = 0.48> <FuncUnit> <Opcode : 'and' 'or' 'xor'> <InPorts = 2> <OutPorts = 1>
ST_1 : Operation 27 [1/1] (0.00ns) (grouped into LUT with out node select_ln1494)   --->   "%and_ln416 = and i1 %tmp, %xor_ln416" [firmware/nnet_utils/nnet_activation.h:71]   --->   Operation 27 'and' 'and_ln416' <Predicate = (icmp_ln1494)> <Delay = 0.00> <Core = "LogicGate">   --->   Core 27 'LogicGate' <Latency = 0> <II = 1> <Delay = 0.48> <FuncUnit> <Opcode : 'and' 'or' 'xor'> <InPorts = 2> <OutPorts = 1>
ST_1 : Operation 28 [1/1] (0.00ns)   --->   "%p_Result_2 = call i8 @_ssdm_op_PartSelect.i8.i20.i32.i32(i20 %data_0_V_read_1, i32 12, i32 19)" [firmware/nnet_utils/nnet_activation.h:71]   --->   Operation 28 'partselect' 'p_Result_2' <Predicate = (icmp_ln1494)> <Delay = 0.00>
ST_1 : Operation 29 [1/1] (0.86ns)   --->   "%icmp_ln879 = icmp eq i8 %p_Result_2, -1" [firmware/nnet_utils/nnet_activation.h:71]   --->   Operation 29 'icmp' 'icmp_ln879' <Predicate = (icmp_ln1494 & and_ln416)> <Delay = 0.86> <Core = "Cmp">   --->   Core 25 'Cmp' <Latency = 0> <II = 1> <Delay = 0.86> <FuncUnit> <Opcode : 'icmp'> <InPorts = 2> <OutPorts = 1>
ST_1 : Operation 30 [1/1] (0.86ns)   --->   "%icmp_ln768 = icmp eq i8 %p_Result_2, 0" [firmware/nnet_utils/nnet_activation.h:71]   --->   Operation 30 'icmp' 'icmp_ln768' <Predicate = (icmp_ln1494 & !and_ln416)> <Delay = 0.86> <Core = "Cmp">   --->   Core 25 'Cmp' <Latency = 0> <II = 1> <Delay = 0.86> <FuncUnit> <Opcode : 'icmp'> <InPorts = 2> <OutPorts = 1>
ST_1 : Operation 31 [1/1] (0.00ns) (grouped into LUT with out node select_ln1494)   --->   "%select_ln777 = select i1 %and_ln416, i1 %icmp_ln879, i1 %icmp_ln768" [firmware/nnet_utils/nnet_activation.h:71]   --->   Operation 31 'select' 'select_ln777' <Predicate = (icmp_ln1494)> <Delay = 0.00> <Core = "Sel">   --->   Core 26 'Sel' <Latency = 0> <II = 1> <Delay = 0.62> <FuncUnit> <Opcode : 'select'> <InPorts = 3> <OutPorts = 1>
ST_1 : Operation 32 [1/1] (0.00ns) (grouped into LUT with out node select_ln1494)   --->   "%select_ln340 = select i1 %select_ln777, i5 %add_ln415, i5 -1" [firmware/nnet_utils/nnet_activation.h:71]   --->   Operation 32 'select' 'select_ln340' <Predicate = (icmp_ln1494)> <Delay = 0.00> <Core = "Sel">   --->   Core 26 'Sel' <Latency = 0> <II = 1> <Delay = 0.62> <FuncUnit> <Opcode : 'select'> <InPorts = 3> <OutPorts = 1>
ST_1 : Operation 33 [1/1] (0.62ns) (out node of the LUT)   --->   "%select_ln1494 = select i1 %icmp_ln1494, i5 %select_ln340, i5 0" [firmware/nnet_utils/nnet_activation.h:71]   --->   Operation 33 'select' 'select_ln1494' <Predicate = true> <Delay = 0.62> <Core = "Sel">   --->   Core 26 'Sel' <Latency = 0> <II = 1> <Delay = 0.62> <FuncUnit> <Opcode : 'select'> <InPorts = 3> <OutPorts = 1>
ST_1 : Operation 34 [1/1] (1.20ns)   --->   "%icmp_ln1494_1 = icmp sgt i20 %data_1_V_read_1, 0" [firmware/nnet_utils/nnet_activation.h:71]   --->   Operation 34 'icmp' 'icmp_ln1494_1' <Predicate = true> <Delay = 1.20> <Core = "Cmp">   --->   Core 25 'Cmp' <Latency = 0> <II = 1> <Delay = 0.86> <FuncUnit> <Opcode : 'icmp'> <InPorts = 2> <OutPorts = 1>
ST_1 : Operation 35 [1/1] (0.00ns)   --->   "%trunc_ln708_1 = call i5 @_ssdm_op_PartSelect.i5.i20.i32.i32(i20 %data_1_V_read_1, i32 7, i32 11)" [firmware/nnet_utils/nnet_activation.h:71]   --->   Operation 35 'partselect' 'trunc_ln708_1' <Predicate = (icmp_ln1494_1)> <Delay = 0.00>
ST_1 : Operation 36 [1/1] (0.00ns) (grouped into LUT with out node select_ln1494_1)   --->   "%tmp_3 = call i1 @_ssdm_op_BitSelect.i1.i20.i32(i20 %data_1_V_read_1, i32 11)" [firmware/nnet_utils/nnet_activation.h:71]   --->   Operation 36 'bitselect' 'tmp_3' <Predicate = (icmp_ln1494_1)> <Delay = 0.00>
ST_1 : Operation 37 [1/1] (0.00ns)   --->   "%tmp_4 = call i1 @_ssdm_op_BitSelect.i1.i20.i32(i20 %data_1_V_read_1, i32 6)" [firmware/nnet_utils/nnet_activation.h:71]   --->   Operation 37 'bitselect' 'tmp_4' <Predicate = (icmp_ln1494_1)> <Delay = 0.00>
ST_1 : Operation 38 [1/1] (0.00ns)   --->   "%zext_ln415_1 = zext i1 %tmp_4 to i5" [firmware/nnet_utils/nnet_activation.h:71]   --->   Operation 38 'zext' 'zext_ln415_1' <Predicate = (icmp_ln1494_1)> <Delay = 0.00>
ST_1 : Operation 39 [1/1] (1.09ns)   --->   "%add_ln415_1 = add i5 %zext_ln415_1, %trunc_ln708_1" [firmware/nnet_utils/nnet_activation.h:71]   --->   Operation 39 'add' 'add_ln415_1' <Predicate = (icmp_ln1494_1)> <Delay = 1.09> <Core = "AddSub">   --->   Core 14 'AddSub' <Latency = 0> <II = 1> <Delay = 1.09> <FuncUnit> <Opcode : 'add' 'sub'> <InPorts = 2> <OutPorts = 1>
ST_1 : Operation 40 [1/1] (0.00ns) (grouped into LUT with out node select_ln1494_1)   --->   "%tmp_5 = call i1 @_ssdm_op_BitSelect.i1.i5.i32(i5 %add_ln415_1, i32 4)" [firmware/nnet_utils/nnet_activation.h:71]   --->   Operation 40 'bitselect' 'tmp_5' <Predicate = (icmp_ln1494_1)> <Delay = 0.00>
ST_1 : Operation 41 [1/1] (0.00ns) (grouped into LUT with out node select_ln1494_1)   --->   "%xor_ln416_1 = xor i1 %tmp_5, true" [firmware/nnet_utils/nnet_activation.h:71]   --->   Operation 41 'xor' 'xor_ln416_1' <Predicate = (icmp_ln1494_1)> <Delay = 0.00> <Core = "LogicGate">   --->   Core 27 'LogicGate' <Latency = 0> <II = 1> <Delay = 0.48> <FuncUnit> <Opcode : 'and' 'or' 'xor'> <InPorts = 2> <OutPorts = 1>
ST_1 : Operation 42 [1/1] (0.00ns) (grouped into LUT with out node select_ln1494_1)   --->   "%and_ln416_1 = and i1 %tmp_3, %xor_ln416_1" [firmware/nnet_utils/nnet_activation.h:71]   --->   Operation 42 'and' 'and_ln416_1' <Predicate = (icmp_ln1494_1)> <Delay = 0.00> <Core = "LogicGate">   --->   Core 27 'LogicGate' <Latency = 0> <II = 1> <Delay = 0.48> <FuncUnit> <Opcode : 'and' 'or' 'xor'> <InPorts = 2> <OutPorts = 1>
ST_1 : Operation 43 [1/1] (0.00ns)   --->   "%p_Result_2_1 = call i8 @_ssdm_op_PartSelect.i8.i20.i32.i32(i20 %data_1_V_read_1, i32 12, i32 19)" [firmware/nnet_utils/nnet_activation.h:71]   --->   Operation 43 'partselect' 'p_Result_2_1' <Predicate = (icmp_ln1494_1)> <Delay = 0.00>
ST_1 : Operation 44 [1/1] (0.86ns)   --->   "%icmp_ln879_1 = icmp eq i8 %p_Result_2_1, -1" [firmware/nnet_utils/nnet_activation.h:71]   --->   Operation 44 'icmp' 'icmp_ln879_1' <Predicate = (icmp_ln1494_1 & and_ln416_1)> <Delay = 0.86> <Core = "Cmp">   --->   Core 25 'Cmp' <Latency = 0> <II = 1> <Delay = 0.86> <FuncUnit> <Opcode : 'icmp'> <InPorts = 2> <OutPorts = 1>
ST_1 : Operation 45 [1/1] (0.86ns)   --->   "%icmp_ln768_1 = icmp eq i8 %p_Result_2_1, 0" [firmware/nnet_utils/nnet_activation.h:71]   --->   Operation 45 'icmp' 'icmp_ln768_1' <Predicate = (icmp_ln1494_1 & !and_ln416_1)> <Delay = 0.86> <Core = "Cmp">   --->   Core 25 'Cmp' <Latency = 0> <II = 1> <Delay = 0.86> <FuncUnit> <Opcode : 'icmp'> <InPorts = 2> <OutPorts = 1>
ST_1 : Operation 46 [1/1] (0.00ns) (grouped into LUT with out node select_ln1494_1)   --->   "%select_ln777_1 = select i1 %and_ln416_1, i1 %icmp_ln879_1, i1 %icmp_ln768_1" [firmware/nnet_utils/nnet_activation.h:71]   --->   Operation 46 'select' 'select_ln777_1' <Predicate = (icmp_ln1494_1)> <Delay = 0.00> <Core = "Sel">   --->   Core 26 'Sel' <Latency = 0> <II = 1> <Delay = 0.62> <FuncUnit> <Opcode : 'select'> <InPorts = 3> <OutPorts = 1>
ST_1 : Operation 47 [1/1] (0.00ns) (grouped into LUT with out node select_ln1494_1)   --->   "%select_ln340_1 = select i1 %select_ln777_1, i5 %add_ln415_1, i5 -1" [firmware/nnet_utils/nnet_activation.h:71]   --->   Operation 47 'select' 'select_ln340_1' <Predicate = (icmp_ln1494_1)> <Delay = 0.00> <Core = "Sel">   --->   Core 26 'Sel' <Latency = 0> <II = 1> <Delay = 0.62> <FuncUnit> <Opcode : 'select'> <InPorts = 3> <OutPorts = 1>
ST_1 : Operation 48 [1/1] (0.62ns) (out node of the LUT)   --->   "%select_ln1494_1 = select i1 %icmp_ln1494_1, i5 %select_ln340_1, i5 0" [firmware/nnet_utils/nnet_activation.h:71]   --->   Operation 48 'select' 'select_ln1494_1' <Predicate = true> <Delay = 0.62> <Core = "Sel">   --->   Core 26 'Sel' <Latency = 0> <II = 1> <Delay = 0.62> <FuncUnit> <Opcode : 'select'> <InPorts = 3> <OutPorts = 1>
ST_1 : Operation 49 [1/1] (1.20ns)   --->   "%icmp_ln1494_2 = icmp sgt i20 %data_2_V_read_1, 0" [firmware/nnet_utils/nnet_activation.h:71]   --->   Operation 49 'icmp' 'icmp_ln1494_2' <Predicate = true> <Delay = 1.20> <Core = "Cmp">   --->   Core 25 'Cmp' <Latency = 0> <II = 1> <Delay = 0.86> <FuncUnit> <Opcode : 'icmp'> <InPorts = 2> <OutPorts = 1>
ST_1 : Operation 50 [1/1] (0.00ns)   --->   "%trunc_ln708_2 = call i5 @_ssdm_op_PartSelect.i5.i20.i32.i32(i20 %data_2_V_read_1, i32 7, i32 11)" [firmware/nnet_utils/nnet_activation.h:71]   --->   Operation 50 'partselect' 'trunc_ln708_2' <Predicate = (icmp_ln1494_2)> <Delay = 0.00>
ST_1 : Operation 51 [1/1] (0.00ns) (grouped into LUT with out node select_ln1494_2)   --->   "%tmp_6 = call i1 @_ssdm_op_BitSelect.i1.i20.i32(i20 %data_2_V_read_1, i32 11)" [firmware/nnet_utils/nnet_activation.h:71]   --->   Operation 51 'bitselect' 'tmp_6' <Predicate = (icmp_ln1494_2)> <Delay = 0.00>
ST_1 : Operation 52 [1/1] (0.00ns)   --->   "%tmp_7 = call i1 @_ssdm_op_BitSelect.i1.i20.i32(i20 %data_2_V_read_1, i32 6)" [firmware/nnet_utils/nnet_activation.h:71]   --->   Operation 52 'bitselect' 'tmp_7' <Predicate = (icmp_ln1494_2)> <Delay = 0.00>
ST_1 : Operation 53 [1/1] (0.00ns)   --->   "%zext_ln415_2 = zext i1 %tmp_7 to i5" [firmware/nnet_utils/nnet_activation.h:71]   --->   Operation 53 'zext' 'zext_ln415_2' <Predicate = (icmp_ln1494_2)> <Delay = 0.00>
ST_1 : Operation 54 [1/1] (1.09ns)   --->   "%add_ln415_2 = add i5 %zext_ln415_2, %trunc_ln708_2" [firmware/nnet_utils/nnet_activation.h:71]   --->   Operation 54 'add' 'add_ln415_2' <Predicate = (icmp_ln1494_2)> <Delay = 1.09> <Core = "AddSub">   --->   Core 14 'AddSub' <Latency = 0> <II = 1> <Delay = 1.09> <FuncUnit> <Opcode : 'add' 'sub'> <InPorts = 2> <OutPorts = 1>
ST_1 : Operation 55 [1/1] (0.00ns) (grouped into LUT with out node select_ln1494_2)   --->   "%tmp_8 = call i1 @_ssdm_op_BitSelect.i1.i5.i32(i5 %add_ln415_2, i32 4)" [firmware/nnet_utils/nnet_activation.h:71]   --->   Operation 55 'bitselect' 'tmp_8' <Predicate = (icmp_ln1494_2)> <Delay = 0.00>
ST_1 : Operation 56 [1/1] (0.00ns) (grouped into LUT with out node select_ln1494_2)   --->   "%xor_ln416_2 = xor i1 %tmp_8, true" [firmware/nnet_utils/nnet_activation.h:71]   --->   Operation 56 'xor' 'xor_ln416_2' <Predicate = (icmp_ln1494_2)> <Delay = 0.00> <Core = "LogicGate">   --->   Core 27 'LogicGate' <Latency = 0> <II = 1> <Delay = 0.48> <FuncUnit> <Opcode : 'and' 'or' 'xor'> <InPorts = 2> <OutPorts = 1>
ST_1 : Operation 57 [1/1] (0.00ns) (grouped into LUT with out node select_ln1494_2)   --->   "%and_ln416_2 = and i1 %tmp_6, %xor_ln416_2" [firmware/nnet_utils/nnet_activation.h:71]   --->   Operation 57 'and' 'and_ln416_2' <Predicate = (icmp_ln1494_2)> <Delay = 0.00> <Core = "LogicGate">   --->   Core 27 'LogicGate' <Latency = 0> <II = 1> <Delay = 0.48> <FuncUnit> <Opcode : 'and' 'or' 'xor'> <InPorts = 2> <OutPorts = 1>
ST_1 : Operation 58 [1/1] (0.00ns)   --->   "%p_Result_2_2 = call i8 @_ssdm_op_PartSelect.i8.i20.i32.i32(i20 %data_2_V_read_1, i32 12, i32 19)" [firmware/nnet_utils/nnet_activation.h:71]   --->   Operation 58 'partselect' 'p_Result_2_2' <Predicate = (icmp_ln1494_2)> <Delay = 0.00>
ST_1 : Operation 59 [1/1] (0.86ns)   --->   "%icmp_ln879_2 = icmp eq i8 %p_Result_2_2, -1" [firmware/nnet_utils/nnet_activation.h:71]   --->   Operation 59 'icmp' 'icmp_ln879_2' <Predicate = (icmp_ln1494_2 & and_ln416_2)> <Delay = 0.86> <Core = "Cmp">   --->   Core 25 'Cmp' <Latency = 0> <II = 1> <Delay = 0.86> <FuncUnit> <Opcode : 'icmp'> <InPorts = 2> <OutPorts = 1>
ST_1 : Operation 60 [1/1] (0.86ns)   --->   "%icmp_ln768_2 = icmp eq i8 %p_Result_2_2, 0" [firmware/nnet_utils/nnet_activation.h:71]   --->   Operation 60 'icmp' 'icmp_ln768_2' <Predicate = (icmp_ln1494_2 & !and_ln416_2)> <Delay = 0.86> <Core = "Cmp">   --->   Core 25 'Cmp' <Latency = 0> <II = 1> <Delay = 0.86> <FuncUnit> <Opcode : 'icmp'> <InPorts = 2> <OutPorts = 1>
ST_1 : Operation 61 [1/1] (0.00ns) (grouped into LUT with out node select_ln1494_2)   --->   "%select_ln777_2 = select i1 %and_ln416_2, i1 %icmp_ln879_2, i1 %icmp_ln768_2" [firmware/nnet_utils/nnet_activation.h:71]   --->   Operation 61 'select' 'select_ln777_2' <Predicate = (icmp_ln1494_2)> <Delay = 0.00> <Core = "Sel">   --->   Core 26 'Sel' <Latency = 0> <II = 1> <Delay = 0.62> <FuncUnit> <Opcode : 'select'> <InPorts = 3> <OutPorts = 1>
ST_1 : Operation 62 [1/1] (0.00ns) (grouped into LUT with out node select_ln1494_2)   --->   "%select_ln340_2 = select i1 %select_ln777_2, i5 %add_ln415_2, i5 -1" [firmware/nnet_utils/nnet_activation.h:71]   --->   Operation 62 'select' 'select_ln340_2' <Predicate = (icmp_ln1494_2)> <Delay = 0.00> <Core = "Sel">   --->   Core 26 'Sel' <Latency = 0> <II = 1> <Delay = 0.62> <FuncUnit> <Opcode : 'select'> <InPorts = 3> <OutPorts = 1>
ST_1 : Operation 63 [1/1] (0.62ns) (out node of the LUT)   --->   "%select_ln1494_2 = select i1 %icmp_ln1494_2, i5 %select_ln340_2, i5 0" [firmware/nnet_utils/nnet_activation.h:71]   --->   Operation 63 'select' 'select_ln1494_2' <Predicate = true> <Delay = 0.62> <Core = "Sel">   --->   Core 26 'Sel' <Latency = 0> <II = 1> <Delay = 0.62> <FuncUnit> <Opcode : 'select'> <InPorts = 3> <OutPorts = 1>
ST_1 : Operation 64 [1/1] (1.20ns)   --->   "%icmp_ln1494_3 = icmp sgt i20 %data_3_V_read_1, 0" [firmware/nnet_utils/nnet_activation.h:71]   --->   Operation 64 'icmp' 'icmp_ln1494_3' <Predicate = true> <Delay = 1.20> <Core = "Cmp">   --->   Core 25 'Cmp' <Latency = 0> <II = 1> <Delay = 0.86> <FuncUnit> <Opcode : 'icmp'> <InPorts = 2> <OutPorts = 1>
ST_1 : Operation 65 [1/1] (0.00ns)   --->   "%trunc_ln708_3 = call i5 @_ssdm_op_PartSelect.i5.i20.i32.i32(i20 %data_3_V_read_1, i32 7, i32 11)" [firmware/nnet_utils/nnet_activation.h:71]   --->   Operation 65 'partselect' 'trunc_ln708_3' <Predicate = (icmp_ln1494_3)> <Delay = 0.00>
ST_1 : Operation 66 [1/1] (0.00ns) (grouped into LUT with out node select_ln1494_3)   --->   "%tmp_9 = call i1 @_ssdm_op_BitSelect.i1.i20.i32(i20 %data_3_V_read_1, i32 11)" [firmware/nnet_utils/nnet_activation.h:71]   --->   Operation 66 'bitselect' 'tmp_9' <Predicate = (icmp_ln1494_3)> <Delay = 0.00>
ST_1 : Operation 67 [1/1] (0.00ns)   --->   "%tmp_10 = call i1 @_ssdm_op_BitSelect.i1.i20.i32(i20 %data_3_V_read_1, i32 6)" [firmware/nnet_utils/nnet_activation.h:71]   --->   Operation 67 'bitselect' 'tmp_10' <Predicate = (icmp_ln1494_3)> <Delay = 0.00>
ST_1 : Operation 68 [1/1] (0.00ns)   --->   "%zext_ln415_3 = zext i1 %tmp_10 to i5" [firmware/nnet_utils/nnet_activation.h:71]   --->   Operation 68 'zext' 'zext_ln415_3' <Predicate = (icmp_ln1494_3)> <Delay = 0.00>
ST_1 : Operation 69 [1/1] (1.09ns)   --->   "%add_ln415_3 = add i5 %zext_ln415_3, %trunc_ln708_3" [firmware/nnet_utils/nnet_activation.h:71]   --->   Operation 69 'add' 'add_ln415_3' <Predicate = (icmp_ln1494_3)> <Delay = 1.09> <Core = "AddSub">   --->   Core 14 'AddSub' <Latency = 0> <II = 1> <Delay = 1.09> <FuncUnit> <Opcode : 'add' 'sub'> <InPorts = 2> <OutPorts = 1>
ST_1 : Operation 70 [1/1] (0.00ns) (grouped into LUT with out node select_ln1494_3)   --->   "%tmp_11 = call i1 @_ssdm_op_BitSelect.i1.i5.i32(i5 %add_ln415_3, i32 4)" [firmware/nnet_utils/nnet_activation.h:71]   --->   Operation 70 'bitselect' 'tmp_11' <Predicate = (icmp_ln1494_3)> <Delay = 0.00>
ST_1 : Operation 71 [1/1] (0.00ns) (grouped into LUT with out node select_ln1494_3)   --->   "%xor_ln416_3 = xor i1 %tmp_11, true" [firmware/nnet_utils/nnet_activation.h:71]   --->   Operation 71 'xor' 'xor_ln416_3' <Predicate = (icmp_ln1494_3)> <Delay = 0.00> <Core = "LogicGate">   --->   Core 27 'LogicGate' <Latency = 0> <II = 1> <Delay = 0.48> <FuncUnit> <Opcode : 'and' 'or' 'xor'> <InPorts = 2> <OutPorts = 1>
ST_1 : Operation 72 [1/1] (0.00ns) (grouped into LUT with out node select_ln1494_3)   --->   "%and_ln416_3 = and i1 %tmp_9, %xor_ln416_3" [firmware/nnet_utils/nnet_activation.h:71]   --->   Operation 72 'and' 'and_ln416_3' <Predicate = (icmp_ln1494_3)> <Delay = 0.00> <Core = "LogicGate">   --->   Core 27 'LogicGate' <Latency = 0> <II = 1> <Delay = 0.48> <FuncUnit> <Opcode : 'and' 'or' 'xor'> <InPorts = 2> <OutPorts = 1>
ST_1 : Operation 73 [1/1] (0.00ns)   --->   "%p_Result_2_3 = call i8 @_ssdm_op_PartSelect.i8.i20.i32.i32(i20 %data_3_V_read_1, i32 12, i32 19)" [firmware/nnet_utils/nnet_activation.h:71]   --->   Operation 73 'partselect' 'p_Result_2_3' <Predicate = (icmp_ln1494_3)> <Delay = 0.00>
ST_1 : Operation 74 [1/1] (0.86ns)   --->   "%icmp_ln879_3 = icmp eq i8 %p_Result_2_3, -1" [firmware/nnet_utils/nnet_activation.h:71]   --->   Operation 74 'icmp' 'icmp_ln879_3' <Predicate = (icmp_ln1494_3 & and_ln416_3)> <Delay = 0.86> <Core = "Cmp">   --->   Core 25 'Cmp' <Latency = 0> <II = 1> <Delay = 0.86> <FuncUnit> <Opcode : 'icmp'> <InPorts = 2> <OutPorts = 1>
ST_1 : Operation 75 [1/1] (0.86ns)   --->   "%icmp_ln768_3 = icmp eq i8 %p_Result_2_3, 0" [firmware/nnet_utils/nnet_activation.h:71]   --->   Operation 75 'icmp' 'icmp_ln768_3' <Predicate = (icmp_ln1494_3 & !and_ln416_3)> <Delay = 0.86> <Core = "Cmp">   --->   Core 25 'Cmp' <Latency = 0> <II = 1> <Delay = 0.86> <FuncUnit> <Opcode : 'icmp'> <InPorts = 2> <OutPorts = 1>
ST_1 : Operation 76 [1/1] (0.00ns) (grouped into LUT with out node select_ln1494_3)   --->   "%select_ln777_3 = select i1 %and_ln416_3, i1 %icmp_ln879_3, i1 %icmp_ln768_3" [firmware/nnet_utils/nnet_activation.h:71]   --->   Operation 76 'select' 'select_ln777_3' <Predicate = (icmp_ln1494_3)> <Delay = 0.00> <Core = "Sel">   --->   Core 26 'Sel' <Latency = 0> <II = 1> <Delay = 0.62> <FuncUnit> <Opcode : 'select'> <InPorts = 3> <OutPorts = 1>
ST_1 : Operation 77 [1/1] (0.00ns) (grouped into LUT with out node select_ln1494_3)   --->   "%select_ln340_3 = select i1 %select_ln777_3, i5 %add_ln415_3, i5 -1" [firmware/nnet_utils/nnet_activation.h:71]   --->   Operation 77 'select' 'select_ln340_3' <Predicate = (icmp_ln1494_3)> <Delay = 0.00> <Core = "Sel">   --->   Core 26 'Sel' <Latency = 0> <II = 1> <Delay = 0.62> <FuncUnit> <Opcode : 'select'> <InPorts = 3> <OutPorts = 1>
ST_1 : Operation 78 [1/1] (0.62ns) (out node of the LUT)   --->   "%select_ln1494_3 = select i1 %icmp_ln1494_3, i5 %select_ln340_3, i5 0" [firmware/nnet_utils/nnet_activation.h:71]   --->   Operation 78 'select' 'select_ln1494_3' <Predicate = true> <Delay = 0.62> <Core = "Sel">   --->   Core 26 'Sel' <Latency = 0> <II = 1> <Delay = 0.62> <FuncUnit> <Opcode : 'select'> <InPorts = 3> <OutPorts = 1>
ST_1 : Operation 79 [1/1] (1.20ns)   --->   "%icmp_ln1494_4 = icmp sgt i20 %data_4_V_read_1, 0" [firmware/nnet_utils/nnet_activation.h:71]   --->   Operation 79 'icmp' 'icmp_ln1494_4' <Predicate = true> <Delay = 1.20> <Core = "Cmp">   --->   Core 25 'Cmp' <Latency = 0> <II = 1> <Delay = 0.86> <FuncUnit> <Opcode : 'icmp'> <InPorts = 2> <OutPorts = 1>
ST_1 : Operation 80 [1/1] (0.00ns)   --->   "%trunc_ln708_4 = call i5 @_ssdm_op_PartSelect.i5.i20.i32.i32(i20 %data_4_V_read_1, i32 7, i32 11)" [firmware/nnet_utils/nnet_activation.h:71]   --->   Operation 80 'partselect' 'trunc_ln708_4' <Predicate = (icmp_ln1494_4)> <Delay = 0.00>
ST_1 : Operation 81 [1/1] (0.00ns) (grouped into LUT with out node select_ln1494_4)   --->   "%tmp_12 = call i1 @_ssdm_op_BitSelect.i1.i20.i32(i20 %data_4_V_read_1, i32 11)" [firmware/nnet_utils/nnet_activation.h:71]   --->   Operation 81 'bitselect' 'tmp_12' <Predicate = (icmp_ln1494_4)> <Delay = 0.00>
ST_1 : Operation 82 [1/1] (0.00ns)   --->   "%tmp_13 = call i1 @_ssdm_op_BitSelect.i1.i20.i32(i20 %data_4_V_read_1, i32 6)" [firmware/nnet_utils/nnet_activation.h:71]   --->   Operation 82 'bitselect' 'tmp_13' <Predicate = (icmp_ln1494_4)> <Delay = 0.00>
ST_1 : Operation 83 [1/1] (0.00ns)   --->   "%zext_ln415_4 = zext i1 %tmp_13 to i5" [firmware/nnet_utils/nnet_activation.h:71]   --->   Operation 83 'zext' 'zext_ln415_4' <Predicate = (icmp_ln1494_4)> <Delay = 0.00>
ST_1 : Operation 84 [1/1] (1.09ns)   --->   "%add_ln415_4 = add i5 %zext_ln415_4, %trunc_ln708_4" [firmware/nnet_utils/nnet_activation.h:71]   --->   Operation 84 'add' 'add_ln415_4' <Predicate = (icmp_ln1494_4)> <Delay = 1.09> <Core = "AddSub">   --->   Core 14 'AddSub' <Latency = 0> <II = 1> <Delay = 1.09> <FuncUnit> <Opcode : 'add' 'sub'> <InPorts = 2> <OutPorts = 1>
ST_1 : Operation 85 [1/1] (0.00ns) (grouped into LUT with out node select_ln1494_4)   --->   "%tmp_14 = call i1 @_ssdm_op_BitSelect.i1.i5.i32(i5 %add_ln415_4, i32 4)" [firmware/nnet_utils/nnet_activation.h:71]   --->   Operation 85 'bitselect' 'tmp_14' <Predicate = (icmp_ln1494_4)> <Delay = 0.00>
ST_1 : Operation 86 [1/1] (0.00ns) (grouped into LUT with out node select_ln1494_4)   --->   "%xor_ln416_4 = xor i1 %tmp_14, true" [firmware/nnet_utils/nnet_activation.h:71]   --->   Operation 86 'xor' 'xor_ln416_4' <Predicate = (icmp_ln1494_4)> <Delay = 0.00> <Core = "LogicGate">   --->   Core 27 'LogicGate' <Latency = 0> <II = 1> <Delay = 0.48> <FuncUnit> <Opcode : 'and' 'or' 'xor'> <InPorts = 2> <OutPorts = 1>
ST_1 : Operation 87 [1/1] (0.00ns) (grouped into LUT with out node select_ln1494_4)   --->   "%and_ln416_4 = and i1 %tmp_12, %xor_ln416_4" [firmware/nnet_utils/nnet_activation.h:71]   --->   Operation 87 'and' 'and_ln416_4' <Predicate = (icmp_ln1494_4)> <Delay = 0.00> <Core = "LogicGate">   --->   Core 27 'LogicGate' <Latency = 0> <II = 1> <Delay = 0.48> <FuncUnit> <Opcode : 'and' 'or' 'xor'> <InPorts = 2> <OutPorts = 1>
ST_1 : Operation 88 [1/1] (0.00ns)   --->   "%p_Result_2_4 = call i8 @_ssdm_op_PartSelect.i8.i20.i32.i32(i20 %data_4_V_read_1, i32 12, i32 19)" [firmware/nnet_utils/nnet_activation.h:71]   --->   Operation 88 'partselect' 'p_Result_2_4' <Predicate = (icmp_ln1494_4)> <Delay = 0.00>
ST_1 : Operation 89 [1/1] (0.86ns)   --->   "%icmp_ln879_4 = icmp eq i8 %p_Result_2_4, -1" [firmware/nnet_utils/nnet_activation.h:71]   --->   Operation 89 'icmp' 'icmp_ln879_4' <Predicate = (icmp_ln1494_4 & and_ln416_4)> <Delay = 0.86> <Core = "Cmp">   --->   Core 25 'Cmp' <Latency = 0> <II = 1> <Delay = 0.86> <FuncUnit> <Opcode : 'icmp'> <InPorts = 2> <OutPorts = 1>
ST_1 : Operation 90 [1/1] (0.86ns)   --->   "%icmp_ln768_4 = icmp eq i8 %p_Result_2_4, 0" [firmware/nnet_utils/nnet_activation.h:71]   --->   Operation 90 'icmp' 'icmp_ln768_4' <Predicate = (icmp_ln1494_4 & !and_ln416_4)> <Delay = 0.86> <Core = "Cmp">   --->   Core 25 'Cmp' <Latency = 0> <II = 1> <Delay = 0.86> <FuncUnit> <Opcode : 'icmp'> <InPorts = 2> <OutPorts = 1>
ST_1 : Operation 91 [1/1] (0.00ns) (grouped into LUT with out node select_ln1494_4)   --->   "%select_ln777_4 = select i1 %and_ln416_4, i1 %icmp_ln879_4, i1 %icmp_ln768_4" [firmware/nnet_utils/nnet_activation.h:71]   --->   Operation 91 'select' 'select_ln777_4' <Predicate = (icmp_ln1494_4)> <Delay = 0.00> <Core = "Sel">   --->   Core 26 'Sel' <Latency = 0> <II = 1> <Delay = 0.62> <FuncUnit> <Opcode : 'select'> <InPorts = 3> <OutPorts = 1>
ST_1 : Operation 92 [1/1] (0.00ns) (grouped into LUT with out node select_ln1494_4)   --->   "%select_ln340_4 = select i1 %select_ln777_4, i5 %add_ln415_4, i5 -1" [firmware/nnet_utils/nnet_activation.h:71]   --->   Operation 92 'select' 'select_ln340_4' <Predicate = (icmp_ln1494_4)> <Delay = 0.00> <Core = "Sel">   --->   Core 26 'Sel' <Latency = 0> <II = 1> <Delay = 0.62> <FuncUnit> <Opcode : 'select'> <InPorts = 3> <OutPorts = 1>
ST_1 : Operation 93 [1/1] (0.62ns) (out node of the LUT)   --->   "%select_ln1494_4 = select i1 %icmp_ln1494_4, i5 %select_ln340_4, i5 0" [firmware/nnet_utils/nnet_activation.h:71]   --->   Operation 93 'select' 'select_ln1494_4' <Predicate = true> <Delay = 0.62> <Core = "Sel">   --->   Core 26 'Sel' <Latency = 0> <II = 1> <Delay = 0.62> <FuncUnit> <Opcode : 'select'> <InPorts = 3> <OutPorts = 1>
ST_1 : Operation 94 [1/1] (1.20ns)   --->   "%icmp_ln1494_5 = icmp sgt i20 %data_5_V_read_1, 0" [firmware/nnet_utils/nnet_activation.h:71]   --->   Operation 94 'icmp' 'icmp_ln1494_5' <Predicate = true> <Delay = 1.20> <Core = "Cmp">   --->   Core 25 'Cmp' <Latency = 0> <II = 1> <Delay = 0.86> <FuncUnit> <Opcode : 'icmp'> <InPorts = 2> <OutPorts = 1>
ST_1 : Operation 95 [1/1] (0.00ns)   --->   "%trunc_ln708_5 = call i5 @_ssdm_op_PartSelect.i5.i20.i32.i32(i20 %data_5_V_read_1, i32 7, i32 11)" [firmware/nnet_utils/nnet_activation.h:71]   --->   Operation 95 'partselect' 'trunc_ln708_5' <Predicate = (icmp_ln1494_5)> <Delay = 0.00>
ST_1 : Operation 96 [1/1] (0.00ns) (grouped into LUT with out node select_ln1494_5)   --->   "%tmp_15 = call i1 @_ssdm_op_BitSelect.i1.i20.i32(i20 %data_5_V_read_1, i32 11)" [firmware/nnet_utils/nnet_activation.h:71]   --->   Operation 96 'bitselect' 'tmp_15' <Predicate = (icmp_ln1494_5)> <Delay = 0.00>
ST_1 : Operation 97 [1/1] (0.00ns)   --->   "%tmp_16 = call i1 @_ssdm_op_BitSelect.i1.i20.i32(i20 %data_5_V_read_1, i32 6)" [firmware/nnet_utils/nnet_activation.h:71]   --->   Operation 97 'bitselect' 'tmp_16' <Predicate = (icmp_ln1494_5)> <Delay = 0.00>
ST_1 : Operation 98 [1/1] (0.00ns)   --->   "%zext_ln415_5 = zext i1 %tmp_16 to i5" [firmware/nnet_utils/nnet_activation.h:71]   --->   Operation 98 'zext' 'zext_ln415_5' <Predicate = (icmp_ln1494_5)> <Delay = 0.00>
ST_1 : Operation 99 [1/1] (1.09ns)   --->   "%add_ln415_5 = add i5 %zext_ln415_5, %trunc_ln708_5" [firmware/nnet_utils/nnet_activation.h:71]   --->   Operation 99 'add' 'add_ln415_5' <Predicate = (icmp_ln1494_5)> <Delay = 1.09> <Core = "AddSub">   --->   Core 14 'AddSub' <Latency = 0> <II = 1> <Delay = 1.09> <FuncUnit> <Opcode : 'add' 'sub'> <InPorts = 2> <OutPorts = 1>
ST_1 : Operation 100 [1/1] (0.00ns) (grouped into LUT with out node select_ln1494_5)   --->   "%tmp_17 = call i1 @_ssdm_op_BitSelect.i1.i5.i32(i5 %add_ln415_5, i32 4)" [firmware/nnet_utils/nnet_activation.h:71]   --->   Operation 100 'bitselect' 'tmp_17' <Predicate = (icmp_ln1494_5)> <Delay = 0.00>
ST_1 : Operation 101 [1/1] (0.00ns) (grouped into LUT with out node select_ln1494_5)   --->   "%xor_ln416_5 = xor i1 %tmp_17, true" [firmware/nnet_utils/nnet_activation.h:71]   --->   Operation 101 'xor' 'xor_ln416_5' <Predicate = (icmp_ln1494_5)> <Delay = 0.00> <Core = "LogicGate">   --->   Core 27 'LogicGate' <Latency = 0> <II = 1> <Delay = 0.48> <FuncUnit> <Opcode : 'and' 'or' 'xor'> <InPorts = 2> <OutPorts = 1>
ST_1 : Operation 102 [1/1] (0.00ns) (grouped into LUT with out node select_ln1494_5)   --->   "%and_ln416_5 = and i1 %tmp_15, %xor_ln416_5" [firmware/nnet_utils/nnet_activation.h:71]   --->   Operation 102 'and' 'and_ln416_5' <Predicate = (icmp_ln1494_5)> <Delay = 0.00> <Core = "LogicGate">   --->   Core 27 'LogicGate' <Latency = 0> <II = 1> <Delay = 0.48> <FuncUnit> <Opcode : 'and' 'or' 'xor'> <InPorts = 2> <OutPorts = 1>
ST_1 : Operation 103 [1/1] (0.00ns)   --->   "%p_Result_2_5 = call i8 @_ssdm_op_PartSelect.i8.i20.i32.i32(i20 %data_5_V_read_1, i32 12, i32 19)" [firmware/nnet_utils/nnet_activation.h:71]   --->   Operation 103 'partselect' 'p_Result_2_5' <Predicate = (icmp_ln1494_5)> <Delay = 0.00>
ST_1 : Operation 104 [1/1] (0.86ns)   --->   "%icmp_ln879_5 = icmp eq i8 %p_Result_2_5, -1" [firmware/nnet_utils/nnet_activation.h:71]   --->   Operation 104 'icmp' 'icmp_ln879_5' <Predicate = (icmp_ln1494_5 & and_ln416_5)> <Delay = 0.86> <Core = "Cmp">   --->   Core 25 'Cmp' <Latency = 0> <II = 1> <Delay = 0.86> <FuncUnit> <Opcode : 'icmp'> <InPorts = 2> <OutPorts = 1>
ST_1 : Operation 105 [1/1] (0.86ns)   --->   "%icmp_ln768_5 = icmp eq i8 %p_Result_2_5, 0" [firmware/nnet_utils/nnet_activation.h:71]   --->   Operation 105 'icmp' 'icmp_ln768_5' <Predicate = (icmp_ln1494_5 & !and_ln416_5)> <Delay = 0.86> <Core = "Cmp">   --->   Core 25 'Cmp' <Latency = 0> <II = 1> <Delay = 0.86> <FuncUnit> <Opcode : 'icmp'> <InPorts = 2> <OutPorts = 1>
ST_1 : Operation 106 [1/1] (0.00ns) (grouped into LUT with out node select_ln1494_5)   --->   "%select_ln777_5 = select i1 %and_ln416_5, i1 %icmp_ln879_5, i1 %icmp_ln768_5" [firmware/nnet_utils/nnet_activation.h:71]   --->   Operation 106 'select' 'select_ln777_5' <Predicate = (icmp_ln1494_5)> <Delay = 0.00> <Core = "Sel">   --->   Core 26 'Sel' <Latency = 0> <II = 1> <Delay = 0.62> <FuncUnit> <Opcode : 'select'> <InPorts = 3> <OutPorts = 1>
ST_1 : Operation 107 [1/1] (0.00ns) (grouped into LUT with out node select_ln1494_5)   --->   "%select_ln340_5 = select i1 %select_ln777_5, i5 %add_ln415_5, i5 -1" [firmware/nnet_utils/nnet_activation.h:71]   --->   Operation 107 'select' 'select_ln340_5' <Predicate = (icmp_ln1494_5)> <Delay = 0.00> <Core = "Sel">   --->   Core 26 'Sel' <Latency = 0> <II = 1> <Delay = 0.62> <FuncUnit> <Opcode : 'select'> <InPorts = 3> <OutPorts = 1>
ST_1 : Operation 108 [1/1] (0.62ns) (out node of the LUT)   --->   "%select_ln1494_5 = select i1 %icmp_ln1494_5, i5 %select_ln340_5, i5 0" [firmware/nnet_utils/nnet_activation.h:71]   --->   Operation 108 'select' 'select_ln1494_5' <Predicate = true> <Delay = 0.62> <Core = "Sel">   --->   Core 26 'Sel' <Latency = 0> <II = 1> <Delay = 0.62> <FuncUnit> <Opcode : 'select'> <InPorts = 3> <OutPorts = 1>
ST_1 : Operation 109 [1/1] (1.20ns)   --->   "%icmp_ln1494_6 = icmp sgt i20 %data_6_V_read_1, 0" [firmware/nnet_utils/nnet_activation.h:71]   --->   Operation 109 'icmp' 'icmp_ln1494_6' <Predicate = true> <Delay = 1.20> <Core = "Cmp">   --->   Core 25 'Cmp' <Latency = 0> <II = 1> <Delay = 0.86> <FuncUnit> <Opcode : 'icmp'> <InPorts = 2> <OutPorts = 1>
ST_1 : Operation 110 [1/1] (0.00ns)   --->   "%trunc_ln708_6 = call i5 @_ssdm_op_PartSelect.i5.i20.i32.i32(i20 %data_6_V_read_1, i32 7, i32 11)" [firmware/nnet_utils/nnet_activation.h:71]   --->   Operation 110 'partselect' 'trunc_ln708_6' <Predicate = (icmp_ln1494_6)> <Delay = 0.00>
ST_1 : Operation 111 [1/1] (0.00ns) (grouped into LUT with out node select_ln1494_6)   --->   "%tmp_18 = call i1 @_ssdm_op_BitSelect.i1.i20.i32(i20 %data_6_V_read_1, i32 11)" [firmware/nnet_utils/nnet_activation.h:71]   --->   Operation 111 'bitselect' 'tmp_18' <Predicate = (icmp_ln1494_6)> <Delay = 0.00>
ST_1 : Operation 112 [1/1] (0.00ns)   --->   "%tmp_19 = call i1 @_ssdm_op_BitSelect.i1.i20.i32(i20 %data_6_V_read_1, i32 6)" [firmware/nnet_utils/nnet_activation.h:71]   --->   Operation 112 'bitselect' 'tmp_19' <Predicate = (icmp_ln1494_6)> <Delay = 0.00>
ST_1 : Operation 113 [1/1] (0.00ns)   --->   "%zext_ln415_6 = zext i1 %tmp_19 to i5" [firmware/nnet_utils/nnet_activation.h:71]   --->   Operation 113 'zext' 'zext_ln415_6' <Predicate = (icmp_ln1494_6)> <Delay = 0.00>
ST_1 : Operation 114 [1/1] (1.09ns)   --->   "%add_ln415_6 = add i5 %zext_ln415_6, %trunc_ln708_6" [firmware/nnet_utils/nnet_activation.h:71]   --->   Operation 114 'add' 'add_ln415_6' <Predicate = (icmp_ln1494_6)> <Delay = 1.09> <Core = "AddSub">   --->   Core 14 'AddSub' <Latency = 0> <II = 1> <Delay = 1.09> <FuncUnit> <Opcode : 'add' 'sub'> <InPorts = 2> <OutPorts = 1>
ST_1 : Operation 115 [1/1] (0.00ns) (grouped into LUT with out node select_ln1494_6)   --->   "%tmp_20 = call i1 @_ssdm_op_BitSelect.i1.i5.i32(i5 %add_ln415_6, i32 4)" [firmware/nnet_utils/nnet_activation.h:71]   --->   Operation 115 'bitselect' 'tmp_20' <Predicate = (icmp_ln1494_6)> <Delay = 0.00>
ST_1 : Operation 116 [1/1] (0.00ns) (grouped into LUT with out node select_ln1494_6)   --->   "%xor_ln416_6 = xor i1 %tmp_20, true" [firmware/nnet_utils/nnet_activation.h:71]   --->   Operation 116 'xor' 'xor_ln416_6' <Predicate = (icmp_ln1494_6)> <Delay = 0.00> <Core = "LogicGate">   --->   Core 27 'LogicGate' <Latency = 0> <II = 1> <Delay = 0.48> <FuncUnit> <Opcode : 'and' 'or' 'xor'> <InPorts = 2> <OutPorts = 1>
ST_1 : Operation 117 [1/1] (0.00ns) (grouped into LUT with out node select_ln1494_6)   --->   "%and_ln416_6 = and i1 %tmp_18, %xor_ln416_6" [firmware/nnet_utils/nnet_activation.h:71]   --->   Operation 117 'and' 'and_ln416_6' <Predicate = (icmp_ln1494_6)> <Delay = 0.00> <Core = "LogicGate">   --->   Core 27 'LogicGate' <Latency = 0> <II = 1> <Delay = 0.48> <FuncUnit> <Opcode : 'and' 'or' 'xor'> <InPorts = 2> <OutPorts = 1>
ST_1 : Operation 118 [1/1] (0.00ns)   --->   "%p_Result_2_6 = call i8 @_ssdm_op_PartSelect.i8.i20.i32.i32(i20 %data_6_V_read_1, i32 12, i32 19)" [firmware/nnet_utils/nnet_activation.h:71]   --->   Operation 118 'partselect' 'p_Result_2_6' <Predicate = (icmp_ln1494_6)> <Delay = 0.00>
ST_1 : Operation 119 [1/1] (0.86ns)   --->   "%icmp_ln879_6 = icmp eq i8 %p_Result_2_6, -1" [firmware/nnet_utils/nnet_activation.h:71]   --->   Operation 119 'icmp' 'icmp_ln879_6' <Predicate = (icmp_ln1494_6 & and_ln416_6)> <Delay = 0.86> <Core = "Cmp">   --->   Core 25 'Cmp' <Latency = 0> <II = 1> <Delay = 0.86> <FuncUnit> <Opcode : 'icmp'> <InPorts = 2> <OutPorts = 1>
ST_1 : Operation 120 [1/1] (0.86ns)   --->   "%icmp_ln768_6 = icmp eq i8 %p_Result_2_6, 0" [firmware/nnet_utils/nnet_activation.h:71]   --->   Operation 120 'icmp' 'icmp_ln768_6' <Predicate = (icmp_ln1494_6 & !and_ln416_6)> <Delay = 0.86> <Core = "Cmp">   --->   Core 25 'Cmp' <Latency = 0> <II = 1> <Delay = 0.86> <FuncUnit> <Opcode : 'icmp'> <InPorts = 2> <OutPorts = 1>
ST_1 : Operation 121 [1/1] (0.00ns) (grouped into LUT with out node select_ln1494_6)   --->   "%select_ln777_6 = select i1 %and_ln416_6, i1 %icmp_ln879_6, i1 %icmp_ln768_6" [firmware/nnet_utils/nnet_activation.h:71]   --->   Operation 121 'select' 'select_ln777_6' <Predicate = (icmp_ln1494_6)> <Delay = 0.00> <Core = "Sel">   --->   Core 26 'Sel' <Latency = 0> <II = 1> <Delay = 0.62> <FuncUnit> <Opcode : 'select'> <InPorts = 3> <OutPorts = 1>
ST_1 : Operation 122 [1/1] (0.00ns) (grouped into LUT with out node select_ln1494_6)   --->   "%select_ln340_6 = select i1 %select_ln777_6, i5 %add_ln415_6, i5 -1" [firmware/nnet_utils/nnet_activation.h:71]   --->   Operation 122 'select' 'select_ln340_6' <Predicate = (icmp_ln1494_6)> <Delay = 0.00> <Core = "Sel">   --->   Core 26 'Sel' <Latency = 0> <II = 1> <Delay = 0.62> <FuncUnit> <Opcode : 'select'> <InPorts = 3> <OutPorts = 1>
ST_1 : Operation 123 [1/1] (0.62ns) (out node of the LUT)   --->   "%select_ln1494_6 = select i1 %icmp_ln1494_6, i5 %select_ln340_6, i5 0" [firmware/nnet_utils/nnet_activation.h:71]   --->   Operation 123 'select' 'select_ln1494_6' <Predicate = true> <Delay = 0.62> <Core = "Sel">   --->   Core 26 'Sel' <Latency = 0> <II = 1> <Delay = 0.62> <FuncUnit> <Opcode : 'select'> <InPorts = 3> <OutPorts = 1>
ST_1 : Operation 124 [1/1] (1.20ns)   --->   "%icmp_ln1494_7 = icmp sgt i20 %data_7_V_read_1, 0" [firmware/nnet_utils/nnet_activation.h:71]   --->   Operation 124 'icmp' 'icmp_ln1494_7' <Predicate = true> <Delay = 1.20> <Core = "Cmp">   --->   Core 25 'Cmp' <Latency = 0> <II = 1> <Delay = 0.86> <FuncUnit> <Opcode : 'icmp'> <InPorts = 2> <OutPorts = 1>
ST_1 : Operation 125 [1/1] (0.00ns)   --->   "%trunc_ln708_7 = call i5 @_ssdm_op_PartSelect.i5.i20.i32.i32(i20 %data_7_V_read_1, i32 7, i32 11)" [firmware/nnet_utils/nnet_activation.h:71]   --->   Operation 125 'partselect' 'trunc_ln708_7' <Predicate = (icmp_ln1494_7)> <Delay = 0.00>
ST_1 : Operation 126 [1/1] (0.00ns) (grouped into LUT with out node select_ln1494_7)   --->   "%tmp_21 = call i1 @_ssdm_op_BitSelect.i1.i20.i32(i20 %data_7_V_read_1, i32 11)" [firmware/nnet_utils/nnet_activation.h:71]   --->   Operation 126 'bitselect' 'tmp_21' <Predicate = (icmp_ln1494_7)> <Delay = 0.00>
ST_1 : Operation 127 [1/1] (0.00ns)   --->   "%tmp_22 = call i1 @_ssdm_op_BitSelect.i1.i20.i32(i20 %data_7_V_read_1, i32 6)" [firmware/nnet_utils/nnet_activation.h:71]   --->   Operation 127 'bitselect' 'tmp_22' <Predicate = (icmp_ln1494_7)> <Delay = 0.00>
ST_1 : Operation 128 [1/1] (0.00ns)   --->   "%zext_ln415_7 = zext i1 %tmp_22 to i5" [firmware/nnet_utils/nnet_activation.h:71]   --->   Operation 128 'zext' 'zext_ln415_7' <Predicate = (icmp_ln1494_7)> <Delay = 0.00>
ST_1 : Operation 129 [1/1] (1.09ns)   --->   "%add_ln415_7 = add i5 %zext_ln415_7, %trunc_ln708_7" [firmware/nnet_utils/nnet_activation.h:71]   --->   Operation 129 'add' 'add_ln415_7' <Predicate = (icmp_ln1494_7)> <Delay = 1.09> <Core = "AddSub">   --->   Core 14 'AddSub' <Latency = 0> <II = 1> <Delay = 1.09> <FuncUnit> <Opcode : 'add' 'sub'> <InPorts = 2> <OutPorts = 1>
ST_1 : Operation 130 [1/1] (0.00ns) (grouped into LUT with out node select_ln1494_7)   --->   "%tmp_23 = call i1 @_ssdm_op_BitSelect.i1.i5.i32(i5 %add_ln415_7, i32 4)" [firmware/nnet_utils/nnet_activation.h:71]   --->   Operation 130 'bitselect' 'tmp_23' <Predicate = (icmp_ln1494_7)> <Delay = 0.00>
ST_1 : Operation 131 [1/1] (0.00ns) (grouped into LUT with out node select_ln1494_7)   --->   "%xor_ln416_7 = xor i1 %tmp_23, true" [firmware/nnet_utils/nnet_activation.h:71]   --->   Operation 131 'xor' 'xor_ln416_7' <Predicate = (icmp_ln1494_7)> <Delay = 0.00> <Core = "LogicGate">   --->   Core 27 'LogicGate' <Latency = 0> <II = 1> <Delay = 0.48> <FuncUnit> <Opcode : 'and' 'or' 'xor'> <InPorts = 2> <OutPorts = 1>
ST_1 : Operation 132 [1/1] (0.00ns) (grouped into LUT with out node select_ln1494_7)   --->   "%and_ln416_7 = and i1 %tmp_21, %xor_ln416_7" [firmware/nnet_utils/nnet_activation.h:71]   --->   Operation 132 'and' 'and_ln416_7' <Predicate = (icmp_ln1494_7)> <Delay = 0.00> <Core = "LogicGate">   --->   Core 27 'LogicGate' <Latency = 0> <II = 1> <Delay = 0.48> <FuncUnit> <Opcode : 'and' 'or' 'xor'> <InPorts = 2> <OutPorts = 1>
ST_1 : Operation 133 [1/1] (0.00ns)   --->   "%p_Result_2_7 = call i8 @_ssdm_op_PartSelect.i8.i20.i32.i32(i20 %data_7_V_read_1, i32 12, i32 19)" [firmware/nnet_utils/nnet_activation.h:71]   --->   Operation 133 'partselect' 'p_Result_2_7' <Predicate = (icmp_ln1494_7)> <Delay = 0.00>
ST_1 : Operation 134 [1/1] (0.86ns)   --->   "%icmp_ln879_7 = icmp eq i8 %p_Result_2_7, -1" [firmware/nnet_utils/nnet_activation.h:71]   --->   Operation 134 'icmp' 'icmp_ln879_7' <Predicate = (icmp_ln1494_7 & and_ln416_7)> <Delay = 0.86> <Core = "Cmp">   --->   Core 25 'Cmp' <Latency = 0> <II = 1> <Delay = 0.86> <FuncUnit> <Opcode : 'icmp'> <InPorts = 2> <OutPorts = 1>
ST_1 : Operation 135 [1/1] (0.86ns)   --->   "%icmp_ln768_7 = icmp eq i8 %p_Result_2_7, 0" [firmware/nnet_utils/nnet_activation.h:71]   --->   Operation 135 'icmp' 'icmp_ln768_7' <Predicate = (icmp_ln1494_7 & !and_ln416_7)> <Delay = 0.86> <Core = "Cmp">   --->   Core 25 'Cmp' <Latency = 0> <II = 1> <Delay = 0.86> <FuncUnit> <Opcode : 'icmp'> <InPorts = 2> <OutPorts = 1>
ST_1 : Operation 136 [1/1] (0.00ns) (grouped into LUT with out node select_ln1494_7)   --->   "%select_ln777_7 = select i1 %and_ln416_7, i1 %icmp_ln879_7, i1 %icmp_ln768_7" [firmware/nnet_utils/nnet_activation.h:71]   --->   Operation 136 'select' 'select_ln777_7' <Predicate = (icmp_ln1494_7)> <Delay = 0.00> <Core = "Sel">   --->   Core 26 'Sel' <Latency = 0> <II = 1> <Delay = 0.62> <FuncUnit> <Opcode : 'select'> <InPorts = 3> <OutPorts = 1>
ST_1 : Operation 137 [1/1] (0.00ns) (grouped into LUT with out node select_ln1494_7)   --->   "%select_ln340_7 = select i1 %select_ln777_7, i5 %add_ln415_7, i5 -1" [firmware/nnet_utils/nnet_activation.h:71]   --->   Operation 137 'select' 'select_ln340_7' <Predicate = (icmp_ln1494_7)> <Delay = 0.00> <Core = "Sel">   --->   Core 26 'Sel' <Latency = 0> <II = 1> <Delay = 0.62> <FuncUnit> <Opcode : 'select'> <InPorts = 3> <OutPorts = 1>
ST_1 : Operation 138 [1/1] (0.62ns) (out node of the LUT)   --->   "%select_ln1494_7 = select i1 %icmp_ln1494_7, i5 %select_ln340_7, i5 0" [firmware/nnet_utils/nnet_activation.h:71]   --->   Operation 138 'select' 'select_ln1494_7' <Predicate = true> <Delay = 0.62> <Core = "Sel">   --->   Core 26 'Sel' <Latency = 0> <II = 1> <Delay = 0.62> <FuncUnit> <Opcode : 'select'> <InPorts = 3> <OutPorts = 1>
ST_1 : Operation 139 [1/1] (1.20ns)   --->   "%icmp_ln1494_8 = icmp sgt i20 %data_8_V_read_1, 0" [firmware/nnet_utils/nnet_activation.h:71]   --->   Operation 139 'icmp' 'icmp_ln1494_8' <Predicate = true> <Delay = 1.20> <Core = "Cmp">   --->   Core 25 'Cmp' <Latency = 0> <II = 1> <Delay = 0.86> <FuncUnit> <Opcode : 'icmp'> <InPorts = 2> <OutPorts = 1>
ST_1 : Operation 140 [1/1] (0.00ns)   --->   "%trunc_ln708_8 = call i5 @_ssdm_op_PartSelect.i5.i20.i32.i32(i20 %data_8_V_read_1, i32 7, i32 11)" [firmware/nnet_utils/nnet_activation.h:71]   --->   Operation 140 'partselect' 'trunc_ln708_8' <Predicate = (icmp_ln1494_8)> <Delay = 0.00>
ST_1 : Operation 141 [1/1] (0.00ns) (grouped into LUT with out node select_ln1494_8)   --->   "%tmp_24 = call i1 @_ssdm_op_BitSelect.i1.i20.i32(i20 %data_8_V_read_1, i32 11)" [firmware/nnet_utils/nnet_activation.h:71]   --->   Operation 141 'bitselect' 'tmp_24' <Predicate = (icmp_ln1494_8)> <Delay = 0.00>
ST_1 : Operation 142 [1/1] (0.00ns)   --->   "%tmp_25 = call i1 @_ssdm_op_BitSelect.i1.i20.i32(i20 %data_8_V_read_1, i32 6)" [firmware/nnet_utils/nnet_activation.h:71]   --->   Operation 142 'bitselect' 'tmp_25' <Predicate = (icmp_ln1494_8)> <Delay = 0.00>
ST_1 : Operation 143 [1/1] (0.00ns)   --->   "%zext_ln415_8 = zext i1 %tmp_25 to i5" [firmware/nnet_utils/nnet_activation.h:71]   --->   Operation 143 'zext' 'zext_ln415_8' <Predicate = (icmp_ln1494_8)> <Delay = 0.00>
ST_1 : Operation 144 [1/1] (1.09ns)   --->   "%add_ln415_8 = add i5 %zext_ln415_8, %trunc_ln708_8" [firmware/nnet_utils/nnet_activation.h:71]   --->   Operation 144 'add' 'add_ln415_8' <Predicate = (icmp_ln1494_8)> <Delay = 1.09> <Core = "AddSub">   --->   Core 14 'AddSub' <Latency = 0> <II = 1> <Delay = 1.09> <FuncUnit> <Opcode : 'add' 'sub'> <InPorts = 2> <OutPorts = 1>
ST_1 : Operation 145 [1/1] (0.00ns) (grouped into LUT with out node select_ln1494_8)   --->   "%tmp_26 = call i1 @_ssdm_op_BitSelect.i1.i5.i32(i5 %add_ln415_8, i32 4)" [firmware/nnet_utils/nnet_activation.h:71]   --->   Operation 145 'bitselect' 'tmp_26' <Predicate = (icmp_ln1494_8)> <Delay = 0.00>
ST_1 : Operation 146 [1/1] (0.00ns) (grouped into LUT with out node select_ln1494_8)   --->   "%xor_ln416_8 = xor i1 %tmp_26, true" [firmware/nnet_utils/nnet_activation.h:71]   --->   Operation 146 'xor' 'xor_ln416_8' <Predicate = (icmp_ln1494_8)> <Delay = 0.00> <Core = "LogicGate">   --->   Core 27 'LogicGate' <Latency = 0> <II = 1> <Delay = 0.48> <FuncUnit> <Opcode : 'and' 'or' 'xor'> <InPorts = 2> <OutPorts = 1>
ST_1 : Operation 147 [1/1] (0.00ns) (grouped into LUT with out node select_ln1494_8)   --->   "%and_ln416_8 = and i1 %tmp_24, %xor_ln416_8" [firmware/nnet_utils/nnet_activation.h:71]   --->   Operation 147 'and' 'and_ln416_8' <Predicate = (icmp_ln1494_8)> <Delay = 0.00> <Core = "LogicGate">   --->   Core 27 'LogicGate' <Latency = 0> <II = 1> <Delay = 0.48> <FuncUnit> <Opcode : 'and' 'or' 'xor'> <InPorts = 2> <OutPorts = 1>
ST_1 : Operation 148 [1/1] (0.00ns)   --->   "%p_Result_2_8 = call i8 @_ssdm_op_PartSelect.i8.i20.i32.i32(i20 %data_8_V_read_1, i32 12, i32 19)" [firmware/nnet_utils/nnet_activation.h:71]   --->   Operation 148 'partselect' 'p_Result_2_8' <Predicate = (icmp_ln1494_8)> <Delay = 0.00>
ST_1 : Operation 149 [1/1] (0.86ns)   --->   "%icmp_ln879_8 = icmp eq i8 %p_Result_2_8, -1" [firmware/nnet_utils/nnet_activation.h:71]   --->   Operation 149 'icmp' 'icmp_ln879_8' <Predicate = (icmp_ln1494_8 & and_ln416_8)> <Delay = 0.86> <Core = "Cmp">   --->   Core 25 'Cmp' <Latency = 0> <II = 1> <Delay = 0.86> <FuncUnit> <Opcode : 'icmp'> <InPorts = 2> <OutPorts = 1>
ST_1 : Operation 150 [1/1] (0.86ns)   --->   "%icmp_ln768_8 = icmp eq i8 %p_Result_2_8, 0" [firmware/nnet_utils/nnet_activation.h:71]   --->   Operation 150 'icmp' 'icmp_ln768_8' <Predicate = (icmp_ln1494_8 & !and_ln416_8)> <Delay = 0.86> <Core = "Cmp">   --->   Core 25 'Cmp' <Latency = 0> <II = 1> <Delay = 0.86> <FuncUnit> <Opcode : 'icmp'> <InPorts = 2> <OutPorts = 1>
ST_1 : Operation 151 [1/1] (0.00ns) (grouped into LUT with out node select_ln1494_8)   --->   "%select_ln777_8 = select i1 %and_ln416_8, i1 %icmp_ln879_8, i1 %icmp_ln768_8" [firmware/nnet_utils/nnet_activation.h:71]   --->   Operation 151 'select' 'select_ln777_8' <Predicate = (icmp_ln1494_8)> <Delay = 0.00> <Core = "Sel">   --->   Core 26 'Sel' <Latency = 0> <II = 1> <Delay = 0.62> <FuncUnit> <Opcode : 'select'> <InPorts = 3> <OutPorts = 1>
ST_1 : Operation 152 [1/1] (0.00ns) (grouped into LUT with out node select_ln1494_8)   --->   "%select_ln340_8 = select i1 %select_ln777_8, i5 %add_ln415_8, i5 -1" [firmware/nnet_utils/nnet_activation.h:71]   --->   Operation 152 'select' 'select_ln340_8' <Predicate = (icmp_ln1494_8)> <Delay = 0.00> <Core = "Sel">   --->   Core 26 'Sel' <Latency = 0> <II = 1> <Delay = 0.62> <FuncUnit> <Opcode : 'select'> <InPorts = 3> <OutPorts = 1>
ST_1 : Operation 153 [1/1] (0.62ns) (out node of the LUT)   --->   "%select_ln1494_8 = select i1 %icmp_ln1494_8, i5 %select_ln340_8, i5 0" [firmware/nnet_utils/nnet_activation.h:71]   --->   Operation 153 'select' 'select_ln1494_8' <Predicate = true> <Delay = 0.62> <Core = "Sel">   --->   Core 26 'Sel' <Latency = 0> <II = 1> <Delay = 0.62> <FuncUnit> <Opcode : 'select'> <InPorts = 3> <OutPorts = 1>
ST_1 : Operation 154 [1/1] (1.20ns)   --->   "%icmp_ln1494_9 = icmp sgt i20 %data_9_V_read_1, 0" [firmware/nnet_utils/nnet_activation.h:71]   --->   Operation 154 'icmp' 'icmp_ln1494_9' <Predicate = true> <Delay = 1.20> <Core = "Cmp">   --->   Core 25 'Cmp' <Latency = 0> <II = 1> <Delay = 0.86> <FuncUnit> <Opcode : 'icmp'> <InPorts = 2> <OutPorts = 1>
ST_1 : Operation 155 [1/1] (0.00ns)   --->   "%trunc_ln708_9 = call i5 @_ssdm_op_PartSelect.i5.i20.i32.i32(i20 %data_9_V_read_1, i32 7, i32 11)" [firmware/nnet_utils/nnet_activation.h:71]   --->   Operation 155 'partselect' 'trunc_ln708_9' <Predicate = (icmp_ln1494_9)> <Delay = 0.00>
ST_1 : Operation 156 [1/1] (0.00ns) (grouped into LUT with out node select_ln1494_9)   --->   "%tmp_27 = call i1 @_ssdm_op_BitSelect.i1.i20.i32(i20 %data_9_V_read_1, i32 11)" [firmware/nnet_utils/nnet_activation.h:71]   --->   Operation 156 'bitselect' 'tmp_27' <Predicate = (icmp_ln1494_9)> <Delay = 0.00>
ST_1 : Operation 157 [1/1] (0.00ns)   --->   "%tmp_28 = call i1 @_ssdm_op_BitSelect.i1.i20.i32(i20 %data_9_V_read_1, i32 6)" [firmware/nnet_utils/nnet_activation.h:71]   --->   Operation 157 'bitselect' 'tmp_28' <Predicate = (icmp_ln1494_9)> <Delay = 0.00>
ST_1 : Operation 158 [1/1] (0.00ns)   --->   "%zext_ln415_9 = zext i1 %tmp_28 to i5" [firmware/nnet_utils/nnet_activation.h:71]   --->   Operation 158 'zext' 'zext_ln415_9' <Predicate = (icmp_ln1494_9)> <Delay = 0.00>
ST_1 : Operation 159 [1/1] (1.09ns)   --->   "%add_ln415_9 = add i5 %zext_ln415_9, %trunc_ln708_9" [firmware/nnet_utils/nnet_activation.h:71]   --->   Operation 159 'add' 'add_ln415_9' <Predicate = (icmp_ln1494_9)> <Delay = 1.09> <Core = "AddSub">   --->   Core 14 'AddSub' <Latency = 0> <II = 1> <Delay = 1.09> <FuncUnit> <Opcode : 'add' 'sub'> <InPorts = 2> <OutPorts = 1>
ST_1 : Operation 160 [1/1] (0.00ns) (grouped into LUT with out node select_ln1494_9)   --->   "%tmp_29 = call i1 @_ssdm_op_BitSelect.i1.i5.i32(i5 %add_ln415_9, i32 4)" [firmware/nnet_utils/nnet_activation.h:71]   --->   Operation 160 'bitselect' 'tmp_29' <Predicate = (icmp_ln1494_9)> <Delay = 0.00>
ST_1 : Operation 161 [1/1] (0.00ns) (grouped into LUT with out node select_ln1494_9)   --->   "%xor_ln416_9 = xor i1 %tmp_29, true" [firmware/nnet_utils/nnet_activation.h:71]   --->   Operation 161 'xor' 'xor_ln416_9' <Predicate = (icmp_ln1494_9)> <Delay = 0.00> <Core = "LogicGate">   --->   Core 27 'LogicGate' <Latency = 0> <II = 1> <Delay = 0.48> <FuncUnit> <Opcode : 'and' 'or' 'xor'> <InPorts = 2> <OutPorts = 1>
ST_1 : Operation 162 [1/1] (0.00ns) (grouped into LUT with out node select_ln1494_9)   --->   "%and_ln416_9 = and i1 %tmp_27, %xor_ln416_9" [firmware/nnet_utils/nnet_activation.h:71]   --->   Operation 162 'and' 'and_ln416_9' <Predicate = (icmp_ln1494_9)> <Delay = 0.00> <Core = "LogicGate">   --->   Core 27 'LogicGate' <Latency = 0> <II = 1> <Delay = 0.48> <FuncUnit> <Opcode : 'and' 'or' 'xor'> <InPorts = 2> <OutPorts = 1>
ST_1 : Operation 163 [1/1] (0.00ns)   --->   "%p_Result_2_9 = call i8 @_ssdm_op_PartSelect.i8.i20.i32.i32(i20 %data_9_V_read_1, i32 12, i32 19)" [firmware/nnet_utils/nnet_activation.h:71]   --->   Operation 163 'partselect' 'p_Result_2_9' <Predicate = (icmp_ln1494_9)> <Delay = 0.00>
ST_1 : Operation 164 [1/1] (0.86ns)   --->   "%icmp_ln879_9 = icmp eq i8 %p_Result_2_9, -1" [firmware/nnet_utils/nnet_activation.h:71]   --->   Operation 164 'icmp' 'icmp_ln879_9' <Predicate = (icmp_ln1494_9 & and_ln416_9)> <Delay = 0.86> <Core = "Cmp">   --->   Core 25 'Cmp' <Latency = 0> <II = 1> <Delay = 0.86> <FuncUnit> <Opcode : 'icmp'> <InPorts = 2> <OutPorts = 1>
ST_1 : Operation 165 [1/1] (0.86ns)   --->   "%icmp_ln768_9 = icmp eq i8 %p_Result_2_9, 0" [firmware/nnet_utils/nnet_activation.h:71]   --->   Operation 165 'icmp' 'icmp_ln768_9' <Predicate = (icmp_ln1494_9 & !and_ln416_9)> <Delay = 0.86> <Core = "Cmp">   --->   Core 25 'Cmp' <Latency = 0> <II = 1> <Delay = 0.86> <FuncUnit> <Opcode : 'icmp'> <InPorts = 2> <OutPorts = 1>
ST_1 : Operation 166 [1/1] (0.00ns) (grouped into LUT with out node select_ln1494_9)   --->   "%select_ln777_9 = select i1 %and_ln416_9, i1 %icmp_ln879_9, i1 %icmp_ln768_9" [firmware/nnet_utils/nnet_activation.h:71]   --->   Operation 166 'select' 'select_ln777_9' <Predicate = (icmp_ln1494_9)> <Delay = 0.00> <Core = "Sel">   --->   Core 26 'Sel' <Latency = 0> <II = 1> <Delay = 0.62> <FuncUnit> <Opcode : 'select'> <InPorts = 3> <OutPorts = 1>
ST_1 : Operation 167 [1/1] (0.00ns) (grouped into LUT with out node select_ln1494_9)   --->   "%select_ln340_9 = select i1 %select_ln777_9, i5 %add_ln415_9, i5 -1" [firmware/nnet_utils/nnet_activation.h:71]   --->   Operation 167 'select' 'select_ln340_9' <Predicate = (icmp_ln1494_9)> <Delay = 0.00> <Core = "Sel">   --->   Core 26 'Sel' <Latency = 0> <II = 1> <Delay = 0.62> <FuncUnit> <Opcode : 'select'> <InPorts = 3> <OutPorts = 1>
ST_1 : Operation 168 [1/1] (0.62ns) (out node of the LUT)   --->   "%select_ln1494_9 = select i1 %icmp_ln1494_9, i5 %select_ln340_9, i5 0" [firmware/nnet_utils/nnet_activation.h:71]   --->   Operation 168 'select' 'select_ln1494_9' <Predicate = true> <Delay = 0.62> <Core = "Sel">   --->   Core 26 'Sel' <Latency = 0> <II = 1> <Delay = 0.62> <FuncUnit> <Opcode : 'select'> <InPorts = 3> <OutPorts = 1>
ST_1 : Operation 169 [1/1] (1.20ns)   --->   "%icmp_ln1494_10 = icmp sgt i20 %data_10_V_read_1, 0" [firmware/nnet_utils/nnet_activation.h:71]   --->   Operation 169 'icmp' 'icmp_ln1494_10' <Predicate = true> <Delay = 1.20> <Core = "Cmp">   --->   Core 25 'Cmp' <Latency = 0> <II = 1> <Delay = 0.86> <FuncUnit> <Opcode : 'icmp'> <InPorts = 2> <OutPorts = 1>
ST_1 : Operation 170 [1/1] (0.00ns)   --->   "%trunc_ln708_s = call i5 @_ssdm_op_PartSelect.i5.i20.i32.i32(i20 %data_10_V_read_1, i32 7, i32 11)" [firmware/nnet_utils/nnet_activation.h:71]   --->   Operation 170 'partselect' 'trunc_ln708_s' <Predicate = (icmp_ln1494_10)> <Delay = 0.00>
ST_1 : Operation 171 [1/1] (0.00ns) (grouped into LUT with out node select_ln1494_10)   --->   "%tmp_30 = call i1 @_ssdm_op_BitSelect.i1.i20.i32(i20 %data_10_V_read_1, i32 11)" [firmware/nnet_utils/nnet_activation.h:71]   --->   Operation 171 'bitselect' 'tmp_30' <Predicate = (icmp_ln1494_10)> <Delay = 0.00>
ST_1 : Operation 172 [1/1] (0.00ns)   --->   "%tmp_31 = call i1 @_ssdm_op_BitSelect.i1.i20.i32(i20 %data_10_V_read_1, i32 6)" [firmware/nnet_utils/nnet_activation.h:71]   --->   Operation 172 'bitselect' 'tmp_31' <Predicate = (icmp_ln1494_10)> <Delay = 0.00>
ST_1 : Operation 173 [1/1] (0.00ns)   --->   "%zext_ln415_10 = zext i1 %tmp_31 to i5" [firmware/nnet_utils/nnet_activation.h:71]   --->   Operation 173 'zext' 'zext_ln415_10' <Predicate = (icmp_ln1494_10)> <Delay = 0.00>
ST_1 : Operation 174 [1/1] (1.09ns)   --->   "%add_ln415_10 = add i5 %zext_ln415_10, %trunc_ln708_s" [firmware/nnet_utils/nnet_activation.h:71]   --->   Operation 174 'add' 'add_ln415_10' <Predicate = (icmp_ln1494_10)> <Delay = 1.09> <Core = "AddSub">   --->   Core 14 'AddSub' <Latency = 0> <II = 1> <Delay = 1.09> <FuncUnit> <Opcode : 'add' 'sub'> <InPorts = 2> <OutPorts = 1>
ST_1 : Operation 175 [1/1] (0.00ns) (grouped into LUT with out node select_ln1494_10)   --->   "%tmp_32 = call i1 @_ssdm_op_BitSelect.i1.i5.i32(i5 %add_ln415_10, i32 4)" [firmware/nnet_utils/nnet_activation.h:71]   --->   Operation 175 'bitselect' 'tmp_32' <Predicate = (icmp_ln1494_10)> <Delay = 0.00>
ST_1 : Operation 176 [1/1] (0.00ns) (grouped into LUT with out node select_ln1494_10)   --->   "%xor_ln416_10 = xor i1 %tmp_32, true" [firmware/nnet_utils/nnet_activation.h:71]   --->   Operation 176 'xor' 'xor_ln416_10' <Predicate = (icmp_ln1494_10)> <Delay = 0.00> <Core = "LogicGate">   --->   Core 27 'LogicGate' <Latency = 0> <II = 1> <Delay = 0.48> <FuncUnit> <Opcode : 'and' 'or' 'xor'> <InPorts = 2> <OutPorts = 1>
ST_1 : Operation 177 [1/1] (0.00ns) (grouped into LUT with out node select_ln1494_10)   --->   "%and_ln416_10 = and i1 %tmp_30, %xor_ln416_10" [firmware/nnet_utils/nnet_activation.h:71]   --->   Operation 177 'and' 'and_ln416_10' <Predicate = (icmp_ln1494_10)> <Delay = 0.00> <Core = "LogicGate">   --->   Core 27 'LogicGate' <Latency = 0> <II = 1> <Delay = 0.48> <FuncUnit> <Opcode : 'and' 'or' 'xor'> <InPorts = 2> <OutPorts = 1>
ST_1 : Operation 178 [1/1] (0.00ns)   --->   "%p_Result_2_s = call i8 @_ssdm_op_PartSelect.i8.i20.i32.i32(i20 %data_10_V_read_1, i32 12, i32 19)" [firmware/nnet_utils/nnet_activation.h:71]   --->   Operation 178 'partselect' 'p_Result_2_s' <Predicate = (icmp_ln1494_10)> <Delay = 0.00>
ST_1 : Operation 179 [1/1] (0.86ns)   --->   "%icmp_ln879_10 = icmp eq i8 %p_Result_2_s, -1" [firmware/nnet_utils/nnet_activation.h:71]   --->   Operation 179 'icmp' 'icmp_ln879_10' <Predicate = (icmp_ln1494_10 & and_ln416_10)> <Delay = 0.86> <Core = "Cmp">   --->   Core 25 'Cmp' <Latency = 0> <II = 1> <Delay = 0.86> <FuncUnit> <Opcode : 'icmp'> <InPorts = 2> <OutPorts = 1>
ST_1 : Operation 180 [1/1] (0.86ns)   --->   "%icmp_ln768_10 = icmp eq i8 %p_Result_2_s, 0" [firmware/nnet_utils/nnet_activation.h:71]   --->   Operation 180 'icmp' 'icmp_ln768_10' <Predicate = (icmp_ln1494_10 & !and_ln416_10)> <Delay = 0.86> <Core = "Cmp">   --->   Core 25 'Cmp' <Latency = 0> <II = 1> <Delay = 0.86> <FuncUnit> <Opcode : 'icmp'> <InPorts = 2> <OutPorts = 1>
ST_1 : Operation 181 [1/1] (0.00ns) (grouped into LUT with out node select_ln1494_10)   --->   "%select_ln777_10 = select i1 %and_ln416_10, i1 %icmp_ln879_10, i1 %icmp_ln768_10" [firmware/nnet_utils/nnet_activation.h:71]   --->   Operation 181 'select' 'select_ln777_10' <Predicate = (icmp_ln1494_10)> <Delay = 0.00> <Core = "Sel">   --->   Core 26 'Sel' <Latency = 0> <II = 1> <Delay = 0.62> <FuncUnit> <Opcode : 'select'> <InPorts = 3> <OutPorts = 1>
ST_1 : Operation 182 [1/1] (0.00ns) (grouped into LUT with out node select_ln1494_10)   --->   "%select_ln340_10 = select i1 %select_ln777_10, i5 %add_ln415_10, i5 -1" [firmware/nnet_utils/nnet_activation.h:71]   --->   Operation 182 'select' 'select_ln340_10' <Predicate = (icmp_ln1494_10)> <Delay = 0.00> <Core = "Sel">   --->   Core 26 'Sel' <Latency = 0> <II = 1> <Delay = 0.62> <FuncUnit> <Opcode : 'select'> <InPorts = 3> <OutPorts = 1>
ST_1 : Operation 183 [1/1] (0.62ns) (out node of the LUT)   --->   "%select_ln1494_10 = select i1 %icmp_ln1494_10, i5 %select_ln340_10, i5 0" [firmware/nnet_utils/nnet_activation.h:71]   --->   Operation 183 'select' 'select_ln1494_10' <Predicate = true> <Delay = 0.62> <Core = "Sel">   --->   Core 26 'Sel' <Latency = 0> <II = 1> <Delay = 0.62> <FuncUnit> <Opcode : 'select'> <InPorts = 3> <OutPorts = 1>
ST_1 : Operation 184 [1/1] (1.20ns)   --->   "%icmp_ln1494_11 = icmp sgt i20 %data_11_V_read_1, 0" [firmware/nnet_utils/nnet_activation.h:71]   --->   Operation 184 'icmp' 'icmp_ln1494_11' <Predicate = true> <Delay = 1.20> <Core = "Cmp">   --->   Core 25 'Cmp' <Latency = 0> <II = 1> <Delay = 0.86> <FuncUnit> <Opcode : 'icmp'> <InPorts = 2> <OutPorts = 1>
ST_1 : Operation 185 [1/1] (0.00ns)   --->   "%trunc_ln708_10 = call i5 @_ssdm_op_PartSelect.i5.i20.i32.i32(i20 %data_11_V_read_1, i32 7, i32 11)" [firmware/nnet_utils/nnet_activation.h:71]   --->   Operation 185 'partselect' 'trunc_ln708_10' <Predicate = (icmp_ln1494_11)> <Delay = 0.00>
ST_1 : Operation 186 [1/1] (0.00ns) (grouped into LUT with out node select_ln1494_11)   --->   "%tmp_33 = call i1 @_ssdm_op_BitSelect.i1.i20.i32(i20 %data_11_V_read_1, i32 11)" [firmware/nnet_utils/nnet_activation.h:71]   --->   Operation 186 'bitselect' 'tmp_33' <Predicate = (icmp_ln1494_11)> <Delay = 0.00>
ST_1 : Operation 187 [1/1] (0.00ns)   --->   "%tmp_34 = call i1 @_ssdm_op_BitSelect.i1.i20.i32(i20 %data_11_V_read_1, i32 6)" [firmware/nnet_utils/nnet_activation.h:71]   --->   Operation 187 'bitselect' 'tmp_34' <Predicate = (icmp_ln1494_11)> <Delay = 0.00>
ST_1 : Operation 188 [1/1] (0.00ns)   --->   "%zext_ln415_11 = zext i1 %tmp_34 to i5" [firmware/nnet_utils/nnet_activation.h:71]   --->   Operation 188 'zext' 'zext_ln415_11' <Predicate = (icmp_ln1494_11)> <Delay = 0.00>
ST_1 : Operation 189 [1/1] (1.09ns)   --->   "%add_ln415_11 = add i5 %zext_ln415_11, %trunc_ln708_10" [firmware/nnet_utils/nnet_activation.h:71]   --->   Operation 189 'add' 'add_ln415_11' <Predicate = (icmp_ln1494_11)> <Delay = 1.09> <Core = "AddSub">   --->   Core 14 'AddSub' <Latency = 0> <II = 1> <Delay = 1.09> <FuncUnit> <Opcode : 'add' 'sub'> <InPorts = 2> <OutPorts = 1>
ST_1 : Operation 190 [1/1] (0.00ns) (grouped into LUT with out node select_ln1494_11)   --->   "%tmp_35 = call i1 @_ssdm_op_BitSelect.i1.i5.i32(i5 %add_ln415_11, i32 4)" [firmware/nnet_utils/nnet_activation.h:71]   --->   Operation 190 'bitselect' 'tmp_35' <Predicate = (icmp_ln1494_11)> <Delay = 0.00>
ST_1 : Operation 191 [1/1] (0.00ns) (grouped into LUT with out node select_ln1494_11)   --->   "%xor_ln416_11 = xor i1 %tmp_35, true" [firmware/nnet_utils/nnet_activation.h:71]   --->   Operation 191 'xor' 'xor_ln416_11' <Predicate = (icmp_ln1494_11)> <Delay = 0.00> <Core = "LogicGate">   --->   Core 27 'LogicGate' <Latency = 0> <II = 1> <Delay = 0.48> <FuncUnit> <Opcode : 'and' 'or' 'xor'> <InPorts = 2> <OutPorts = 1>
ST_1 : Operation 192 [1/1] (0.00ns) (grouped into LUT with out node select_ln1494_11)   --->   "%and_ln416_11 = and i1 %tmp_33, %xor_ln416_11" [firmware/nnet_utils/nnet_activation.h:71]   --->   Operation 192 'and' 'and_ln416_11' <Predicate = (icmp_ln1494_11)> <Delay = 0.00> <Core = "LogicGate">   --->   Core 27 'LogicGate' <Latency = 0> <II = 1> <Delay = 0.48> <FuncUnit> <Opcode : 'and' 'or' 'xor'> <InPorts = 2> <OutPorts = 1>
ST_1 : Operation 193 [1/1] (0.00ns)   --->   "%p_Result_2_10 = call i8 @_ssdm_op_PartSelect.i8.i20.i32.i32(i20 %data_11_V_read_1, i32 12, i32 19)" [firmware/nnet_utils/nnet_activation.h:71]   --->   Operation 193 'partselect' 'p_Result_2_10' <Predicate = (icmp_ln1494_11)> <Delay = 0.00>
ST_1 : Operation 194 [1/1] (0.86ns)   --->   "%icmp_ln879_11 = icmp eq i8 %p_Result_2_10, -1" [firmware/nnet_utils/nnet_activation.h:71]   --->   Operation 194 'icmp' 'icmp_ln879_11' <Predicate = (icmp_ln1494_11 & and_ln416_11)> <Delay = 0.86> <Core = "Cmp">   --->   Core 25 'Cmp' <Latency = 0> <II = 1> <Delay = 0.86> <FuncUnit> <Opcode : 'icmp'> <InPorts = 2> <OutPorts = 1>
ST_1 : Operation 195 [1/1] (0.86ns)   --->   "%icmp_ln768_11 = icmp eq i8 %p_Result_2_10, 0" [firmware/nnet_utils/nnet_activation.h:71]   --->   Operation 195 'icmp' 'icmp_ln768_11' <Predicate = (icmp_ln1494_11 & !and_ln416_11)> <Delay = 0.86> <Core = "Cmp">   --->   Core 25 'Cmp' <Latency = 0> <II = 1> <Delay = 0.86> <FuncUnit> <Opcode : 'icmp'> <InPorts = 2> <OutPorts = 1>
ST_1 : Operation 196 [1/1] (0.00ns) (grouped into LUT with out node select_ln1494_11)   --->   "%select_ln777_11 = select i1 %and_ln416_11, i1 %icmp_ln879_11, i1 %icmp_ln768_11" [firmware/nnet_utils/nnet_activation.h:71]   --->   Operation 196 'select' 'select_ln777_11' <Predicate = (icmp_ln1494_11)> <Delay = 0.00> <Core = "Sel">   --->   Core 26 'Sel' <Latency = 0> <II = 1> <Delay = 0.62> <FuncUnit> <Opcode : 'select'> <InPorts = 3> <OutPorts = 1>
ST_1 : Operation 197 [1/1] (0.00ns) (grouped into LUT with out node select_ln1494_11)   --->   "%select_ln340_11 = select i1 %select_ln777_11, i5 %add_ln415_11, i5 -1" [firmware/nnet_utils/nnet_activation.h:71]   --->   Operation 197 'select' 'select_ln340_11' <Predicate = (icmp_ln1494_11)> <Delay = 0.00> <Core = "Sel">   --->   Core 26 'Sel' <Latency = 0> <II = 1> <Delay = 0.62> <FuncUnit> <Opcode : 'select'> <InPorts = 3> <OutPorts = 1>
ST_1 : Operation 198 [1/1] (0.62ns) (out node of the LUT)   --->   "%select_ln1494_11 = select i1 %icmp_ln1494_11, i5 %select_ln340_11, i5 0" [firmware/nnet_utils/nnet_activation.h:71]   --->   Operation 198 'select' 'select_ln1494_11' <Predicate = true> <Delay = 0.62> <Core = "Sel">   --->   Core 26 'Sel' <Latency = 0> <II = 1> <Delay = 0.62> <FuncUnit> <Opcode : 'select'> <InPorts = 3> <OutPorts = 1>
ST_1 : Operation 199 [1/1] (1.20ns)   --->   "%icmp_ln1494_12 = icmp sgt i20 %data_12_V_read_1, 0" [firmware/nnet_utils/nnet_activation.h:71]   --->   Operation 199 'icmp' 'icmp_ln1494_12' <Predicate = true> <Delay = 1.20> <Core = "Cmp">   --->   Core 25 'Cmp' <Latency = 0> <II = 1> <Delay = 0.86> <FuncUnit> <Opcode : 'icmp'> <InPorts = 2> <OutPorts = 1>
ST_1 : Operation 200 [1/1] (0.00ns)   --->   "%trunc_ln708_11 = call i5 @_ssdm_op_PartSelect.i5.i20.i32.i32(i20 %data_12_V_read_1, i32 7, i32 11)" [firmware/nnet_utils/nnet_activation.h:71]   --->   Operation 200 'partselect' 'trunc_ln708_11' <Predicate = (icmp_ln1494_12)> <Delay = 0.00>
ST_1 : Operation 201 [1/1] (0.00ns) (grouped into LUT with out node select_ln1494_12)   --->   "%tmp_36 = call i1 @_ssdm_op_BitSelect.i1.i20.i32(i20 %data_12_V_read_1, i32 11)" [firmware/nnet_utils/nnet_activation.h:71]   --->   Operation 201 'bitselect' 'tmp_36' <Predicate = (icmp_ln1494_12)> <Delay = 0.00>
ST_1 : Operation 202 [1/1] (0.00ns)   --->   "%tmp_37 = call i1 @_ssdm_op_BitSelect.i1.i20.i32(i20 %data_12_V_read_1, i32 6)" [firmware/nnet_utils/nnet_activation.h:71]   --->   Operation 202 'bitselect' 'tmp_37' <Predicate = (icmp_ln1494_12)> <Delay = 0.00>
ST_1 : Operation 203 [1/1] (0.00ns)   --->   "%zext_ln415_12 = zext i1 %tmp_37 to i5" [firmware/nnet_utils/nnet_activation.h:71]   --->   Operation 203 'zext' 'zext_ln415_12' <Predicate = (icmp_ln1494_12)> <Delay = 0.00>
ST_1 : Operation 204 [1/1] (1.09ns)   --->   "%add_ln415_12 = add i5 %zext_ln415_12, %trunc_ln708_11" [firmware/nnet_utils/nnet_activation.h:71]   --->   Operation 204 'add' 'add_ln415_12' <Predicate = (icmp_ln1494_12)> <Delay = 1.09> <Core = "AddSub">   --->   Core 14 'AddSub' <Latency = 0> <II = 1> <Delay = 1.09> <FuncUnit> <Opcode : 'add' 'sub'> <InPorts = 2> <OutPorts = 1>
ST_1 : Operation 205 [1/1] (0.00ns) (grouped into LUT with out node select_ln1494_12)   --->   "%tmp_38 = call i1 @_ssdm_op_BitSelect.i1.i5.i32(i5 %add_ln415_12, i32 4)" [firmware/nnet_utils/nnet_activation.h:71]   --->   Operation 205 'bitselect' 'tmp_38' <Predicate = (icmp_ln1494_12)> <Delay = 0.00>
ST_1 : Operation 206 [1/1] (0.00ns) (grouped into LUT with out node select_ln1494_12)   --->   "%xor_ln416_12 = xor i1 %tmp_38, true" [firmware/nnet_utils/nnet_activation.h:71]   --->   Operation 206 'xor' 'xor_ln416_12' <Predicate = (icmp_ln1494_12)> <Delay = 0.00> <Core = "LogicGate">   --->   Core 27 'LogicGate' <Latency = 0> <II = 1> <Delay = 0.48> <FuncUnit> <Opcode : 'and' 'or' 'xor'> <InPorts = 2> <OutPorts = 1>
ST_1 : Operation 207 [1/1] (0.00ns) (grouped into LUT with out node select_ln1494_12)   --->   "%and_ln416_12 = and i1 %tmp_36, %xor_ln416_12" [firmware/nnet_utils/nnet_activation.h:71]   --->   Operation 207 'and' 'and_ln416_12' <Predicate = (icmp_ln1494_12)> <Delay = 0.00> <Core = "LogicGate">   --->   Core 27 'LogicGate' <Latency = 0> <II = 1> <Delay = 0.48> <FuncUnit> <Opcode : 'and' 'or' 'xor'> <InPorts = 2> <OutPorts = 1>
ST_1 : Operation 208 [1/1] (0.00ns)   --->   "%p_Result_2_11 = call i8 @_ssdm_op_PartSelect.i8.i20.i32.i32(i20 %data_12_V_read_1, i32 12, i32 19)" [firmware/nnet_utils/nnet_activation.h:71]   --->   Operation 208 'partselect' 'p_Result_2_11' <Predicate = (icmp_ln1494_12)> <Delay = 0.00>
ST_1 : Operation 209 [1/1] (0.86ns)   --->   "%icmp_ln879_12 = icmp eq i8 %p_Result_2_11, -1" [firmware/nnet_utils/nnet_activation.h:71]   --->   Operation 209 'icmp' 'icmp_ln879_12' <Predicate = (icmp_ln1494_12 & and_ln416_12)> <Delay = 0.86> <Core = "Cmp">   --->   Core 25 'Cmp' <Latency = 0> <II = 1> <Delay = 0.86> <FuncUnit> <Opcode : 'icmp'> <InPorts = 2> <OutPorts = 1>
ST_1 : Operation 210 [1/1] (0.86ns)   --->   "%icmp_ln768_12 = icmp eq i8 %p_Result_2_11, 0" [firmware/nnet_utils/nnet_activation.h:71]   --->   Operation 210 'icmp' 'icmp_ln768_12' <Predicate = (icmp_ln1494_12 & !and_ln416_12)> <Delay = 0.86> <Core = "Cmp">   --->   Core 25 'Cmp' <Latency = 0> <II = 1> <Delay = 0.86> <FuncUnit> <Opcode : 'icmp'> <InPorts = 2> <OutPorts = 1>
ST_1 : Operation 211 [1/1] (0.00ns) (grouped into LUT with out node select_ln1494_12)   --->   "%select_ln777_12 = select i1 %and_ln416_12, i1 %icmp_ln879_12, i1 %icmp_ln768_12" [firmware/nnet_utils/nnet_activation.h:71]   --->   Operation 211 'select' 'select_ln777_12' <Predicate = (icmp_ln1494_12)> <Delay = 0.00> <Core = "Sel">   --->   Core 26 'Sel' <Latency = 0> <II = 1> <Delay = 0.62> <FuncUnit> <Opcode : 'select'> <InPorts = 3> <OutPorts = 1>
ST_1 : Operation 212 [1/1] (0.00ns) (grouped into LUT with out node select_ln1494_12)   --->   "%select_ln340_12 = select i1 %select_ln777_12, i5 %add_ln415_12, i5 -1" [firmware/nnet_utils/nnet_activation.h:71]   --->   Operation 212 'select' 'select_ln340_12' <Predicate = (icmp_ln1494_12)> <Delay = 0.00> <Core = "Sel">   --->   Core 26 'Sel' <Latency = 0> <II = 1> <Delay = 0.62> <FuncUnit> <Opcode : 'select'> <InPorts = 3> <OutPorts = 1>
ST_1 : Operation 213 [1/1] (0.62ns) (out node of the LUT)   --->   "%select_ln1494_12 = select i1 %icmp_ln1494_12, i5 %select_ln340_12, i5 0" [firmware/nnet_utils/nnet_activation.h:71]   --->   Operation 213 'select' 'select_ln1494_12' <Predicate = true> <Delay = 0.62> <Core = "Sel">   --->   Core 26 'Sel' <Latency = 0> <II = 1> <Delay = 0.62> <FuncUnit> <Opcode : 'select'> <InPorts = 3> <OutPorts = 1>
ST_1 : Operation 214 [1/1] (1.20ns)   --->   "%icmp_ln1494_13 = icmp sgt i20 %data_13_V_read_1, 0" [firmware/nnet_utils/nnet_activation.h:71]   --->   Operation 214 'icmp' 'icmp_ln1494_13' <Predicate = true> <Delay = 1.20> <Core = "Cmp">   --->   Core 25 'Cmp' <Latency = 0> <II = 1> <Delay = 0.86> <FuncUnit> <Opcode : 'icmp'> <InPorts = 2> <OutPorts = 1>
ST_1 : Operation 215 [1/1] (0.00ns)   --->   "%trunc_ln708_12 = call i5 @_ssdm_op_PartSelect.i5.i20.i32.i32(i20 %data_13_V_read_1, i32 7, i32 11)" [firmware/nnet_utils/nnet_activation.h:71]   --->   Operation 215 'partselect' 'trunc_ln708_12' <Predicate = (icmp_ln1494_13)> <Delay = 0.00>
ST_1 : Operation 216 [1/1] (0.00ns) (grouped into LUT with out node select_ln1494_13)   --->   "%tmp_39 = call i1 @_ssdm_op_BitSelect.i1.i20.i32(i20 %data_13_V_read_1, i32 11)" [firmware/nnet_utils/nnet_activation.h:71]   --->   Operation 216 'bitselect' 'tmp_39' <Predicate = (icmp_ln1494_13)> <Delay = 0.00>
ST_1 : Operation 217 [1/1] (0.00ns)   --->   "%tmp_40 = call i1 @_ssdm_op_BitSelect.i1.i20.i32(i20 %data_13_V_read_1, i32 6)" [firmware/nnet_utils/nnet_activation.h:71]   --->   Operation 217 'bitselect' 'tmp_40' <Predicate = (icmp_ln1494_13)> <Delay = 0.00>
ST_1 : Operation 218 [1/1] (0.00ns)   --->   "%zext_ln415_13 = zext i1 %tmp_40 to i5" [firmware/nnet_utils/nnet_activation.h:71]   --->   Operation 218 'zext' 'zext_ln415_13' <Predicate = (icmp_ln1494_13)> <Delay = 0.00>
ST_1 : Operation 219 [1/1] (1.09ns)   --->   "%add_ln415_13 = add i5 %zext_ln415_13, %trunc_ln708_12" [firmware/nnet_utils/nnet_activation.h:71]   --->   Operation 219 'add' 'add_ln415_13' <Predicate = (icmp_ln1494_13)> <Delay = 1.09> <Core = "AddSub">   --->   Core 14 'AddSub' <Latency = 0> <II = 1> <Delay = 1.09> <FuncUnit> <Opcode : 'add' 'sub'> <InPorts = 2> <OutPorts = 1>
ST_1 : Operation 220 [1/1] (0.00ns) (grouped into LUT with out node select_ln1494_13)   --->   "%tmp_41 = call i1 @_ssdm_op_BitSelect.i1.i5.i32(i5 %add_ln415_13, i32 4)" [firmware/nnet_utils/nnet_activation.h:71]   --->   Operation 220 'bitselect' 'tmp_41' <Predicate = (icmp_ln1494_13)> <Delay = 0.00>
ST_1 : Operation 221 [1/1] (0.00ns) (grouped into LUT with out node select_ln1494_13)   --->   "%xor_ln416_13 = xor i1 %tmp_41, true" [firmware/nnet_utils/nnet_activation.h:71]   --->   Operation 221 'xor' 'xor_ln416_13' <Predicate = (icmp_ln1494_13)> <Delay = 0.00> <Core = "LogicGate">   --->   Core 27 'LogicGate' <Latency = 0> <II = 1> <Delay = 0.48> <FuncUnit> <Opcode : 'and' 'or' 'xor'> <InPorts = 2> <OutPorts = 1>
ST_1 : Operation 222 [1/1] (0.00ns) (grouped into LUT with out node select_ln1494_13)   --->   "%and_ln416_13 = and i1 %tmp_39, %xor_ln416_13" [firmware/nnet_utils/nnet_activation.h:71]   --->   Operation 222 'and' 'and_ln416_13' <Predicate = (icmp_ln1494_13)> <Delay = 0.00> <Core = "LogicGate">   --->   Core 27 'LogicGate' <Latency = 0> <II = 1> <Delay = 0.48> <FuncUnit> <Opcode : 'and' 'or' 'xor'> <InPorts = 2> <OutPorts = 1>
ST_1 : Operation 223 [1/1] (0.00ns)   --->   "%p_Result_2_12 = call i8 @_ssdm_op_PartSelect.i8.i20.i32.i32(i20 %data_13_V_read_1, i32 12, i32 19)" [firmware/nnet_utils/nnet_activation.h:71]   --->   Operation 223 'partselect' 'p_Result_2_12' <Predicate = (icmp_ln1494_13)> <Delay = 0.00>
ST_1 : Operation 224 [1/1] (0.86ns)   --->   "%icmp_ln879_13 = icmp eq i8 %p_Result_2_12, -1" [firmware/nnet_utils/nnet_activation.h:71]   --->   Operation 224 'icmp' 'icmp_ln879_13' <Predicate = (icmp_ln1494_13 & and_ln416_13)> <Delay = 0.86> <Core = "Cmp">   --->   Core 25 'Cmp' <Latency = 0> <II = 1> <Delay = 0.86> <FuncUnit> <Opcode : 'icmp'> <InPorts = 2> <OutPorts = 1>
ST_1 : Operation 225 [1/1] (0.86ns)   --->   "%icmp_ln768_13 = icmp eq i8 %p_Result_2_12, 0" [firmware/nnet_utils/nnet_activation.h:71]   --->   Operation 225 'icmp' 'icmp_ln768_13' <Predicate = (icmp_ln1494_13 & !and_ln416_13)> <Delay = 0.86> <Core = "Cmp">   --->   Core 25 'Cmp' <Latency = 0> <II = 1> <Delay = 0.86> <FuncUnit> <Opcode : 'icmp'> <InPorts = 2> <OutPorts = 1>
ST_1 : Operation 226 [1/1] (0.00ns) (grouped into LUT with out node select_ln1494_13)   --->   "%select_ln777_13 = select i1 %and_ln416_13, i1 %icmp_ln879_13, i1 %icmp_ln768_13" [firmware/nnet_utils/nnet_activation.h:71]   --->   Operation 226 'select' 'select_ln777_13' <Predicate = (icmp_ln1494_13)> <Delay = 0.00> <Core = "Sel">   --->   Core 26 'Sel' <Latency = 0> <II = 1> <Delay = 0.62> <FuncUnit> <Opcode : 'select'> <InPorts = 3> <OutPorts = 1>
ST_1 : Operation 227 [1/1] (0.00ns) (grouped into LUT with out node select_ln1494_13)   --->   "%select_ln340_13 = select i1 %select_ln777_13, i5 %add_ln415_13, i5 -1" [firmware/nnet_utils/nnet_activation.h:71]   --->   Operation 227 'select' 'select_ln340_13' <Predicate = (icmp_ln1494_13)> <Delay = 0.00> <Core = "Sel">   --->   Core 26 'Sel' <Latency = 0> <II = 1> <Delay = 0.62> <FuncUnit> <Opcode : 'select'> <InPorts = 3> <OutPorts = 1>
ST_1 : Operation 228 [1/1] (0.62ns) (out node of the LUT)   --->   "%select_ln1494_13 = select i1 %icmp_ln1494_13, i5 %select_ln340_13, i5 0" [firmware/nnet_utils/nnet_activation.h:71]   --->   Operation 228 'select' 'select_ln1494_13' <Predicate = true> <Delay = 0.62> <Core = "Sel">   --->   Core 26 'Sel' <Latency = 0> <II = 1> <Delay = 0.62> <FuncUnit> <Opcode : 'select'> <InPorts = 3> <OutPorts = 1>
ST_1 : Operation 229 [1/1] (1.20ns)   --->   "%icmp_ln1494_14 = icmp sgt i20 %data_14_V_read_1, 0" [firmware/nnet_utils/nnet_activation.h:71]   --->   Operation 229 'icmp' 'icmp_ln1494_14' <Predicate = true> <Delay = 1.20> <Core = "Cmp">   --->   Core 25 'Cmp' <Latency = 0> <II = 1> <Delay = 0.86> <FuncUnit> <Opcode : 'icmp'> <InPorts = 2> <OutPorts = 1>
ST_1 : Operation 230 [1/1] (0.00ns)   --->   "%trunc_ln708_13 = call i5 @_ssdm_op_PartSelect.i5.i20.i32.i32(i20 %data_14_V_read_1, i32 7, i32 11)" [firmware/nnet_utils/nnet_activation.h:71]   --->   Operation 230 'partselect' 'trunc_ln708_13' <Predicate = (icmp_ln1494_14)> <Delay = 0.00>
ST_1 : Operation 231 [1/1] (0.00ns) (grouped into LUT with out node select_ln1494_14)   --->   "%tmp_42 = call i1 @_ssdm_op_BitSelect.i1.i20.i32(i20 %data_14_V_read_1, i32 11)" [firmware/nnet_utils/nnet_activation.h:71]   --->   Operation 231 'bitselect' 'tmp_42' <Predicate = (icmp_ln1494_14)> <Delay = 0.00>
ST_1 : Operation 232 [1/1] (0.00ns)   --->   "%tmp_43 = call i1 @_ssdm_op_BitSelect.i1.i20.i32(i20 %data_14_V_read_1, i32 6)" [firmware/nnet_utils/nnet_activation.h:71]   --->   Operation 232 'bitselect' 'tmp_43' <Predicate = (icmp_ln1494_14)> <Delay = 0.00>
ST_1 : Operation 233 [1/1] (0.00ns)   --->   "%zext_ln415_14 = zext i1 %tmp_43 to i5" [firmware/nnet_utils/nnet_activation.h:71]   --->   Operation 233 'zext' 'zext_ln415_14' <Predicate = (icmp_ln1494_14)> <Delay = 0.00>
ST_1 : Operation 234 [1/1] (1.09ns)   --->   "%add_ln415_14 = add i5 %zext_ln415_14, %trunc_ln708_13" [firmware/nnet_utils/nnet_activation.h:71]   --->   Operation 234 'add' 'add_ln415_14' <Predicate = (icmp_ln1494_14)> <Delay = 1.09> <Core = "AddSub">   --->   Core 14 'AddSub' <Latency = 0> <II = 1> <Delay = 1.09> <FuncUnit> <Opcode : 'add' 'sub'> <InPorts = 2> <OutPorts = 1>
ST_1 : Operation 235 [1/1] (0.00ns) (grouped into LUT with out node select_ln1494_14)   --->   "%tmp_44 = call i1 @_ssdm_op_BitSelect.i1.i5.i32(i5 %add_ln415_14, i32 4)" [firmware/nnet_utils/nnet_activation.h:71]   --->   Operation 235 'bitselect' 'tmp_44' <Predicate = (icmp_ln1494_14)> <Delay = 0.00>
ST_1 : Operation 236 [1/1] (0.00ns) (grouped into LUT with out node select_ln1494_14)   --->   "%xor_ln416_14 = xor i1 %tmp_44, true" [firmware/nnet_utils/nnet_activation.h:71]   --->   Operation 236 'xor' 'xor_ln416_14' <Predicate = (icmp_ln1494_14)> <Delay = 0.00> <Core = "LogicGate">   --->   Core 27 'LogicGate' <Latency = 0> <II = 1> <Delay = 0.48> <FuncUnit> <Opcode : 'and' 'or' 'xor'> <InPorts = 2> <OutPorts = 1>
ST_1 : Operation 237 [1/1] (0.00ns) (grouped into LUT with out node select_ln1494_14)   --->   "%and_ln416_14 = and i1 %tmp_42, %xor_ln416_14" [firmware/nnet_utils/nnet_activation.h:71]   --->   Operation 237 'and' 'and_ln416_14' <Predicate = (icmp_ln1494_14)> <Delay = 0.00> <Core = "LogicGate">   --->   Core 27 'LogicGate' <Latency = 0> <II = 1> <Delay = 0.48> <FuncUnit> <Opcode : 'and' 'or' 'xor'> <InPorts = 2> <OutPorts = 1>
ST_1 : Operation 238 [1/1] (0.00ns)   --->   "%p_Result_2_13 = call i8 @_ssdm_op_PartSelect.i8.i20.i32.i32(i20 %data_14_V_read_1, i32 12, i32 19)" [firmware/nnet_utils/nnet_activation.h:71]   --->   Operation 238 'partselect' 'p_Result_2_13' <Predicate = (icmp_ln1494_14)> <Delay = 0.00>
ST_1 : Operation 239 [1/1] (0.86ns)   --->   "%icmp_ln879_14 = icmp eq i8 %p_Result_2_13, -1" [firmware/nnet_utils/nnet_activation.h:71]   --->   Operation 239 'icmp' 'icmp_ln879_14' <Predicate = (icmp_ln1494_14 & and_ln416_14)> <Delay = 0.86> <Core = "Cmp">   --->   Core 25 'Cmp' <Latency = 0> <II = 1> <Delay = 0.86> <FuncUnit> <Opcode : 'icmp'> <InPorts = 2> <OutPorts = 1>
ST_1 : Operation 240 [1/1] (0.86ns)   --->   "%icmp_ln768_14 = icmp eq i8 %p_Result_2_13, 0" [firmware/nnet_utils/nnet_activation.h:71]   --->   Operation 240 'icmp' 'icmp_ln768_14' <Predicate = (icmp_ln1494_14 & !and_ln416_14)> <Delay = 0.86> <Core = "Cmp">   --->   Core 25 'Cmp' <Latency = 0> <II = 1> <Delay = 0.86> <FuncUnit> <Opcode : 'icmp'> <InPorts = 2> <OutPorts = 1>
ST_1 : Operation 241 [1/1] (0.00ns) (grouped into LUT with out node select_ln1494_14)   --->   "%select_ln777_14 = select i1 %and_ln416_14, i1 %icmp_ln879_14, i1 %icmp_ln768_14" [firmware/nnet_utils/nnet_activation.h:71]   --->   Operation 241 'select' 'select_ln777_14' <Predicate = (icmp_ln1494_14)> <Delay = 0.00> <Core = "Sel">   --->   Core 26 'Sel' <Latency = 0> <II = 1> <Delay = 0.62> <FuncUnit> <Opcode : 'select'> <InPorts = 3> <OutPorts = 1>
ST_1 : Operation 242 [1/1] (0.00ns) (grouped into LUT with out node select_ln1494_14)   --->   "%select_ln340_14 = select i1 %select_ln777_14, i5 %add_ln415_14, i5 -1" [firmware/nnet_utils/nnet_activation.h:71]   --->   Operation 242 'select' 'select_ln340_14' <Predicate = (icmp_ln1494_14)> <Delay = 0.00> <Core = "Sel">   --->   Core 26 'Sel' <Latency = 0> <II = 1> <Delay = 0.62> <FuncUnit> <Opcode : 'select'> <InPorts = 3> <OutPorts = 1>
ST_1 : Operation 243 [1/1] (0.62ns) (out node of the LUT)   --->   "%select_ln1494_14 = select i1 %icmp_ln1494_14, i5 %select_ln340_14, i5 0" [firmware/nnet_utils/nnet_activation.h:71]   --->   Operation 243 'select' 'select_ln1494_14' <Predicate = true> <Delay = 0.62> <Core = "Sel">   --->   Core 26 'Sel' <Latency = 0> <II = 1> <Delay = 0.62> <FuncUnit> <Opcode : 'select'> <InPorts = 3> <OutPorts = 1>
ST_1 : Operation 244 [1/1] (0.00ns)   --->   "%mrv = insertvalue { i5, i5, i5, i5, i5, i5, i5, i5, i5, i5, i5, i5, i5, i5, i5 } undef, i5 %select_ln1494, 0" [firmware/nnet_utils/nnet_activation.h:75]   --->   Operation 244 'insertvalue' 'mrv' <Predicate = true> <Delay = 0.00>
ST_1 : Operation 245 [1/1] (0.00ns)   --->   "%mrv_1 = insertvalue { i5, i5, i5, i5, i5, i5, i5, i5, i5, i5, i5, i5, i5, i5, i5 } %mrv, i5 %select_ln1494_1, 1" [firmware/nnet_utils/nnet_activation.h:75]   --->   Operation 245 'insertvalue' 'mrv_1' <Predicate = true> <Delay = 0.00>
ST_1 : Operation 246 [1/1] (0.00ns)   --->   "%mrv_2 = insertvalue { i5, i5, i5, i5, i5, i5, i5, i5, i5, i5, i5, i5, i5, i5, i5 } %mrv_1, i5 %select_ln1494_2, 2" [firmware/nnet_utils/nnet_activation.h:75]   --->   Operation 246 'insertvalue' 'mrv_2' <Predicate = true> <Delay = 0.00>
ST_1 : Operation 247 [1/1] (0.00ns)   --->   "%mrv_3 = insertvalue { i5, i5, i5, i5, i5, i5, i5, i5, i5, i5, i5, i5, i5, i5, i5 } %mrv_2, i5 %select_ln1494_3, 3" [firmware/nnet_utils/nnet_activation.h:75]   --->   Operation 247 'insertvalue' 'mrv_3' <Predicate = true> <Delay = 0.00>
ST_1 : Operation 248 [1/1] (0.00ns)   --->   "%mrv_4 = insertvalue { i5, i5, i5, i5, i5, i5, i5, i5, i5, i5, i5, i5, i5, i5, i5 } %mrv_3, i5 %select_ln1494_4, 4" [firmware/nnet_utils/nnet_activation.h:75]   --->   Operation 248 'insertvalue' 'mrv_4' <Predicate = true> <Delay = 0.00>
ST_1 : Operation 249 [1/1] (0.00ns)   --->   "%mrv_5 = insertvalue { i5, i5, i5, i5, i5, i5, i5, i5, i5, i5, i5, i5, i5, i5, i5 } %mrv_4, i5 %select_ln1494_5, 5" [firmware/nnet_utils/nnet_activation.h:75]   --->   Operation 249 'insertvalue' 'mrv_5' <Predicate = true> <Delay = 0.00>
ST_1 : Operation 250 [1/1] (0.00ns)   --->   "%mrv_6 = insertvalue { i5, i5, i5, i5, i5, i5, i5, i5, i5, i5, i5, i5, i5, i5, i5 } %mrv_5, i5 %select_ln1494_6, 6" [firmware/nnet_utils/nnet_activation.h:75]   --->   Operation 250 'insertvalue' 'mrv_6' <Predicate = true> <Delay = 0.00>
ST_1 : Operation 251 [1/1] (0.00ns)   --->   "%mrv_7 = insertvalue { i5, i5, i5, i5, i5, i5, i5, i5, i5, i5, i5, i5, i5, i5, i5 } %mrv_6, i5 %select_ln1494_7, 7" [firmware/nnet_utils/nnet_activation.h:75]   --->   Operation 251 'insertvalue' 'mrv_7' <Predicate = true> <Delay = 0.00>
ST_1 : Operation 252 [1/1] (0.00ns)   --->   "%mrv_8 = insertvalue { i5, i5, i5, i5, i5, i5, i5, i5, i5, i5, i5, i5, i5, i5, i5 } %mrv_7, i5 %select_ln1494_8, 8" [firmware/nnet_utils/nnet_activation.h:75]   --->   Operation 252 'insertvalue' 'mrv_8' <Predicate = true> <Delay = 0.00>
ST_1 : Operation 253 [1/1] (0.00ns)   --->   "%mrv_9 = insertvalue { i5, i5, i5, i5, i5, i5, i5, i5, i5, i5, i5, i5, i5, i5, i5 } %mrv_8, i5 %select_ln1494_9, 9" [firmware/nnet_utils/nnet_activation.h:75]   --->   Operation 253 'insertvalue' 'mrv_9' <Predicate = true> <Delay = 0.00>
ST_1 : Operation 254 [1/1] (0.00ns)   --->   "%mrv_s = insertvalue { i5, i5, i5, i5, i5, i5, i5, i5, i5, i5, i5, i5, i5, i5, i5 } %mrv_9, i5 %select_ln1494_10, 10" [firmware/nnet_utils/nnet_activation.h:75]   --->   Operation 254 'insertvalue' 'mrv_s' <Predicate = true> <Delay = 0.00>
ST_1 : Operation 255 [1/1] (0.00ns)   --->   "%mrv_10 = insertvalue { i5, i5, i5, i5, i5, i5, i5, i5, i5, i5, i5, i5, i5, i5, i5 } %mrv_s, i5 %select_ln1494_11, 11" [firmware/nnet_utils/nnet_activation.h:75]   --->   Operation 255 'insertvalue' 'mrv_10' <Predicate = true> <Delay = 0.00>
ST_1 : Operation 256 [1/1] (0.00ns)   --->   "%mrv_11 = insertvalue { i5, i5, i5, i5, i5, i5, i5, i5, i5, i5, i5, i5, i5, i5, i5 } %mrv_10, i5 %select_ln1494_12, 12" [firmware/nnet_utils/nnet_activation.h:75]   --->   Operation 256 'insertvalue' 'mrv_11' <Predicate = true> <Delay = 0.00>
ST_1 : Operation 257 [1/1] (0.00ns)   --->   "%mrv_12 = insertvalue { i5, i5, i5, i5, i5, i5, i5, i5, i5, i5, i5, i5, i5, i5, i5 } %mrv_11, i5 %select_ln1494_13, 13" [firmware/nnet_utils/nnet_activation.h:75]   --->   Operation 257 'insertvalue' 'mrv_12' <Predicate = true> <Delay = 0.00>
ST_1 : Operation 258 [1/1] (0.00ns)   --->   "%mrv_13 = insertvalue { i5, i5, i5, i5, i5, i5, i5, i5, i5, i5, i5, i5, i5, i5, i5 } %mrv_12, i5 %select_ln1494_14, 14" [firmware/nnet_utils/nnet_activation.h:75]   --->   Operation 258 'insertvalue' 'mrv_13' <Predicate = true> <Delay = 0.00>
ST_1 : Operation 259 [1/1] (0.00ns)   --->   "ret { i5, i5, i5, i5, i5, i5, i5, i5, i5, i5, i5, i5, i5, i5, i5 } %mrv_13" [firmware/nnet_utils/nnet_activation.h:75]   --->   Operation 259 'ret' <Predicate = true> <Delay = 0.00>


============================================================
+ Verbose Summary: Timing violations
============================================================
Target clock period: 6.25ns, clock uncertainty: 1.88ns.

 <State 1>: 1.83ns
The critical path consists of the following:
	wire read on port 'data_14_V_read' (firmware/nnet_utils/nnet_activation.h:64) [17]  (0 ns)
	'icmp' operation ('icmp_ln1494_14', firmware/nnet_utils/nnet_activation.h:71) [243]  (1.2 ns)
	'select' operation ('res[14].V', firmware/nnet_utils/nnet_activation.h:71) [257]  (0.625 ns)


============================================================
+ Verbose Summary: Binding
============================================================
N/A
* FSMD analyzer results:
  - Output states:
 - Input state : 
  - Chain level:
	State 1


============================================================
+ Verbose Summary: Datapath Resource usage 
============================================================
N/A
