

================================================================
== Vivado HLS Report for 'Block_codeRepl320123_proc'
================================================================
* Date:           Wed Sep  7 18:57:00 2022

* Version:        2020.1 (Build 2897737 on Wed May 27 20:21:37 MDT 2020)
* Project:        myproject_prj
* Solution:       solution1
* Product family: virtex7
* Target device:  xc7vx690t-ffg1927-2


================================================================
== Performance Estimates
================================================================
+ Timing: 
    * Summary: 
    +--------+---------+----------+------------+
    |  Clock |  Target | Estimated| Uncertainty|
    +--------+---------+----------+------------+
    |ap_clk  | 6.25 ns |   0 ns   |   1.88 ns  |
    +--------+---------+----------+------------+

+ Latency: 
    * Summary: 
    +---------+---------+----------+----------+-----+-----+---------+
    |  Latency (cycles) |  Latency (absolute) |  Interval | Pipeline|
    |   min   |   max   |    min   |    max   | min | max |   Type  |
    +---------+---------+----------+----------+-----+-----+---------+
    |        0|        0|   0 ns   |   0 ns   |    0|    0|   none  |
    +---------+---------+----------+----------+-----+-----+---------+

    + Detail: 
        * Instance: 
        N/A

        * Loop: 
        N/A

============================================================
+ Verbose Summary: Synthesis Manager
============================================================
InlineROM: 1
ExposeGlobal: 0
============================================================
+ Verbose Summary: CDFG Model
============================================================
IsTopModel: 0
ResetActiveHigh: 1
IsCombinational: 2
IsDatapathOnly: 0
HasWiredReturn: 1
HasMFsm: 0
HasVarLatency: 0
IsPipeline: 0
IsRtlPipelined: 0
IsInstanceOverlapped: 0
IsDontTouch: 0
HasImplIP: 0
IsGatedGlobalClock: 0


============================================================
+ Verbose Summary: Schedule
============================================================
* Number of FSM states : 1
* Pipeline : 0
* Dataflow Pipeline: 0

* FSM state transitions: 
1 --> 

* FSM state operations: 

State 1 <SV = 0> <Delay = 0.00>
ST_1 : Operation 2 [1/1] (0.00ns)   --->   "call void (...)* @_ssdm_op_SpecClockDomain([8 x i8]* @default, [1 x i8]* @empty)"   --->   Operation 2 'specclockdomain' <Predicate = true> <Delay = 0.00>
ST_1 : Operation 3 [1/1] (0.00ns)   --->   "%link_in_0_V_read = call i128 @_ssdm_op_Read.ap_auto.i128P(i128* %link_in_0_V)" [firmware/myproject.cpp:62]   --->   Operation 3 'read' 'link_in_0_V_read' <Predicate = true> <Delay = 0.00>
ST_1 : Operation 4 [1/1] (0.00ns)   --->   "%centr_region_0_et_V = call i10 @_ssdm_op_PartSelect.i10.i128.i32.i32(i128 %link_in_0_V_read, i32 8, i32 17)" [firmware/myproject.cpp:63]   --->   Operation 4 'partselect' 'centr_region_0_et_V' <Predicate = true> <Delay = 0.00>
ST_1 : Operation 5 [1/1] (0.00ns)   --->   "%centr_region_1_et_V = call i10 @_ssdm_op_PartSelect.i10.i128.i32.i32(i128 %link_in_0_V_read, i32 24, i32 33)" [firmware/myproject.cpp:63]   --->   Operation 5 'partselect' 'centr_region_1_et_V' <Predicate = true> <Delay = 0.00>
ST_1 : Operation 6 [1/1] (0.00ns)   --->   "%centr_region_2_et_V = call i10 @_ssdm_op_PartSelect.i10.i128.i32.i32(i128 %link_in_0_V_read, i32 40, i32 49)" [firmware/myproject.cpp:63]   --->   Operation 6 'partselect' 'centr_region_2_et_V' <Predicate = true> <Delay = 0.00>
ST_1 : Operation 7 [1/1] (0.00ns)   --->   "%centr_region_3_et_V = call i10 @_ssdm_op_PartSelect.i10.i128.i32.i32(i128 %link_in_0_V_read, i32 56, i32 65)" [firmware/myproject.cpp:63]   --->   Operation 7 'partselect' 'centr_region_3_et_V' <Predicate = true> <Delay = 0.00>
ST_1 : Operation 8 [1/1] (0.00ns)   --->   "%centr_region_4_et_V = call i10 @_ssdm_op_PartSelect.i10.i128.i32.i32(i128 %link_in_0_V_read, i32 72, i32 81)" [firmware/myproject.cpp:63]   --->   Operation 8 'partselect' 'centr_region_4_et_V' <Predicate = true> <Delay = 0.00>
ST_1 : Operation 9 [1/1] (0.00ns)   --->   "%centr_region_5_et_V = call i10 @_ssdm_op_PartSelect.i10.i128.i32.i32(i128 %link_in_0_V_read, i32 88, i32 97)" [firmware/myproject.cpp:63]   --->   Operation 9 'partselect' 'centr_region_5_et_V' <Predicate = true> <Delay = 0.00>
ST_1 : Operation 10 [1/1] (0.00ns)   --->   "%centr_region_6_et_V = call i10 @_ssdm_op_PartSelect.i10.i128.i32.i32(i128 %link_in_0_V_read, i32 104, i32 113)" [firmware/myproject.cpp:63]   --->   Operation 10 'partselect' 'centr_region_6_et_V' <Predicate = true> <Delay = 0.00>
ST_1 : Operation 11 [1/1] (0.00ns)   --->   "%link_in_1_V_read = call i128 @_ssdm_op_Read.ap_auto.i128P(i128* %link_in_1_V)" [firmware/myproject.cpp:62]   --->   Operation 11 'read' 'link_in_1_V_read' <Predicate = true> <Delay = 0.00>
ST_1 : Operation 12 [1/1] (0.00ns)   --->   "%centr_region_7_et_V = call i10 @_ssdm_op_PartSelect.i10.i128.i32.i32(i128 %link_in_1_V_read, i32 8, i32 17)" [firmware/myproject.cpp:63]   --->   Operation 12 'partselect' 'centr_region_7_et_V' <Predicate = true> <Delay = 0.00>
ST_1 : Operation 13 [1/1] (0.00ns)   --->   "%centr_region_8_et_V = call i10 @_ssdm_op_PartSelect.i10.i128.i32.i32(i128 %link_in_1_V_read, i32 24, i32 33)" [firmware/myproject.cpp:63]   --->   Operation 13 'partselect' 'centr_region_8_et_V' <Predicate = true> <Delay = 0.00>
ST_1 : Operation 14 [1/1] (0.00ns)   --->   "%centr_region_9_et_V = call i10 @_ssdm_op_PartSelect.i10.i128.i32.i32(i128 %link_in_1_V_read, i32 40, i32 49)" [firmware/myproject.cpp:63]   --->   Operation 14 'partselect' 'centr_region_9_et_V' <Predicate = true> <Delay = 0.00>
ST_1 : Operation 15 [1/1] (0.00ns)   --->   "%centr_region_10_et_V = call i10 @_ssdm_op_PartSelect.i10.i128.i32.i32(i128 %link_in_1_V_read, i32 56, i32 65)" [firmware/myproject.cpp:63]   --->   Operation 15 'partselect' 'centr_region_10_et_V' <Predicate = true> <Delay = 0.00>
ST_1 : Operation 16 [1/1] (0.00ns)   --->   "%centr_region_11_et_V = call i10 @_ssdm_op_PartSelect.i10.i128.i32.i32(i128 %link_in_1_V_read, i32 72, i32 81)" [firmware/myproject.cpp:63]   --->   Operation 16 'partselect' 'centr_region_11_et_V' <Predicate = true> <Delay = 0.00>
ST_1 : Operation 17 [1/1] (0.00ns)   --->   "%centr_region_12_et_V = call i10 @_ssdm_op_PartSelect.i10.i128.i32.i32(i128 %link_in_1_V_read, i32 88, i32 97)" [firmware/myproject.cpp:63]   --->   Operation 17 'partselect' 'centr_region_12_et_V' <Predicate = true> <Delay = 0.00>
ST_1 : Operation 18 [1/1] (0.00ns)   --->   "%centr_region_13_et_V = call i10 @_ssdm_op_PartSelect.i10.i128.i32.i32(i128 %link_in_1_V_read, i32 104, i32 113)" [firmware/myproject.cpp:63]   --->   Operation 18 'partselect' 'centr_region_13_et_V' <Predicate = true> <Delay = 0.00>
ST_1 : Operation 19 [1/1] (0.00ns)   --->   "%link_in_2_V_read = call i128 @_ssdm_op_Read.ap_auto.i128P(i128* %link_in_2_V)" [firmware/myproject.cpp:62]   --->   Operation 19 'read' 'link_in_2_V_read' <Predicate = true> <Delay = 0.00>
ST_1 : Operation 20 [1/1] (0.00ns)   --->   "%centr_region_14_et_V = call i10 @_ssdm_op_PartSelect.i10.i128.i32.i32(i128 %link_in_2_V_read, i32 8, i32 17)" [firmware/myproject.cpp:63]   --->   Operation 20 'partselect' 'centr_region_14_et_V' <Predicate = true> <Delay = 0.00>
ST_1 : Operation 21 [1/1] (0.00ns)   --->   "%centr_region_15_et_V = call i10 @_ssdm_op_PartSelect.i10.i128.i32.i32(i128 %link_in_2_V_read, i32 24, i32 33)" [firmware/myproject.cpp:63]   --->   Operation 21 'partselect' 'centr_region_15_et_V' <Predicate = true> <Delay = 0.00>
ST_1 : Operation 22 [1/1] (0.00ns)   --->   "%centr_region_16_et_V = call i10 @_ssdm_op_PartSelect.i10.i128.i32.i32(i128 %link_in_2_V_read, i32 40, i32 49)" [firmware/myproject.cpp:63]   --->   Operation 22 'partselect' 'centr_region_16_et_V' <Predicate = true> <Delay = 0.00>
ST_1 : Operation 23 [1/1] (0.00ns)   --->   "%centr_region_17_et_V = call i10 @_ssdm_op_PartSelect.i10.i128.i32.i32(i128 %link_in_2_V_read, i32 56, i32 65)" [firmware/myproject.cpp:63]   --->   Operation 23 'partselect' 'centr_region_17_et_V' <Predicate = true> <Delay = 0.00>
ST_1 : Operation 24 [1/1] (0.00ns)   --->   "%centr_region_18_et_V = call i10 @_ssdm_op_PartSelect.i10.i128.i32.i32(i128 %link_in_2_V_read, i32 72, i32 81)" [firmware/myproject.cpp:63]   --->   Operation 24 'partselect' 'centr_region_18_et_V' <Predicate = true> <Delay = 0.00>
ST_1 : Operation 25 [1/1] (0.00ns)   --->   "%centr_region_19_et_V = call i10 @_ssdm_op_PartSelect.i10.i128.i32.i32(i128 %link_in_2_V_read, i32 88, i32 97)" [firmware/myproject.cpp:63]   --->   Operation 25 'partselect' 'centr_region_19_et_V' <Predicate = true> <Delay = 0.00>
ST_1 : Operation 26 [1/1] (0.00ns)   --->   "%centr_region_20_et_V = call i10 @_ssdm_op_PartSelect.i10.i128.i32.i32(i128 %link_in_2_V_read, i32 104, i32 113)" [firmware/myproject.cpp:63]   --->   Operation 26 'partselect' 'centr_region_20_et_V' <Predicate = true> <Delay = 0.00>
ST_1 : Operation 27 [1/1] (0.00ns)   --->   "%link_in_3_V_read = call i128 @_ssdm_op_Read.ap_auto.i128P(i128* %link_in_3_V)" [firmware/myproject.cpp:62]   --->   Operation 27 'read' 'link_in_3_V_read' <Predicate = true> <Delay = 0.00>
ST_1 : Operation 28 [1/1] (0.00ns)   --->   "%centr_region_21_et_V = call i10 @_ssdm_op_PartSelect.i10.i128.i32.i32(i128 %link_in_3_V_read, i32 8, i32 17)" [firmware/myproject.cpp:63]   --->   Operation 28 'partselect' 'centr_region_21_et_V' <Predicate = true> <Delay = 0.00>
ST_1 : Operation 29 [1/1] (0.00ns)   --->   "%centr_region_22_et_V = call i10 @_ssdm_op_PartSelect.i10.i128.i32.i32(i128 %link_in_3_V_read, i32 24, i32 33)" [firmware/myproject.cpp:63]   --->   Operation 29 'partselect' 'centr_region_22_et_V' <Predicate = true> <Delay = 0.00>
ST_1 : Operation 30 [1/1] (0.00ns)   --->   "%centr_region_23_et_V = call i10 @_ssdm_op_PartSelect.i10.i128.i32.i32(i128 %link_in_3_V_read, i32 40, i32 49)" [firmware/myproject.cpp:63]   --->   Operation 30 'partselect' 'centr_region_23_et_V' <Predicate = true> <Delay = 0.00>
ST_1 : Operation 31 [1/1] (0.00ns)   --->   "%centr_region_24_et_V = call i10 @_ssdm_op_PartSelect.i10.i128.i32.i32(i128 %link_in_3_V_read, i32 56, i32 65)" [firmware/myproject.cpp:63]   --->   Operation 31 'partselect' 'centr_region_24_et_V' <Predicate = true> <Delay = 0.00>
ST_1 : Operation 32 [1/1] (0.00ns)   --->   "%centr_region_25_et_V = call i10 @_ssdm_op_PartSelect.i10.i128.i32.i32(i128 %link_in_3_V_read, i32 72, i32 81)" [firmware/myproject.cpp:63]   --->   Operation 32 'partselect' 'centr_region_25_et_V' <Predicate = true> <Delay = 0.00>
ST_1 : Operation 33 [1/1] (0.00ns)   --->   "%centr_region_26_et_V = call i10 @_ssdm_op_PartSelect.i10.i128.i32.i32(i128 %link_in_3_V_read, i32 88, i32 97)" [firmware/myproject.cpp:63]   --->   Operation 33 'partselect' 'centr_region_26_et_V' <Predicate = true> <Delay = 0.00>
ST_1 : Operation 34 [1/1] (0.00ns)   --->   "%centr_region_27_et_V = call i10 @_ssdm_op_PartSelect.i10.i128.i32.i32(i128 %link_in_3_V_read, i32 104, i32 113)" [firmware/myproject.cpp:63]   --->   Operation 34 'partselect' 'centr_region_27_et_V' <Predicate = true> <Delay = 0.00>
ST_1 : Operation 35 [1/1] (0.00ns)   --->   "%link_in_4_V_read = call i128 @_ssdm_op_Read.ap_auto.i128P(i128* %link_in_4_V)" [firmware/myproject.cpp:62]   --->   Operation 35 'read' 'link_in_4_V_read' <Predicate = true> <Delay = 0.00>
ST_1 : Operation 36 [1/1] (0.00ns)   --->   "%centr_region_28_et_V = call i10 @_ssdm_op_PartSelect.i10.i128.i32.i32(i128 %link_in_4_V_read, i32 8, i32 17)" [firmware/myproject.cpp:63]   --->   Operation 36 'partselect' 'centr_region_28_et_V' <Predicate = true> <Delay = 0.00>
ST_1 : Operation 37 [1/1] (0.00ns)   --->   "%centr_region_29_et_V = call i10 @_ssdm_op_PartSelect.i10.i128.i32.i32(i128 %link_in_4_V_read, i32 24, i32 33)" [firmware/myproject.cpp:63]   --->   Operation 37 'partselect' 'centr_region_29_et_V' <Predicate = true> <Delay = 0.00>
ST_1 : Operation 38 [1/1] (0.00ns)   --->   "%centr_region_30_et_V = call i10 @_ssdm_op_PartSelect.i10.i128.i32.i32(i128 %link_in_4_V_read, i32 40, i32 49)" [firmware/myproject.cpp:63]   --->   Operation 38 'partselect' 'centr_region_30_et_V' <Predicate = true> <Delay = 0.00>
ST_1 : Operation 39 [1/1] (0.00ns)   --->   "%centr_region_31_et_V = call i10 @_ssdm_op_PartSelect.i10.i128.i32.i32(i128 %link_in_4_V_read, i32 56, i32 65)" [firmware/myproject.cpp:63]   --->   Operation 39 'partselect' 'centr_region_31_et_V' <Predicate = true> <Delay = 0.00>
ST_1 : Operation 40 [1/1] (0.00ns)   --->   "%centr_region_32_et_V = call i10 @_ssdm_op_PartSelect.i10.i128.i32.i32(i128 %link_in_4_V_read, i32 72, i32 81)" [firmware/myproject.cpp:63]   --->   Operation 40 'partselect' 'centr_region_32_et_V' <Predicate = true> <Delay = 0.00>
ST_1 : Operation 41 [1/1] (0.00ns)   --->   "%centr_region_33_et_V = call i10 @_ssdm_op_PartSelect.i10.i128.i32.i32(i128 %link_in_4_V_read, i32 88, i32 97)" [firmware/myproject.cpp:63]   --->   Operation 41 'partselect' 'centr_region_33_et_V' <Predicate = true> <Delay = 0.00>
ST_1 : Operation 42 [1/1] (0.00ns)   --->   "%centr_region_34_et_V = call i10 @_ssdm_op_PartSelect.i10.i128.i32.i32(i128 %link_in_4_V_read, i32 104, i32 113)" [firmware/myproject.cpp:63]   --->   Operation 42 'partselect' 'centr_region_34_et_V' <Predicate = true> <Delay = 0.00>
ST_1 : Operation 43 [1/1] (0.00ns)   --->   "%link_in_5_V_read = call i128 @_ssdm_op_Read.ap_auto.i128P(i128* %link_in_5_V)" [firmware/myproject.cpp:62]   --->   Operation 43 'read' 'link_in_5_V_read' <Predicate = true> <Delay = 0.00>
ST_1 : Operation 44 [1/1] (0.00ns)   --->   "%centr_region_35_et_V = call i10 @_ssdm_op_PartSelect.i10.i128.i32.i32(i128 %link_in_5_V_read, i32 8, i32 17)" [firmware/myproject.cpp:63]   --->   Operation 44 'partselect' 'centr_region_35_et_V' <Predicate = true> <Delay = 0.00>
ST_1 : Operation 45 [1/1] (0.00ns)   --->   "%centr_region_36_et_V = call i10 @_ssdm_op_PartSelect.i10.i128.i32.i32(i128 %link_in_5_V_read, i32 24, i32 33)" [firmware/myproject.cpp:63]   --->   Operation 45 'partselect' 'centr_region_36_et_V' <Predicate = true> <Delay = 0.00>
ST_1 : Operation 46 [1/1] (0.00ns)   --->   "%centr_region_37_et_V = call i10 @_ssdm_op_PartSelect.i10.i128.i32.i32(i128 %link_in_5_V_read, i32 40, i32 49)" [firmware/myproject.cpp:63]   --->   Operation 46 'partselect' 'centr_region_37_et_V' <Predicate = true> <Delay = 0.00>
ST_1 : Operation 47 [1/1] (0.00ns)   --->   "%centr_region_38_et_V = call i10 @_ssdm_op_PartSelect.i10.i128.i32.i32(i128 %link_in_5_V_read, i32 56, i32 65)" [firmware/myproject.cpp:63]   --->   Operation 47 'partselect' 'centr_region_38_et_V' <Predicate = true> <Delay = 0.00>
ST_1 : Operation 48 [1/1] (0.00ns)   --->   "%centr_region_39_et_V = call i10 @_ssdm_op_PartSelect.i10.i128.i32.i32(i128 %link_in_5_V_read, i32 72, i32 81)" [firmware/myproject.cpp:63]   --->   Operation 48 'partselect' 'centr_region_39_et_V' <Predicate = true> <Delay = 0.00>
ST_1 : Operation 49 [1/1] (0.00ns)   --->   "%centr_region_40_et_V = call i10 @_ssdm_op_PartSelect.i10.i128.i32.i32(i128 %link_in_5_V_read, i32 88, i32 97)" [firmware/myproject.cpp:63]   --->   Operation 49 'partselect' 'centr_region_40_et_V' <Predicate = true> <Delay = 0.00>
ST_1 : Operation 50 [1/1] (0.00ns)   --->   "%centr_region_41_et_V = call i10 @_ssdm_op_PartSelect.i10.i128.i32.i32(i128 %link_in_5_V_read, i32 104, i32 113)" [firmware/myproject.cpp:63]   --->   Operation 50 'partselect' 'centr_region_41_et_V' <Predicate = true> <Delay = 0.00>
ST_1 : Operation 51 [1/1] (0.00ns)   --->   "%link_in_6_V_read = call i128 @_ssdm_op_Read.ap_auto.i128P(i128* %link_in_6_V)" [firmware/myproject.cpp:62]   --->   Operation 51 'read' 'link_in_6_V_read' <Predicate = true> <Delay = 0.00>
ST_1 : Operation 52 [1/1] (0.00ns)   --->   "%centr_region_42_et_V = call i10 @_ssdm_op_PartSelect.i10.i128.i32.i32(i128 %link_in_6_V_read, i32 8, i32 17)" [firmware/myproject.cpp:63]   --->   Operation 52 'partselect' 'centr_region_42_et_V' <Predicate = true> <Delay = 0.00>
ST_1 : Operation 53 [1/1] (0.00ns)   --->   "%centr_region_43_et_V = call i10 @_ssdm_op_PartSelect.i10.i128.i32.i32(i128 %link_in_6_V_read, i32 24, i32 33)" [firmware/myproject.cpp:63]   --->   Operation 53 'partselect' 'centr_region_43_et_V' <Predicate = true> <Delay = 0.00>
ST_1 : Operation 54 [1/1] (0.00ns)   --->   "%centr_region_44_et_V = call i10 @_ssdm_op_PartSelect.i10.i128.i32.i32(i128 %link_in_6_V_read, i32 40, i32 49)" [firmware/myproject.cpp:63]   --->   Operation 54 'partselect' 'centr_region_44_et_V' <Predicate = true> <Delay = 0.00>
ST_1 : Operation 55 [1/1] (0.00ns)   --->   "%centr_region_45_et_V = call i10 @_ssdm_op_PartSelect.i10.i128.i32.i32(i128 %link_in_6_V_read, i32 56, i32 65)" [firmware/myproject.cpp:63]   --->   Operation 55 'partselect' 'centr_region_45_et_V' <Predicate = true> <Delay = 0.00>
ST_1 : Operation 56 [1/1] (0.00ns)   --->   "%centr_region_46_et_V = call i10 @_ssdm_op_PartSelect.i10.i128.i32.i32(i128 %link_in_6_V_read, i32 72, i32 81)" [firmware/myproject.cpp:63]   --->   Operation 56 'partselect' 'centr_region_46_et_V' <Predicate = true> <Delay = 0.00>
ST_1 : Operation 57 [1/1] (0.00ns)   --->   "%centr_region_47_et_V = call i10 @_ssdm_op_PartSelect.i10.i128.i32.i32(i128 %link_in_6_V_read, i32 88, i32 97)" [firmware/myproject.cpp:63]   --->   Operation 57 'partselect' 'centr_region_47_et_V' <Predicate = true> <Delay = 0.00>
ST_1 : Operation 58 [1/1] (0.00ns)   --->   "%centr_region_48_et_V = call i10 @_ssdm_op_PartSelect.i10.i128.i32.i32(i128 %link_in_6_V_read, i32 104, i32 113)" [firmware/myproject.cpp:63]   --->   Operation 58 'partselect' 'centr_region_48_et_V' <Predicate = true> <Delay = 0.00>
ST_1 : Operation 59 [1/1] (0.00ns)   --->   "%link_in_7_V_read = call i128 @_ssdm_op_Read.ap_auto.i128P(i128* %link_in_7_V)" [firmware/myproject.cpp:62]   --->   Operation 59 'read' 'link_in_7_V_read' <Predicate = true> <Delay = 0.00>
ST_1 : Operation 60 [1/1] (0.00ns)   --->   "%centr_region_49_et_V = call i10 @_ssdm_op_PartSelect.i10.i128.i32.i32(i128 %link_in_7_V_read, i32 8, i32 17)" [firmware/myproject.cpp:63]   --->   Operation 60 'partselect' 'centr_region_49_et_V' <Predicate = true> <Delay = 0.00>
ST_1 : Operation 61 [1/1] (0.00ns)   --->   "%centr_region_50_et_V = call i10 @_ssdm_op_PartSelect.i10.i128.i32.i32(i128 %link_in_7_V_read, i32 24, i32 33)" [firmware/myproject.cpp:63]   --->   Operation 61 'partselect' 'centr_region_50_et_V' <Predicate = true> <Delay = 0.00>
ST_1 : Operation 62 [1/1] (0.00ns)   --->   "%centr_region_51_et_V = call i10 @_ssdm_op_PartSelect.i10.i128.i32.i32(i128 %link_in_7_V_read, i32 40, i32 49)" [firmware/myproject.cpp:63]   --->   Operation 62 'partselect' 'centr_region_51_et_V' <Predicate = true> <Delay = 0.00>
ST_1 : Operation 63 [1/1] (0.00ns)   --->   "%centr_region_52_et_V = call i10 @_ssdm_op_PartSelect.i10.i128.i32.i32(i128 %link_in_7_V_read, i32 56, i32 65)" [firmware/myproject.cpp:63]   --->   Operation 63 'partselect' 'centr_region_52_et_V' <Predicate = true> <Delay = 0.00>
ST_1 : Operation 64 [1/1] (0.00ns)   --->   "%centr_region_53_et_V = call i10 @_ssdm_op_PartSelect.i10.i128.i32.i32(i128 %link_in_7_V_read, i32 72, i32 81)" [firmware/myproject.cpp:63]   --->   Operation 64 'partselect' 'centr_region_53_et_V' <Predicate = true> <Delay = 0.00>
ST_1 : Operation 65 [1/1] (0.00ns)   --->   "%centr_region_54_et_V = call i10 @_ssdm_op_PartSelect.i10.i128.i32.i32(i128 %link_in_7_V_read, i32 88, i32 97)" [firmware/myproject.cpp:63]   --->   Operation 65 'partselect' 'centr_region_54_et_V' <Predicate = true> <Delay = 0.00>
ST_1 : Operation 66 [1/1] (0.00ns)   --->   "%centr_region_55_et_V = call i10 @_ssdm_op_PartSelect.i10.i128.i32.i32(i128 %link_in_7_V_read, i32 104, i32 113)" [firmware/myproject.cpp:63]   --->   Operation 66 'partselect' 'centr_region_55_et_V' <Predicate = true> <Delay = 0.00>
ST_1 : Operation 67 [1/1] (0.00ns)   --->   "%link_in_8_V_read = call i128 @_ssdm_op_Read.ap_auto.i128P(i128* %link_in_8_V)" [firmware/myproject.cpp:62]   --->   Operation 67 'read' 'link_in_8_V_read' <Predicate = true> <Delay = 0.00>
ST_1 : Operation 68 [1/1] (0.00ns)   --->   "%centr_region_56_et_V = call i10 @_ssdm_op_PartSelect.i10.i128.i32.i32(i128 %link_in_8_V_read, i32 8, i32 17)" [firmware/myproject.cpp:63]   --->   Operation 68 'partselect' 'centr_region_56_et_V' <Predicate = true> <Delay = 0.00>
ST_1 : Operation 69 [1/1] (0.00ns)   --->   "%centr_region_57_et_V = call i10 @_ssdm_op_PartSelect.i10.i128.i32.i32(i128 %link_in_8_V_read, i32 24, i32 33)" [firmware/myproject.cpp:63]   --->   Operation 69 'partselect' 'centr_region_57_et_V' <Predicate = true> <Delay = 0.00>
ST_1 : Operation 70 [1/1] (0.00ns)   --->   "%centr_region_58_et_V = call i10 @_ssdm_op_PartSelect.i10.i128.i32.i32(i128 %link_in_8_V_read, i32 40, i32 49)" [firmware/myproject.cpp:63]   --->   Operation 70 'partselect' 'centr_region_58_et_V' <Predicate = true> <Delay = 0.00>
ST_1 : Operation 71 [1/1] (0.00ns)   --->   "%centr_region_59_et_V = call i10 @_ssdm_op_PartSelect.i10.i128.i32.i32(i128 %link_in_8_V_read, i32 56, i32 65)" [firmware/myproject.cpp:63]   --->   Operation 71 'partselect' 'centr_region_59_et_V' <Predicate = true> <Delay = 0.00>
ST_1 : Operation 72 [1/1] (0.00ns)   --->   "%centr_region_60_et_V = call i10 @_ssdm_op_PartSelect.i10.i128.i32.i32(i128 %link_in_8_V_read, i32 72, i32 81)" [firmware/myproject.cpp:63]   --->   Operation 72 'partselect' 'centr_region_60_et_V' <Predicate = true> <Delay = 0.00>
ST_1 : Operation 73 [1/1] (0.00ns)   --->   "%centr_region_61_et_V = call i10 @_ssdm_op_PartSelect.i10.i128.i32.i32(i128 %link_in_8_V_read, i32 88, i32 97)" [firmware/myproject.cpp:63]   --->   Operation 73 'partselect' 'centr_region_61_et_V' <Predicate = true> <Delay = 0.00>
ST_1 : Operation 74 [1/1] (0.00ns)   --->   "%centr_region_62_et_V = call i10 @_ssdm_op_PartSelect.i10.i128.i32.i32(i128 %link_in_8_V_read, i32 104, i32 113)" [firmware/myproject.cpp:63]   --->   Operation 74 'partselect' 'centr_region_62_et_V' <Predicate = true> <Delay = 0.00>
ST_1 : Operation 75 [1/1] (0.00ns)   --->   "%link_in_9_V_read = call i128 @_ssdm_op_Read.ap_auto.i128P(i128* %link_in_9_V)" [firmware/myproject.cpp:62]   --->   Operation 75 'read' 'link_in_9_V_read' <Predicate = true> <Delay = 0.00>
ST_1 : Operation 76 [1/1] (0.00ns)   --->   "%centr_region_63_et_V = call i10 @_ssdm_op_PartSelect.i10.i128.i32.i32(i128 %link_in_9_V_read, i32 8, i32 17)" [firmware/myproject.cpp:63]   --->   Operation 76 'partselect' 'centr_region_63_et_V' <Predicate = true> <Delay = 0.00>
ST_1 : Operation 77 [1/1] (0.00ns)   --->   "%centr_region_64_et_V = call i10 @_ssdm_op_PartSelect.i10.i128.i32.i32(i128 %link_in_9_V_read, i32 24, i32 33)" [firmware/myproject.cpp:63]   --->   Operation 77 'partselect' 'centr_region_64_et_V' <Predicate = true> <Delay = 0.00>
ST_1 : Operation 78 [1/1] (0.00ns)   --->   "%centr_region_65_et_V = call i10 @_ssdm_op_PartSelect.i10.i128.i32.i32(i128 %link_in_9_V_read, i32 40, i32 49)" [firmware/myproject.cpp:63]   --->   Operation 78 'partselect' 'centr_region_65_et_V' <Predicate = true> <Delay = 0.00>
ST_1 : Operation 79 [1/1] (0.00ns)   --->   "%centr_region_66_et_V = call i10 @_ssdm_op_PartSelect.i10.i128.i32.i32(i128 %link_in_9_V_read, i32 56, i32 65)" [firmware/myproject.cpp:63]   --->   Operation 79 'partselect' 'centr_region_66_et_V' <Predicate = true> <Delay = 0.00>
ST_1 : Operation 80 [1/1] (0.00ns)   --->   "%centr_region_67_et_V = call i10 @_ssdm_op_PartSelect.i10.i128.i32.i32(i128 %link_in_9_V_read, i32 72, i32 81)" [firmware/myproject.cpp:63]   --->   Operation 80 'partselect' 'centr_region_67_et_V' <Predicate = true> <Delay = 0.00>
ST_1 : Operation 81 [1/1] (0.00ns)   --->   "%centr_region_68_et_V = call i10 @_ssdm_op_PartSelect.i10.i128.i32.i32(i128 %link_in_9_V_read, i32 88, i32 97)" [firmware/myproject.cpp:63]   --->   Operation 81 'partselect' 'centr_region_68_et_V' <Predicate = true> <Delay = 0.00>
ST_1 : Operation 82 [1/1] (0.00ns)   --->   "%centr_region_69_et_V = call i10 @_ssdm_op_PartSelect.i10.i128.i32.i32(i128 %link_in_9_V_read, i32 104, i32 113)" [firmware/myproject.cpp:63]   --->   Operation 82 'partselect' 'centr_region_69_et_V' <Predicate = true> <Delay = 0.00>
ST_1 : Operation 83 [1/1] (0.00ns)   --->   "%link_in_10_V_read = call i128 @_ssdm_op_Read.ap_auto.i128P(i128* %link_in_10_V)" [firmware/myproject.cpp:62]   --->   Operation 83 'read' 'link_in_10_V_read' <Predicate = true> <Delay = 0.00>
ST_1 : Operation 84 [1/1] (0.00ns)   --->   "%centr_region_70_et_V = call i10 @_ssdm_op_PartSelect.i10.i128.i32.i32(i128 %link_in_10_V_read, i32 8, i32 17)" [firmware/myproject.cpp:63]   --->   Operation 84 'partselect' 'centr_region_70_et_V' <Predicate = true> <Delay = 0.00>
ST_1 : Operation 85 [1/1] (0.00ns)   --->   "%centr_region_71_et_V = call i10 @_ssdm_op_PartSelect.i10.i128.i32.i32(i128 %link_in_10_V_read, i32 24, i32 33)" [firmware/myproject.cpp:63]   --->   Operation 85 'partselect' 'centr_region_71_et_V' <Predicate = true> <Delay = 0.00>
ST_1 : Operation 86 [1/1] (0.00ns)   --->   "%centr_region_72_et_V = call i10 @_ssdm_op_PartSelect.i10.i128.i32.i32(i128 %link_in_10_V_read, i32 40, i32 49)" [firmware/myproject.cpp:63]   --->   Operation 86 'partselect' 'centr_region_72_et_V' <Predicate = true> <Delay = 0.00>
ST_1 : Operation 87 [1/1] (0.00ns)   --->   "%centr_region_73_et_V = call i10 @_ssdm_op_PartSelect.i10.i128.i32.i32(i128 %link_in_10_V_read, i32 56, i32 65)" [firmware/myproject.cpp:63]   --->   Operation 87 'partselect' 'centr_region_73_et_V' <Predicate = true> <Delay = 0.00>
ST_1 : Operation 88 [1/1] (0.00ns)   --->   "%centr_region_74_et_V = call i10 @_ssdm_op_PartSelect.i10.i128.i32.i32(i128 %link_in_10_V_read, i32 72, i32 81)" [firmware/myproject.cpp:63]   --->   Operation 88 'partselect' 'centr_region_74_et_V' <Predicate = true> <Delay = 0.00>
ST_1 : Operation 89 [1/1] (0.00ns)   --->   "%centr_region_75_et_V = call i10 @_ssdm_op_PartSelect.i10.i128.i32.i32(i128 %link_in_10_V_read, i32 88, i32 97)" [firmware/myproject.cpp:63]   --->   Operation 89 'partselect' 'centr_region_75_et_V' <Predicate = true> <Delay = 0.00>
ST_1 : Operation 90 [1/1] (0.00ns)   --->   "%centr_region_76_et_V = call i10 @_ssdm_op_PartSelect.i10.i128.i32.i32(i128 %link_in_10_V_read, i32 104, i32 113)" [firmware/myproject.cpp:63]   --->   Operation 90 'partselect' 'centr_region_76_et_V' <Predicate = true> <Delay = 0.00>
ST_1 : Operation 91 [1/1] (0.00ns)   --->   "%link_in_11_V_read = call i128 @_ssdm_op_Read.ap_auto.i128P(i128* %link_in_11_V)" [firmware/myproject.cpp:62]   --->   Operation 91 'read' 'link_in_11_V_read' <Predicate = true> <Delay = 0.00>
ST_1 : Operation 92 [1/1] (0.00ns)   --->   "%centr_region_77_et_V = call i10 @_ssdm_op_PartSelect.i10.i128.i32.i32(i128 %link_in_11_V_read, i32 8, i32 17)" [firmware/myproject.cpp:63]   --->   Operation 92 'partselect' 'centr_region_77_et_V' <Predicate = true> <Delay = 0.00>
ST_1 : Operation 93 [1/1] (0.00ns)   --->   "%centr_region_78_et_V = call i10 @_ssdm_op_PartSelect.i10.i128.i32.i32(i128 %link_in_11_V_read, i32 24, i32 33)" [firmware/myproject.cpp:63]   --->   Operation 93 'partselect' 'centr_region_78_et_V' <Predicate = true> <Delay = 0.00>
ST_1 : Operation 94 [1/1] (0.00ns)   --->   "%centr_region_79_et_V = call i10 @_ssdm_op_PartSelect.i10.i128.i32.i32(i128 %link_in_11_V_read, i32 40, i32 49)" [firmware/myproject.cpp:63]   --->   Operation 94 'partselect' 'centr_region_79_et_V' <Predicate = true> <Delay = 0.00>
ST_1 : Operation 95 [1/1] (0.00ns)   --->   "%centr_region_80_et_V = call i10 @_ssdm_op_PartSelect.i10.i128.i32.i32(i128 %link_in_11_V_read, i32 56, i32 65)" [firmware/myproject.cpp:63]   --->   Operation 95 'partselect' 'centr_region_80_et_V' <Predicate = true> <Delay = 0.00>
ST_1 : Operation 96 [1/1] (0.00ns)   --->   "%centr_region_81_et_V = call i10 @_ssdm_op_PartSelect.i10.i128.i32.i32(i128 %link_in_11_V_read, i32 72, i32 81)" [firmware/myproject.cpp:63]   --->   Operation 96 'partselect' 'centr_region_81_et_V' <Predicate = true> <Delay = 0.00>
ST_1 : Operation 97 [1/1] (0.00ns)   --->   "%centr_region_82_et_V = call i10 @_ssdm_op_PartSelect.i10.i128.i32.i32(i128 %link_in_11_V_read, i32 88, i32 97)" [firmware/myproject.cpp:63]   --->   Operation 97 'partselect' 'centr_region_82_et_V' <Predicate = true> <Delay = 0.00>
ST_1 : Operation 98 [1/1] (0.00ns)   --->   "%centr_region_83_et_V = call i10 @_ssdm_op_PartSelect.i10.i128.i32.i32(i128 %link_in_11_V_read, i32 104, i32 113)" [firmware/myproject.cpp:63]   --->   Operation 98 'partselect' 'centr_region_83_et_V' <Predicate = true> <Delay = 0.00>
ST_1 : Operation 99 [1/1] (0.00ns)   --->   "%link_in_12_V_read = call i128 @_ssdm_op_Read.ap_auto.i128P(i128* %link_in_12_V)" [firmware/myproject.cpp:62]   --->   Operation 99 'read' 'link_in_12_V_read' <Predicate = true> <Delay = 0.00>
ST_1 : Operation 100 [1/1] (0.00ns)   --->   "%centr_region_84_et_V = call i10 @_ssdm_op_PartSelect.i10.i128.i32.i32(i128 %link_in_12_V_read, i32 8, i32 17)" [firmware/myproject.cpp:63]   --->   Operation 100 'partselect' 'centr_region_84_et_V' <Predicate = true> <Delay = 0.00>
ST_1 : Operation 101 [1/1] (0.00ns)   --->   "%centr_region_85_et_V = call i10 @_ssdm_op_PartSelect.i10.i128.i32.i32(i128 %link_in_12_V_read, i32 24, i32 33)" [firmware/myproject.cpp:63]   --->   Operation 101 'partselect' 'centr_region_85_et_V' <Predicate = true> <Delay = 0.00>
ST_1 : Operation 102 [1/1] (0.00ns)   --->   "%centr_region_86_et_V = call i10 @_ssdm_op_PartSelect.i10.i128.i32.i32(i128 %link_in_12_V_read, i32 40, i32 49)" [firmware/myproject.cpp:63]   --->   Operation 102 'partselect' 'centr_region_86_et_V' <Predicate = true> <Delay = 0.00>
ST_1 : Operation 103 [1/1] (0.00ns)   --->   "%centr_region_87_et_V = call i10 @_ssdm_op_PartSelect.i10.i128.i32.i32(i128 %link_in_12_V_read, i32 56, i32 65)" [firmware/myproject.cpp:63]   --->   Operation 103 'partselect' 'centr_region_87_et_V' <Predicate = true> <Delay = 0.00>
ST_1 : Operation 104 [1/1] (0.00ns)   --->   "%centr_region_88_et_V = call i10 @_ssdm_op_PartSelect.i10.i128.i32.i32(i128 %link_in_12_V_read, i32 72, i32 81)" [firmware/myproject.cpp:63]   --->   Operation 104 'partselect' 'centr_region_88_et_V' <Predicate = true> <Delay = 0.00>
ST_1 : Operation 105 [1/1] (0.00ns)   --->   "%centr_region_89_et_V = call i10 @_ssdm_op_PartSelect.i10.i128.i32.i32(i128 %link_in_12_V_read, i32 88, i32 97)" [firmware/myproject.cpp:63]   --->   Operation 105 'partselect' 'centr_region_89_et_V' <Predicate = true> <Delay = 0.00>
ST_1 : Operation 106 [1/1] (0.00ns)   --->   "%centr_region_90_et_V = call i10 @_ssdm_op_PartSelect.i10.i128.i32.i32(i128 %link_in_12_V_read, i32 104, i32 113)" [firmware/myproject.cpp:63]   --->   Operation 106 'partselect' 'centr_region_90_et_V' <Predicate = true> <Delay = 0.00>
ST_1 : Operation 107 [1/1] (0.00ns)   --->   "%link_in_13_V_read = call i128 @_ssdm_op_Read.ap_auto.i128P(i128* %link_in_13_V)" [firmware/myproject.cpp:62]   --->   Operation 107 'read' 'link_in_13_V_read' <Predicate = true> <Delay = 0.00>
ST_1 : Operation 108 [1/1] (0.00ns)   --->   "%centr_region_91_et_V = call i10 @_ssdm_op_PartSelect.i10.i128.i32.i32(i128 %link_in_13_V_read, i32 8, i32 17)" [firmware/myproject.cpp:63]   --->   Operation 108 'partselect' 'centr_region_91_et_V' <Predicate = true> <Delay = 0.00>
ST_1 : Operation 109 [1/1] (0.00ns)   --->   "%centr_region_92_et_V = call i10 @_ssdm_op_PartSelect.i10.i128.i32.i32(i128 %link_in_13_V_read, i32 24, i32 33)" [firmware/myproject.cpp:63]   --->   Operation 109 'partselect' 'centr_region_92_et_V' <Predicate = true> <Delay = 0.00>
ST_1 : Operation 110 [1/1] (0.00ns)   --->   "%centr_region_93_et_V = call i10 @_ssdm_op_PartSelect.i10.i128.i32.i32(i128 %link_in_13_V_read, i32 40, i32 49)" [firmware/myproject.cpp:63]   --->   Operation 110 'partselect' 'centr_region_93_et_V' <Predicate = true> <Delay = 0.00>
ST_1 : Operation 111 [1/1] (0.00ns)   --->   "%centr_region_94_et_V = call i10 @_ssdm_op_PartSelect.i10.i128.i32.i32(i128 %link_in_13_V_read, i32 56, i32 65)" [firmware/myproject.cpp:63]   --->   Operation 111 'partselect' 'centr_region_94_et_V' <Predicate = true> <Delay = 0.00>
ST_1 : Operation 112 [1/1] (0.00ns)   --->   "%centr_region_95_et_V = call i10 @_ssdm_op_PartSelect.i10.i128.i32.i32(i128 %link_in_13_V_read, i32 72, i32 81)" [firmware/myproject.cpp:63]   --->   Operation 112 'partselect' 'centr_region_95_et_V' <Predicate = true> <Delay = 0.00>
ST_1 : Operation 113 [1/1] (0.00ns)   --->   "%centr_region_96_et_V = call i10 @_ssdm_op_PartSelect.i10.i128.i32.i32(i128 %link_in_13_V_read, i32 88, i32 97)" [firmware/myproject.cpp:63]   --->   Operation 113 'partselect' 'centr_region_96_et_V' <Predicate = true> <Delay = 0.00>
ST_1 : Operation 114 [1/1] (0.00ns)   --->   "%centr_region_97_et_V = call i10 @_ssdm_op_PartSelect.i10.i128.i32.i32(i128 %link_in_13_V_read, i32 104, i32 113)" [firmware/myproject.cpp:63]   --->   Operation 114 'partselect' 'centr_region_97_et_V' <Predicate = true> <Delay = 0.00>
ST_1 : Operation 115 [1/1] (0.00ns)   --->   "%link_in_14_V_read = call i128 @_ssdm_op_Read.ap_auto.i128P(i128* %link_in_14_V)" [firmware/myproject.cpp:62]   --->   Operation 115 'read' 'link_in_14_V_read' <Predicate = true> <Delay = 0.00>
ST_1 : Operation 116 [1/1] (0.00ns)   --->   "%centr_region_98_et_V = call i10 @_ssdm_op_PartSelect.i10.i128.i32.i32(i128 %link_in_14_V_read, i32 8, i32 17)" [firmware/myproject.cpp:63]   --->   Operation 116 'partselect' 'centr_region_98_et_V' <Predicate = true> <Delay = 0.00>
ST_1 : Operation 117 [1/1] (0.00ns)   --->   "%centr_region_99_et_V = call i10 @_ssdm_op_PartSelect.i10.i128.i32.i32(i128 %link_in_14_V_read, i32 24, i32 33)" [firmware/myproject.cpp:63]   --->   Operation 117 'partselect' 'centr_region_99_et_V' <Predicate = true> <Delay = 0.00>
ST_1 : Operation 118 [1/1] (0.00ns)   --->   "%centr_region_100_et_V = call i10 @_ssdm_op_PartSelect.i10.i128.i32.i32(i128 %link_in_14_V_read, i32 40, i32 49)" [firmware/myproject.cpp:63]   --->   Operation 118 'partselect' 'centr_region_100_et_V' <Predicate = true> <Delay = 0.00>
ST_1 : Operation 119 [1/1] (0.00ns)   --->   "%centr_region_101_et_V = call i10 @_ssdm_op_PartSelect.i10.i128.i32.i32(i128 %link_in_14_V_read, i32 56, i32 65)" [firmware/myproject.cpp:63]   --->   Operation 119 'partselect' 'centr_region_101_et_V' <Predicate = true> <Delay = 0.00>
ST_1 : Operation 120 [1/1] (0.00ns)   --->   "%centr_region_102_et_V = call i10 @_ssdm_op_PartSelect.i10.i128.i32.i32(i128 %link_in_14_V_read, i32 72, i32 81)" [firmware/myproject.cpp:63]   --->   Operation 120 'partselect' 'centr_region_102_et_V' <Predicate = true> <Delay = 0.00>
ST_1 : Operation 121 [1/1] (0.00ns)   --->   "%centr_region_103_et_V = call i10 @_ssdm_op_PartSelect.i10.i128.i32.i32(i128 %link_in_14_V_read, i32 88, i32 97)" [firmware/myproject.cpp:63]   --->   Operation 121 'partselect' 'centr_region_103_et_V' <Predicate = true> <Delay = 0.00>
ST_1 : Operation 122 [1/1] (0.00ns)   --->   "%centr_region_104_et_V = call i10 @_ssdm_op_PartSelect.i10.i128.i32.i32(i128 %link_in_14_V_read, i32 104, i32 113)" [firmware/myproject.cpp:63]   --->   Operation 122 'partselect' 'centr_region_104_et_V' <Predicate = true> <Delay = 0.00>
ST_1 : Operation 123 [1/1] (0.00ns)   --->   "%link_in_15_V_read = call i128 @_ssdm_op_Read.ap_auto.i128P(i128* %link_in_15_V)" [firmware/myproject.cpp:62]   --->   Operation 123 'read' 'link_in_15_V_read' <Predicate = true> <Delay = 0.00>
ST_1 : Operation 124 [1/1] (0.00ns)   --->   "%centr_region_105_et_V = call i10 @_ssdm_op_PartSelect.i10.i128.i32.i32(i128 %link_in_15_V_read, i32 8, i32 17)" [firmware/myproject.cpp:63]   --->   Operation 124 'partselect' 'centr_region_105_et_V' <Predicate = true> <Delay = 0.00>
ST_1 : Operation 125 [1/1] (0.00ns)   --->   "%centr_region_106_et_V = call i10 @_ssdm_op_PartSelect.i10.i128.i32.i32(i128 %link_in_15_V_read, i32 24, i32 33)" [firmware/myproject.cpp:63]   --->   Operation 125 'partselect' 'centr_region_106_et_V' <Predicate = true> <Delay = 0.00>
ST_1 : Operation 126 [1/1] (0.00ns)   --->   "%centr_region_107_et_V = call i10 @_ssdm_op_PartSelect.i10.i128.i32.i32(i128 %link_in_15_V_read, i32 40, i32 49)" [firmware/myproject.cpp:63]   --->   Operation 126 'partselect' 'centr_region_107_et_V' <Predicate = true> <Delay = 0.00>
ST_1 : Operation 127 [1/1] (0.00ns)   --->   "%centr_region_108_et_V = call i10 @_ssdm_op_PartSelect.i10.i128.i32.i32(i128 %link_in_15_V_read, i32 56, i32 65)" [firmware/myproject.cpp:63]   --->   Operation 127 'partselect' 'centr_region_108_et_V' <Predicate = true> <Delay = 0.00>
ST_1 : Operation 128 [1/1] (0.00ns)   --->   "%centr_region_109_et_V = call i10 @_ssdm_op_PartSelect.i10.i128.i32.i32(i128 %link_in_15_V_read, i32 72, i32 81)" [firmware/myproject.cpp:63]   --->   Operation 128 'partselect' 'centr_region_109_et_V' <Predicate = true> <Delay = 0.00>
ST_1 : Operation 129 [1/1] (0.00ns)   --->   "%centr_region_110_et_V = call i10 @_ssdm_op_PartSelect.i10.i128.i32.i32(i128 %link_in_15_V_read, i32 88, i32 97)" [firmware/myproject.cpp:63]   --->   Operation 129 'partselect' 'centr_region_110_et_V' <Predicate = true> <Delay = 0.00>
ST_1 : Operation 130 [1/1] (0.00ns)   --->   "%centr_region_111_et_V = call i10 @_ssdm_op_PartSelect.i10.i128.i32.i32(i128 %link_in_15_V_read, i32 104, i32 113)" [firmware/myproject.cpp:63]   --->   Operation 130 'partselect' 'centr_region_111_et_V' <Predicate = true> <Delay = 0.00>
ST_1 : Operation 131 [1/1] (0.00ns)   --->   "%link_in_16_V_read = call i128 @_ssdm_op_Read.ap_auto.i128P(i128* %link_in_16_V)" [firmware/myproject.cpp:62]   --->   Operation 131 'read' 'link_in_16_V_read' <Predicate = true> <Delay = 0.00>
ST_1 : Operation 132 [1/1] (0.00ns)   --->   "%centr_region_112_et_V = call i10 @_ssdm_op_PartSelect.i10.i128.i32.i32(i128 %link_in_16_V_read, i32 8, i32 17)" [firmware/myproject.cpp:63]   --->   Operation 132 'partselect' 'centr_region_112_et_V' <Predicate = true> <Delay = 0.00>
ST_1 : Operation 133 [1/1] (0.00ns)   --->   "%centr_region_113_et_V = call i10 @_ssdm_op_PartSelect.i10.i128.i32.i32(i128 %link_in_16_V_read, i32 24, i32 33)" [firmware/myproject.cpp:63]   --->   Operation 133 'partselect' 'centr_region_113_et_V' <Predicate = true> <Delay = 0.00>
ST_1 : Operation 134 [1/1] (0.00ns)   --->   "%centr_region_114_et_V = call i10 @_ssdm_op_PartSelect.i10.i128.i32.i32(i128 %link_in_16_V_read, i32 40, i32 49)" [firmware/myproject.cpp:63]   --->   Operation 134 'partselect' 'centr_region_114_et_V' <Predicate = true> <Delay = 0.00>
ST_1 : Operation 135 [1/1] (0.00ns)   --->   "%centr_region_115_et_V = call i10 @_ssdm_op_PartSelect.i10.i128.i32.i32(i128 %link_in_16_V_read, i32 56, i32 65)" [firmware/myproject.cpp:63]   --->   Operation 135 'partselect' 'centr_region_115_et_V' <Predicate = true> <Delay = 0.00>
ST_1 : Operation 136 [1/1] (0.00ns)   --->   "%centr_region_116_et_V = call i10 @_ssdm_op_PartSelect.i10.i128.i32.i32(i128 %link_in_16_V_read, i32 72, i32 81)" [firmware/myproject.cpp:63]   --->   Operation 136 'partselect' 'centr_region_116_et_V' <Predicate = true> <Delay = 0.00>
ST_1 : Operation 137 [1/1] (0.00ns)   --->   "%centr_region_117_et_V = call i10 @_ssdm_op_PartSelect.i10.i128.i32.i32(i128 %link_in_16_V_read, i32 88, i32 97)" [firmware/myproject.cpp:63]   --->   Operation 137 'partselect' 'centr_region_117_et_V' <Predicate = true> <Delay = 0.00>
ST_1 : Operation 138 [1/1] (0.00ns)   --->   "%centr_region_118_et_V = call i10 @_ssdm_op_PartSelect.i10.i128.i32.i32(i128 %link_in_16_V_read, i32 104, i32 113)" [firmware/myproject.cpp:63]   --->   Operation 138 'partselect' 'centr_region_118_et_V' <Predicate = true> <Delay = 0.00>
ST_1 : Operation 139 [1/1] (0.00ns)   --->   "%link_in_17_V_read = call i128 @_ssdm_op_Read.ap_auto.i128P(i128* %link_in_17_V)" [firmware/myproject.cpp:62]   --->   Operation 139 'read' 'link_in_17_V_read' <Predicate = true> <Delay = 0.00>
ST_1 : Operation 140 [1/1] (0.00ns)   --->   "%centr_region_119_et_V = call i10 @_ssdm_op_PartSelect.i10.i128.i32.i32(i128 %link_in_17_V_read, i32 8, i32 17)" [firmware/myproject.cpp:63]   --->   Operation 140 'partselect' 'centr_region_119_et_V' <Predicate = true> <Delay = 0.00>
ST_1 : Operation 141 [1/1] (0.00ns)   --->   "%centr_region_120_et_V = call i10 @_ssdm_op_PartSelect.i10.i128.i32.i32(i128 %link_in_17_V_read, i32 24, i32 33)" [firmware/myproject.cpp:63]   --->   Operation 141 'partselect' 'centr_region_120_et_V' <Predicate = true> <Delay = 0.00>
ST_1 : Operation 142 [1/1] (0.00ns)   --->   "%centr_region_121_et_V = call i10 @_ssdm_op_PartSelect.i10.i128.i32.i32(i128 %link_in_17_V_read, i32 40, i32 49)" [firmware/myproject.cpp:63]   --->   Operation 142 'partselect' 'centr_region_121_et_V' <Predicate = true> <Delay = 0.00>
ST_1 : Operation 143 [1/1] (0.00ns)   --->   "%centr_region_122_et_V = call i10 @_ssdm_op_PartSelect.i10.i128.i32.i32(i128 %link_in_17_V_read, i32 56, i32 65)" [firmware/myproject.cpp:63]   --->   Operation 143 'partselect' 'centr_region_122_et_V' <Predicate = true> <Delay = 0.00>
ST_1 : Operation 144 [1/1] (0.00ns)   --->   "%centr_region_123_et_V = call i10 @_ssdm_op_PartSelect.i10.i128.i32.i32(i128 %link_in_17_V_read, i32 72, i32 81)" [firmware/myproject.cpp:63]   --->   Operation 144 'partselect' 'centr_region_123_et_V' <Predicate = true> <Delay = 0.00>
ST_1 : Operation 145 [1/1] (0.00ns)   --->   "%centr_region_124_et_V = call i10 @_ssdm_op_PartSelect.i10.i128.i32.i32(i128 %link_in_17_V_read, i32 88, i32 97)" [firmware/myproject.cpp:63]   --->   Operation 145 'partselect' 'centr_region_124_et_V' <Predicate = true> <Delay = 0.00>
ST_1 : Operation 146 [1/1] (0.00ns)   --->   "%centr_region_125_et_V = call i10 @_ssdm_op_PartSelect.i10.i128.i32.i32(i128 %link_in_17_V_read, i32 104, i32 113)" [firmware/myproject.cpp:63]   --->   Operation 146 'partselect' 'centr_region_125_et_V' <Predicate = true> <Delay = 0.00>
ST_1 : Operation 147 [1/1] (0.00ns)   --->   "%link_in_18_V_read = call i128 @_ssdm_op_Read.ap_auto.i128P(i128* %link_in_18_V)" [firmware/myproject.cpp:62]   --->   Operation 147 'read' 'link_in_18_V_read' <Predicate = true> <Delay = 0.00>
ST_1 : Operation 148 [1/1] (0.00ns)   --->   "%centr_region_126_et_V = call i10 @_ssdm_op_PartSelect.i10.i128.i32.i32(i128 %link_in_18_V_read, i32 8, i32 17)" [firmware/myproject.cpp:63]   --->   Operation 148 'partselect' 'centr_region_126_et_V' <Predicate = true> <Delay = 0.00>
ST_1 : Operation 149 [1/1] (0.00ns)   --->   "%centr_region_127_et_V = call i10 @_ssdm_op_PartSelect.i10.i128.i32.i32(i128 %link_in_18_V_read, i32 24, i32 33)" [firmware/myproject.cpp:63]   --->   Operation 149 'partselect' 'centr_region_127_et_V' <Predicate = true> <Delay = 0.00>
ST_1 : Operation 150 [1/1] (0.00ns)   --->   "%centr_region_128_et_V = call i10 @_ssdm_op_PartSelect.i10.i128.i32.i32(i128 %link_in_18_V_read, i32 40, i32 49)" [firmware/myproject.cpp:63]   --->   Operation 150 'partselect' 'centr_region_128_et_V' <Predicate = true> <Delay = 0.00>
ST_1 : Operation 151 [1/1] (0.00ns)   --->   "%centr_region_129_et_V = call i10 @_ssdm_op_PartSelect.i10.i128.i32.i32(i128 %link_in_18_V_read, i32 56, i32 65)" [firmware/myproject.cpp:63]   --->   Operation 151 'partselect' 'centr_region_129_et_V' <Predicate = true> <Delay = 0.00>
ST_1 : Operation 152 [1/1] (0.00ns)   --->   "%centr_region_130_et_V = call i10 @_ssdm_op_PartSelect.i10.i128.i32.i32(i128 %link_in_18_V_read, i32 72, i32 81)" [firmware/myproject.cpp:63]   --->   Operation 152 'partselect' 'centr_region_130_et_V' <Predicate = true> <Delay = 0.00>
ST_1 : Operation 153 [1/1] (0.00ns)   --->   "%centr_region_131_et_V = call i10 @_ssdm_op_PartSelect.i10.i128.i32.i32(i128 %link_in_18_V_read, i32 88, i32 97)" [firmware/myproject.cpp:63]   --->   Operation 153 'partselect' 'centr_region_131_et_V' <Predicate = true> <Delay = 0.00>
ST_1 : Operation 154 [1/1] (0.00ns)   --->   "%centr_region_132_et_V = call i10 @_ssdm_op_PartSelect.i10.i128.i32.i32(i128 %link_in_18_V_read, i32 104, i32 113)" [firmware/myproject.cpp:63]   --->   Operation 154 'partselect' 'centr_region_132_et_V' <Predicate = true> <Delay = 0.00>
ST_1 : Operation 155 [1/1] (0.00ns)   --->   "%link_in_19_V_read = call i128 @_ssdm_op_Read.ap_auto.i128P(i128* %link_in_19_V)" [firmware/myproject.cpp:62]   --->   Operation 155 'read' 'link_in_19_V_read' <Predicate = true> <Delay = 0.00>
ST_1 : Operation 156 [1/1] (0.00ns)   --->   "%centr_region_133_et_V = call i10 @_ssdm_op_PartSelect.i10.i128.i32.i32(i128 %link_in_19_V_read, i32 8, i32 17)" [firmware/myproject.cpp:63]   --->   Operation 156 'partselect' 'centr_region_133_et_V' <Predicate = true> <Delay = 0.00>
ST_1 : Operation 157 [1/1] (0.00ns)   --->   "%centr_region_134_et_V = call i10 @_ssdm_op_PartSelect.i10.i128.i32.i32(i128 %link_in_19_V_read, i32 24, i32 33)" [firmware/myproject.cpp:63]   --->   Operation 157 'partselect' 'centr_region_134_et_V' <Predicate = true> <Delay = 0.00>
ST_1 : Operation 158 [1/1] (0.00ns)   --->   "%centr_region_135_et_V = call i10 @_ssdm_op_PartSelect.i10.i128.i32.i32(i128 %link_in_19_V_read, i32 40, i32 49)" [firmware/myproject.cpp:63]   --->   Operation 158 'partselect' 'centr_region_135_et_V' <Predicate = true> <Delay = 0.00>
ST_1 : Operation 159 [1/1] (0.00ns)   --->   "%centr_region_136_et_V = call i10 @_ssdm_op_PartSelect.i10.i128.i32.i32(i128 %link_in_19_V_read, i32 56, i32 65)" [firmware/myproject.cpp:63]   --->   Operation 159 'partselect' 'centr_region_136_et_V' <Predicate = true> <Delay = 0.00>
ST_1 : Operation 160 [1/1] (0.00ns)   --->   "%centr_region_137_et_V = call i10 @_ssdm_op_PartSelect.i10.i128.i32.i32(i128 %link_in_19_V_read, i32 72, i32 81)" [firmware/myproject.cpp:63]   --->   Operation 160 'partselect' 'centr_region_137_et_V' <Predicate = true> <Delay = 0.00>
ST_1 : Operation 161 [1/1] (0.00ns)   --->   "%centr_region_138_et_V = call i10 @_ssdm_op_PartSelect.i10.i128.i32.i32(i128 %link_in_19_V_read, i32 88, i32 97)" [firmware/myproject.cpp:63]   --->   Operation 161 'partselect' 'centr_region_138_et_V' <Predicate = true> <Delay = 0.00>
ST_1 : Operation 162 [1/1] (0.00ns)   --->   "%centr_region_139_et_V = call i10 @_ssdm_op_PartSelect.i10.i128.i32.i32(i128 %link_in_19_V_read, i32 104, i32 113)" [firmware/myproject.cpp:63]   --->   Operation 162 'partselect' 'centr_region_139_et_V' <Predicate = true> <Delay = 0.00>
ST_1 : Operation 163 [1/1] (0.00ns)   --->   "%link_in_20_V_read = call i128 @_ssdm_op_Read.ap_auto.i128P(i128* %link_in_20_V)" [firmware/myproject.cpp:62]   --->   Operation 163 'read' 'link_in_20_V_read' <Predicate = true> <Delay = 0.00>
ST_1 : Operation 164 [1/1] (0.00ns)   --->   "%centr_region_140_et_V = call i10 @_ssdm_op_PartSelect.i10.i128.i32.i32(i128 %link_in_20_V_read, i32 8, i32 17)" [firmware/myproject.cpp:63]   --->   Operation 164 'partselect' 'centr_region_140_et_V' <Predicate = true> <Delay = 0.00>
ST_1 : Operation 165 [1/1] (0.00ns)   --->   "%centr_region_141_et_V = call i10 @_ssdm_op_PartSelect.i10.i128.i32.i32(i128 %link_in_20_V_read, i32 24, i32 33)" [firmware/myproject.cpp:63]   --->   Operation 165 'partselect' 'centr_region_141_et_V' <Predicate = true> <Delay = 0.00>
ST_1 : Operation 166 [1/1] (0.00ns)   --->   "%centr_region_142_et_V = call i10 @_ssdm_op_PartSelect.i10.i128.i32.i32(i128 %link_in_20_V_read, i32 40, i32 49)" [firmware/myproject.cpp:63]   --->   Operation 166 'partselect' 'centr_region_142_et_V' <Predicate = true> <Delay = 0.00>
ST_1 : Operation 167 [1/1] (0.00ns)   --->   "%centr_region_143_et_V = call i10 @_ssdm_op_PartSelect.i10.i128.i32.i32(i128 %link_in_20_V_read, i32 56, i32 65)" [firmware/myproject.cpp:63]   --->   Operation 167 'partselect' 'centr_region_143_et_V' <Predicate = true> <Delay = 0.00>
ST_1 : Operation 168 [1/1] (0.00ns)   --->   "%centr_region_144_et_V = call i10 @_ssdm_op_PartSelect.i10.i128.i32.i32(i128 %link_in_20_V_read, i32 72, i32 81)" [firmware/myproject.cpp:63]   --->   Operation 168 'partselect' 'centr_region_144_et_V' <Predicate = true> <Delay = 0.00>
ST_1 : Operation 169 [1/1] (0.00ns)   --->   "%centr_region_145_et_V = call i10 @_ssdm_op_PartSelect.i10.i128.i32.i32(i128 %link_in_20_V_read, i32 88, i32 97)" [firmware/myproject.cpp:63]   --->   Operation 169 'partselect' 'centr_region_145_et_V' <Predicate = true> <Delay = 0.00>
ST_1 : Operation 170 [1/1] (0.00ns)   --->   "%centr_region_146_et_V = call i10 @_ssdm_op_PartSelect.i10.i128.i32.i32(i128 %link_in_20_V_read, i32 104, i32 113)" [firmware/myproject.cpp:63]   --->   Operation 170 'partselect' 'centr_region_146_et_V' <Predicate = true> <Delay = 0.00>
ST_1 : Operation 171 [1/1] (0.00ns)   --->   "%link_in_21_V_read = call i128 @_ssdm_op_Read.ap_auto.i128P(i128* %link_in_21_V)" [firmware/myproject.cpp:62]   --->   Operation 171 'read' 'link_in_21_V_read' <Predicate = true> <Delay = 0.00>
ST_1 : Operation 172 [1/1] (0.00ns)   --->   "%centr_region_147_et_V = call i10 @_ssdm_op_PartSelect.i10.i128.i32.i32(i128 %link_in_21_V_read, i32 8, i32 17)" [firmware/myproject.cpp:63]   --->   Operation 172 'partselect' 'centr_region_147_et_V' <Predicate = true> <Delay = 0.00>
ST_1 : Operation 173 [1/1] (0.00ns)   --->   "%centr_region_148_et_V = call i10 @_ssdm_op_PartSelect.i10.i128.i32.i32(i128 %link_in_21_V_read, i32 24, i32 33)" [firmware/myproject.cpp:63]   --->   Operation 173 'partselect' 'centr_region_148_et_V' <Predicate = true> <Delay = 0.00>
ST_1 : Operation 174 [1/1] (0.00ns)   --->   "%centr_region_149_et_V = call i10 @_ssdm_op_PartSelect.i10.i128.i32.i32(i128 %link_in_21_V_read, i32 40, i32 49)" [firmware/myproject.cpp:63]   --->   Operation 174 'partselect' 'centr_region_149_et_V' <Predicate = true> <Delay = 0.00>
ST_1 : Operation 175 [1/1] (0.00ns)   --->   "%centr_region_150_et_V = call i10 @_ssdm_op_PartSelect.i10.i128.i32.i32(i128 %link_in_21_V_read, i32 56, i32 65)" [firmware/myproject.cpp:63]   --->   Operation 175 'partselect' 'centr_region_150_et_V' <Predicate = true> <Delay = 0.00>
ST_1 : Operation 176 [1/1] (0.00ns)   --->   "%centr_region_151_et_V = call i10 @_ssdm_op_PartSelect.i10.i128.i32.i32(i128 %link_in_21_V_read, i32 72, i32 81)" [firmware/myproject.cpp:63]   --->   Operation 176 'partselect' 'centr_region_151_et_V' <Predicate = true> <Delay = 0.00>
ST_1 : Operation 177 [1/1] (0.00ns)   --->   "%centr_region_152_et_V = call i10 @_ssdm_op_PartSelect.i10.i128.i32.i32(i128 %link_in_21_V_read, i32 88, i32 97)" [firmware/myproject.cpp:63]   --->   Operation 177 'partselect' 'centr_region_152_et_V' <Predicate = true> <Delay = 0.00>
ST_1 : Operation 178 [1/1] (0.00ns)   --->   "%centr_region_153_et_V = call i10 @_ssdm_op_PartSelect.i10.i128.i32.i32(i128 %link_in_21_V_read, i32 104, i32 113)" [firmware/myproject.cpp:63]   --->   Operation 178 'partselect' 'centr_region_153_et_V' <Predicate = true> <Delay = 0.00>
ST_1 : Operation 179 [1/1] (0.00ns)   --->   "%link_in_22_V_read = call i128 @_ssdm_op_Read.ap_auto.i128P(i128* %link_in_22_V)" [firmware/myproject.cpp:62]   --->   Operation 179 'read' 'link_in_22_V_read' <Predicate = true> <Delay = 0.00>
ST_1 : Operation 180 [1/1] (0.00ns)   --->   "%centr_region_154_et_V = call i10 @_ssdm_op_PartSelect.i10.i128.i32.i32(i128 %link_in_22_V_read, i32 8, i32 17)" [firmware/myproject.cpp:63]   --->   Operation 180 'partselect' 'centr_region_154_et_V' <Predicate = true> <Delay = 0.00>
ST_1 : Operation 181 [1/1] (0.00ns)   --->   "%centr_region_155_et_V = call i10 @_ssdm_op_PartSelect.i10.i128.i32.i32(i128 %link_in_22_V_read, i32 24, i32 33)" [firmware/myproject.cpp:63]   --->   Operation 181 'partselect' 'centr_region_155_et_V' <Predicate = true> <Delay = 0.00>
ST_1 : Operation 182 [1/1] (0.00ns)   --->   "%centr_region_156_et_V = call i10 @_ssdm_op_PartSelect.i10.i128.i32.i32(i128 %link_in_22_V_read, i32 40, i32 49)" [firmware/myproject.cpp:63]   --->   Operation 182 'partselect' 'centr_region_156_et_V' <Predicate = true> <Delay = 0.00>
ST_1 : Operation 183 [1/1] (0.00ns)   --->   "%centr_region_157_et_V = call i10 @_ssdm_op_PartSelect.i10.i128.i32.i32(i128 %link_in_22_V_read, i32 56, i32 65)" [firmware/myproject.cpp:63]   --->   Operation 183 'partselect' 'centr_region_157_et_V' <Predicate = true> <Delay = 0.00>
ST_1 : Operation 184 [1/1] (0.00ns)   --->   "%centr_region_158_et_V = call i10 @_ssdm_op_PartSelect.i10.i128.i32.i32(i128 %link_in_22_V_read, i32 72, i32 81)" [firmware/myproject.cpp:63]   --->   Operation 184 'partselect' 'centr_region_158_et_V' <Predicate = true> <Delay = 0.00>
ST_1 : Operation 185 [1/1] (0.00ns)   --->   "%centr_region_159_et_V = call i10 @_ssdm_op_PartSelect.i10.i128.i32.i32(i128 %link_in_22_V_read, i32 88, i32 97)" [firmware/myproject.cpp:63]   --->   Operation 185 'partselect' 'centr_region_159_et_V' <Predicate = true> <Delay = 0.00>
ST_1 : Operation 186 [1/1] (0.00ns)   --->   "%centr_region_160_et_V = call i10 @_ssdm_op_PartSelect.i10.i128.i32.i32(i128 %link_in_22_V_read, i32 104, i32 113)" [firmware/myproject.cpp:63]   --->   Operation 186 'partselect' 'centr_region_160_et_V' <Predicate = true> <Delay = 0.00>
ST_1 : Operation 187 [1/1] (0.00ns)   --->   "%link_in_23_V_read = call i128 @_ssdm_op_Read.ap_auto.i128P(i128* %link_in_23_V)" [firmware/myproject.cpp:62]   --->   Operation 187 'read' 'link_in_23_V_read' <Predicate = true> <Delay = 0.00>
ST_1 : Operation 188 [1/1] (0.00ns)   --->   "%centr_region_161_et_V = call i10 @_ssdm_op_PartSelect.i10.i128.i32.i32(i128 %link_in_23_V_read, i32 8, i32 17)" [firmware/myproject.cpp:63]   --->   Operation 188 'partselect' 'centr_region_161_et_V' <Predicate = true> <Delay = 0.00>
ST_1 : Operation 189 [1/1] (0.00ns)   --->   "%centr_region_162_et_V = call i10 @_ssdm_op_PartSelect.i10.i128.i32.i32(i128 %link_in_23_V_read, i32 24, i32 33)" [firmware/myproject.cpp:63]   --->   Operation 189 'partselect' 'centr_region_162_et_V' <Predicate = true> <Delay = 0.00>
ST_1 : Operation 190 [1/1] (0.00ns)   --->   "%centr_region_163_et_V = call i10 @_ssdm_op_PartSelect.i10.i128.i32.i32(i128 %link_in_23_V_read, i32 40, i32 49)" [firmware/myproject.cpp:63]   --->   Operation 190 'partselect' 'centr_region_163_et_V' <Predicate = true> <Delay = 0.00>
ST_1 : Operation 191 [1/1] (0.00ns)   --->   "%centr_region_164_et_V = call i10 @_ssdm_op_PartSelect.i10.i128.i32.i32(i128 %link_in_23_V_read, i32 56, i32 65)" [firmware/myproject.cpp:63]   --->   Operation 191 'partselect' 'centr_region_164_et_V' <Predicate = true> <Delay = 0.00>
ST_1 : Operation 192 [1/1] (0.00ns)   --->   "%centr_region_165_et_V = call i10 @_ssdm_op_PartSelect.i10.i128.i32.i32(i128 %link_in_23_V_read, i32 72, i32 81)" [firmware/myproject.cpp:63]   --->   Operation 192 'partselect' 'centr_region_165_et_V' <Predicate = true> <Delay = 0.00>
ST_1 : Operation 193 [1/1] (0.00ns)   --->   "%centr_region_166_et_V = call i10 @_ssdm_op_PartSelect.i10.i128.i32.i32(i128 %link_in_23_V_read, i32 88, i32 97)" [firmware/myproject.cpp:63]   --->   Operation 193 'partselect' 'centr_region_166_et_V' <Predicate = true> <Delay = 0.00>
ST_1 : Operation 194 [1/1] (0.00ns)   --->   "%centr_region_167_et_V = call i10 @_ssdm_op_PartSelect.i10.i128.i32.i32(i128 %link_in_23_V_read, i32 104, i32 113)" [firmware/myproject.cpp:63]   --->   Operation 194 'partselect' 'centr_region_167_et_V' <Predicate = true> <Delay = 0.00>
ST_1 : Operation 195 [1/1] (0.00ns)   --->   "%link_in_24_V_read = call i128 @_ssdm_op_Read.ap_auto.i128P(i128* %link_in_24_V)" [firmware/myproject.cpp:62]   --->   Operation 195 'read' 'link_in_24_V_read' <Predicate = true> <Delay = 0.00>
ST_1 : Operation 196 [1/1] (0.00ns)   --->   "%centr_region_168_et_V = call i10 @_ssdm_op_PartSelect.i10.i128.i32.i32(i128 %link_in_24_V_read, i32 8, i32 17)" [firmware/myproject.cpp:63]   --->   Operation 196 'partselect' 'centr_region_168_et_V' <Predicate = true> <Delay = 0.00>
ST_1 : Operation 197 [1/1] (0.00ns)   --->   "%centr_region_169_et_V = call i10 @_ssdm_op_PartSelect.i10.i128.i32.i32(i128 %link_in_24_V_read, i32 24, i32 33)" [firmware/myproject.cpp:63]   --->   Operation 197 'partselect' 'centr_region_169_et_V' <Predicate = true> <Delay = 0.00>
ST_1 : Operation 198 [1/1] (0.00ns)   --->   "%centr_region_170_et_V = call i10 @_ssdm_op_PartSelect.i10.i128.i32.i32(i128 %link_in_24_V_read, i32 40, i32 49)" [firmware/myproject.cpp:63]   --->   Operation 198 'partselect' 'centr_region_170_et_V' <Predicate = true> <Delay = 0.00>
ST_1 : Operation 199 [1/1] (0.00ns)   --->   "%centr_region_171_et_V = call i10 @_ssdm_op_PartSelect.i10.i128.i32.i32(i128 %link_in_24_V_read, i32 56, i32 65)" [firmware/myproject.cpp:63]   --->   Operation 199 'partselect' 'centr_region_171_et_V' <Predicate = true> <Delay = 0.00>
ST_1 : Operation 200 [1/1] (0.00ns)   --->   "%centr_region_172_et_V = call i10 @_ssdm_op_PartSelect.i10.i128.i32.i32(i128 %link_in_24_V_read, i32 72, i32 81)" [firmware/myproject.cpp:63]   --->   Operation 200 'partselect' 'centr_region_172_et_V' <Predicate = true> <Delay = 0.00>
ST_1 : Operation 201 [1/1] (0.00ns)   --->   "%centr_region_173_et_V = call i10 @_ssdm_op_PartSelect.i10.i128.i32.i32(i128 %link_in_24_V_read, i32 88, i32 97)" [firmware/myproject.cpp:63]   --->   Operation 201 'partselect' 'centr_region_173_et_V' <Predicate = true> <Delay = 0.00>
ST_1 : Operation 202 [1/1] (0.00ns)   --->   "%centr_region_174_et_V = call i10 @_ssdm_op_PartSelect.i10.i128.i32.i32(i128 %link_in_24_V_read, i32 104, i32 113)" [firmware/myproject.cpp:63]   --->   Operation 202 'partselect' 'centr_region_174_et_V' <Predicate = true> <Delay = 0.00>
ST_1 : Operation 203 [1/1] (0.00ns)   --->   "%link_in_25_V_read = call i128 @_ssdm_op_Read.ap_auto.i128P(i128* %link_in_25_V)" [firmware/myproject.cpp:62]   --->   Operation 203 'read' 'link_in_25_V_read' <Predicate = true> <Delay = 0.00>
ST_1 : Operation 204 [1/1] (0.00ns)   --->   "%centr_region_175_et_V = call i10 @_ssdm_op_PartSelect.i10.i128.i32.i32(i128 %link_in_25_V_read, i32 8, i32 17)" [firmware/myproject.cpp:63]   --->   Operation 204 'partselect' 'centr_region_175_et_V' <Predicate = true> <Delay = 0.00>
ST_1 : Operation 205 [1/1] (0.00ns)   --->   "%centr_region_176_et_V = call i10 @_ssdm_op_PartSelect.i10.i128.i32.i32(i128 %link_in_25_V_read, i32 24, i32 33)" [firmware/myproject.cpp:63]   --->   Operation 205 'partselect' 'centr_region_176_et_V' <Predicate = true> <Delay = 0.00>
ST_1 : Operation 206 [1/1] (0.00ns)   --->   "%centr_region_177_et_V = call i10 @_ssdm_op_PartSelect.i10.i128.i32.i32(i128 %link_in_25_V_read, i32 40, i32 49)" [firmware/myproject.cpp:63]   --->   Operation 206 'partselect' 'centr_region_177_et_V' <Predicate = true> <Delay = 0.00>
ST_1 : Operation 207 [1/1] (0.00ns)   --->   "%centr_region_178_et_V = call i10 @_ssdm_op_PartSelect.i10.i128.i32.i32(i128 %link_in_25_V_read, i32 56, i32 65)" [firmware/myproject.cpp:63]   --->   Operation 207 'partselect' 'centr_region_178_et_V' <Predicate = true> <Delay = 0.00>
ST_1 : Operation 208 [1/1] (0.00ns)   --->   "%centr_region_179_et_V = call i10 @_ssdm_op_PartSelect.i10.i128.i32.i32(i128 %link_in_25_V_read, i32 72, i32 81)" [firmware/myproject.cpp:63]   --->   Operation 208 'partselect' 'centr_region_179_et_V' <Predicate = true> <Delay = 0.00>
ST_1 : Operation 209 [1/1] (0.00ns)   --->   "%centr_region_180_et_V = call i10 @_ssdm_op_PartSelect.i10.i128.i32.i32(i128 %link_in_25_V_read, i32 88, i32 97)" [firmware/myproject.cpp:63]   --->   Operation 209 'partselect' 'centr_region_180_et_V' <Predicate = true> <Delay = 0.00>
ST_1 : Operation 210 [1/1] (0.00ns)   --->   "%centr_region_181_et_V = call i10 @_ssdm_op_PartSelect.i10.i128.i32.i32(i128 %link_in_25_V_read, i32 104, i32 113)" [firmware/myproject.cpp:63]   --->   Operation 210 'partselect' 'centr_region_181_et_V' <Predicate = true> <Delay = 0.00>
ST_1 : Operation 211 [1/1] (0.00ns)   --->   "%link_in_26_V_read = call i128 @_ssdm_op_Read.ap_auto.i128P(i128* %link_in_26_V)" [firmware/myproject.cpp:62]   --->   Operation 211 'read' 'link_in_26_V_read' <Predicate = true> <Delay = 0.00>
ST_1 : Operation 212 [1/1] (0.00ns)   --->   "%centr_region_182_et_V = call i10 @_ssdm_op_PartSelect.i10.i128.i32.i32(i128 %link_in_26_V_read, i32 8, i32 17)" [firmware/myproject.cpp:63]   --->   Operation 212 'partselect' 'centr_region_182_et_V' <Predicate = true> <Delay = 0.00>
ST_1 : Operation 213 [1/1] (0.00ns)   --->   "%centr_region_183_et_V = call i10 @_ssdm_op_PartSelect.i10.i128.i32.i32(i128 %link_in_26_V_read, i32 24, i32 33)" [firmware/myproject.cpp:63]   --->   Operation 213 'partselect' 'centr_region_183_et_V' <Predicate = true> <Delay = 0.00>
ST_1 : Operation 214 [1/1] (0.00ns)   --->   "%centr_region_184_et_V = call i10 @_ssdm_op_PartSelect.i10.i128.i32.i32(i128 %link_in_26_V_read, i32 40, i32 49)" [firmware/myproject.cpp:63]   --->   Operation 214 'partselect' 'centr_region_184_et_V' <Predicate = true> <Delay = 0.00>
ST_1 : Operation 215 [1/1] (0.00ns)   --->   "%centr_region_185_et_V = call i10 @_ssdm_op_PartSelect.i10.i128.i32.i32(i128 %link_in_26_V_read, i32 56, i32 65)" [firmware/myproject.cpp:63]   --->   Operation 215 'partselect' 'centr_region_185_et_V' <Predicate = true> <Delay = 0.00>
ST_1 : Operation 216 [1/1] (0.00ns)   --->   "%centr_region_186_et_V = call i10 @_ssdm_op_PartSelect.i10.i128.i32.i32(i128 %link_in_26_V_read, i32 72, i32 81)" [firmware/myproject.cpp:63]   --->   Operation 216 'partselect' 'centr_region_186_et_V' <Predicate = true> <Delay = 0.00>
ST_1 : Operation 217 [1/1] (0.00ns)   --->   "%centr_region_187_et_V = call i10 @_ssdm_op_PartSelect.i10.i128.i32.i32(i128 %link_in_26_V_read, i32 88, i32 97)" [firmware/myproject.cpp:63]   --->   Operation 217 'partselect' 'centr_region_187_et_V' <Predicate = true> <Delay = 0.00>
ST_1 : Operation 218 [1/1] (0.00ns)   --->   "%centr_region_188_et_V = call i10 @_ssdm_op_PartSelect.i10.i128.i32.i32(i128 %link_in_26_V_read, i32 104, i32 113)" [firmware/myproject.cpp:63]   --->   Operation 218 'partselect' 'centr_region_188_et_V' <Predicate = true> <Delay = 0.00>
ST_1 : Operation 219 [1/1] (0.00ns)   --->   "%link_in_27_V_read = call i128 @_ssdm_op_Read.ap_auto.i128P(i128* %link_in_27_V)" [firmware/myproject.cpp:62]   --->   Operation 219 'read' 'link_in_27_V_read' <Predicate = true> <Delay = 0.00>
ST_1 : Operation 220 [1/1] (0.00ns)   --->   "%centr_region_189_et_V = call i10 @_ssdm_op_PartSelect.i10.i128.i32.i32(i128 %link_in_27_V_read, i32 8, i32 17)" [firmware/myproject.cpp:63]   --->   Operation 220 'partselect' 'centr_region_189_et_V' <Predicate = true> <Delay = 0.00>
ST_1 : Operation 221 [1/1] (0.00ns)   --->   "%centr_region_190_et_V = call i10 @_ssdm_op_PartSelect.i10.i128.i32.i32(i128 %link_in_27_V_read, i32 24, i32 33)" [firmware/myproject.cpp:63]   --->   Operation 221 'partselect' 'centr_region_190_et_V' <Predicate = true> <Delay = 0.00>
ST_1 : Operation 222 [1/1] (0.00ns)   --->   "%centr_region_191_et_V = call i10 @_ssdm_op_PartSelect.i10.i128.i32.i32(i128 %link_in_27_V_read, i32 40, i32 49)" [firmware/myproject.cpp:63]   --->   Operation 222 'partselect' 'centr_region_191_et_V' <Predicate = true> <Delay = 0.00>
ST_1 : Operation 223 [1/1] (0.00ns)   --->   "%centr_region_192_et_V = call i10 @_ssdm_op_PartSelect.i10.i128.i32.i32(i128 %link_in_27_V_read, i32 56, i32 65)" [firmware/myproject.cpp:63]   --->   Operation 223 'partselect' 'centr_region_192_et_V' <Predicate = true> <Delay = 0.00>
ST_1 : Operation 224 [1/1] (0.00ns)   --->   "%centr_region_193_et_V = call i10 @_ssdm_op_PartSelect.i10.i128.i32.i32(i128 %link_in_27_V_read, i32 72, i32 81)" [firmware/myproject.cpp:63]   --->   Operation 224 'partselect' 'centr_region_193_et_V' <Predicate = true> <Delay = 0.00>
ST_1 : Operation 225 [1/1] (0.00ns)   --->   "%centr_region_194_et_V = call i10 @_ssdm_op_PartSelect.i10.i128.i32.i32(i128 %link_in_27_V_read, i32 88, i32 97)" [firmware/myproject.cpp:63]   --->   Operation 225 'partselect' 'centr_region_194_et_V' <Predicate = true> <Delay = 0.00>
ST_1 : Operation 226 [1/1] (0.00ns)   --->   "%centr_region_195_et_V = call i10 @_ssdm_op_PartSelect.i10.i128.i32.i32(i128 %link_in_27_V_read, i32 104, i32 113)" [firmware/myproject.cpp:63]   --->   Operation 226 'partselect' 'centr_region_195_et_V' <Predicate = true> <Delay = 0.00>
ST_1 : Operation 227 [1/1] (0.00ns)   --->   "%link_in_28_V_read = call i128 @_ssdm_op_Read.ap_auto.i128P(i128* %link_in_28_V)" [firmware/myproject.cpp:62]   --->   Operation 227 'read' 'link_in_28_V_read' <Predicate = true> <Delay = 0.00>
ST_1 : Operation 228 [1/1] (0.00ns)   --->   "%centr_region_196_et_V = call i10 @_ssdm_op_PartSelect.i10.i128.i32.i32(i128 %link_in_28_V_read, i32 8, i32 17)" [firmware/myproject.cpp:63]   --->   Operation 228 'partselect' 'centr_region_196_et_V' <Predicate = true> <Delay = 0.00>
ST_1 : Operation 229 [1/1] (0.00ns)   --->   "%centr_region_197_et_V = call i10 @_ssdm_op_PartSelect.i10.i128.i32.i32(i128 %link_in_28_V_read, i32 24, i32 33)" [firmware/myproject.cpp:63]   --->   Operation 229 'partselect' 'centr_region_197_et_V' <Predicate = true> <Delay = 0.00>
ST_1 : Operation 230 [1/1] (0.00ns)   --->   "%centr_region_198_et_V = call i10 @_ssdm_op_PartSelect.i10.i128.i32.i32(i128 %link_in_28_V_read, i32 40, i32 49)" [firmware/myproject.cpp:63]   --->   Operation 230 'partselect' 'centr_region_198_et_V' <Predicate = true> <Delay = 0.00>
ST_1 : Operation 231 [1/1] (0.00ns)   --->   "%centr_region_199_et_V = call i10 @_ssdm_op_PartSelect.i10.i128.i32.i32(i128 %link_in_28_V_read, i32 56, i32 65)" [firmware/myproject.cpp:63]   --->   Operation 231 'partselect' 'centr_region_199_et_V' <Predicate = true> <Delay = 0.00>
ST_1 : Operation 232 [1/1] (0.00ns)   --->   "%centr_region_200_et_V = call i10 @_ssdm_op_PartSelect.i10.i128.i32.i32(i128 %link_in_28_V_read, i32 72, i32 81)" [firmware/myproject.cpp:63]   --->   Operation 232 'partselect' 'centr_region_200_et_V' <Predicate = true> <Delay = 0.00>
ST_1 : Operation 233 [1/1] (0.00ns)   --->   "%centr_region_201_et_V = call i10 @_ssdm_op_PartSelect.i10.i128.i32.i32(i128 %link_in_28_V_read, i32 88, i32 97)" [firmware/myproject.cpp:63]   --->   Operation 233 'partselect' 'centr_region_201_et_V' <Predicate = true> <Delay = 0.00>
ST_1 : Operation 234 [1/1] (0.00ns)   --->   "%centr_region_202_et_V = call i10 @_ssdm_op_PartSelect.i10.i128.i32.i32(i128 %link_in_28_V_read, i32 104, i32 113)" [firmware/myproject.cpp:63]   --->   Operation 234 'partselect' 'centr_region_202_et_V' <Predicate = true> <Delay = 0.00>
ST_1 : Operation 235 [1/1] (0.00ns)   --->   "%link_in_29_V_read = call i128 @_ssdm_op_Read.ap_auto.i128P(i128* %link_in_29_V)" [firmware/myproject.cpp:62]   --->   Operation 235 'read' 'link_in_29_V_read' <Predicate = true> <Delay = 0.00>
ST_1 : Operation 236 [1/1] (0.00ns)   --->   "%centr_region_203_et_V = call i10 @_ssdm_op_PartSelect.i10.i128.i32.i32(i128 %link_in_29_V_read, i32 8, i32 17)" [firmware/myproject.cpp:63]   --->   Operation 236 'partselect' 'centr_region_203_et_V' <Predicate = true> <Delay = 0.00>
ST_1 : Operation 237 [1/1] (0.00ns)   --->   "%centr_region_204_et_V = call i10 @_ssdm_op_PartSelect.i10.i128.i32.i32(i128 %link_in_29_V_read, i32 24, i32 33)" [firmware/myproject.cpp:63]   --->   Operation 237 'partselect' 'centr_region_204_et_V' <Predicate = true> <Delay = 0.00>
ST_1 : Operation 238 [1/1] (0.00ns)   --->   "%centr_region_205_et_V = call i10 @_ssdm_op_PartSelect.i10.i128.i32.i32(i128 %link_in_29_V_read, i32 40, i32 49)" [firmware/myproject.cpp:63]   --->   Operation 238 'partselect' 'centr_region_205_et_V' <Predicate = true> <Delay = 0.00>
ST_1 : Operation 239 [1/1] (0.00ns)   --->   "%centr_region_206_et_V = call i10 @_ssdm_op_PartSelect.i10.i128.i32.i32(i128 %link_in_29_V_read, i32 56, i32 65)" [firmware/myproject.cpp:63]   --->   Operation 239 'partselect' 'centr_region_206_et_V' <Predicate = true> <Delay = 0.00>
ST_1 : Operation 240 [1/1] (0.00ns)   --->   "%centr_region_207_et_V = call i10 @_ssdm_op_PartSelect.i10.i128.i32.i32(i128 %link_in_29_V_read, i32 72, i32 81)" [firmware/myproject.cpp:63]   --->   Operation 240 'partselect' 'centr_region_207_et_V' <Predicate = true> <Delay = 0.00>
ST_1 : Operation 241 [1/1] (0.00ns)   --->   "%centr_region_208_et_V = call i10 @_ssdm_op_PartSelect.i10.i128.i32.i32(i128 %link_in_29_V_read, i32 88, i32 97)" [firmware/myproject.cpp:63]   --->   Operation 241 'partselect' 'centr_region_208_et_V' <Predicate = true> <Delay = 0.00>
ST_1 : Operation 242 [1/1] (0.00ns)   --->   "%centr_region_209_et_V = call i10 @_ssdm_op_PartSelect.i10.i128.i32.i32(i128 %link_in_29_V_read, i32 104, i32 113)" [firmware/myproject.cpp:63]   --->   Operation 242 'partselect' 'centr_region_209_et_V' <Predicate = true> <Delay = 0.00>
ST_1 : Operation 243 [1/1] (0.00ns)   --->   "%link_in_30_V_read = call i128 @_ssdm_op_Read.ap_auto.i128P(i128* %link_in_30_V)" [firmware/myproject.cpp:62]   --->   Operation 243 'read' 'link_in_30_V_read' <Predicate = true> <Delay = 0.00>
ST_1 : Operation 244 [1/1] (0.00ns)   --->   "%centr_region_210_et_V = call i10 @_ssdm_op_PartSelect.i10.i128.i32.i32(i128 %link_in_30_V_read, i32 8, i32 17)" [firmware/myproject.cpp:63]   --->   Operation 244 'partselect' 'centr_region_210_et_V' <Predicate = true> <Delay = 0.00>
ST_1 : Operation 245 [1/1] (0.00ns)   --->   "%centr_region_211_et_V = call i10 @_ssdm_op_PartSelect.i10.i128.i32.i32(i128 %link_in_30_V_read, i32 24, i32 33)" [firmware/myproject.cpp:63]   --->   Operation 245 'partselect' 'centr_region_211_et_V' <Predicate = true> <Delay = 0.00>
ST_1 : Operation 246 [1/1] (0.00ns)   --->   "%centr_region_212_et_V = call i10 @_ssdm_op_PartSelect.i10.i128.i32.i32(i128 %link_in_30_V_read, i32 40, i32 49)" [firmware/myproject.cpp:63]   --->   Operation 246 'partselect' 'centr_region_212_et_V' <Predicate = true> <Delay = 0.00>
ST_1 : Operation 247 [1/1] (0.00ns)   --->   "%centr_region_213_et_V = call i10 @_ssdm_op_PartSelect.i10.i128.i32.i32(i128 %link_in_30_V_read, i32 56, i32 65)" [firmware/myproject.cpp:63]   --->   Operation 247 'partselect' 'centr_region_213_et_V' <Predicate = true> <Delay = 0.00>
ST_1 : Operation 248 [1/1] (0.00ns)   --->   "%centr_region_214_et_V = call i10 @_ssdm_op_PartSelect.i10.i128.i32.i32(i128 %link_in_30_V_read, i32 72, i32 81)" [firmware/myproject.cpp:63]   --->   Operation 248 'partselect' 'centr_region_214_et_V' <Predicate = true> <Delay = 0.00>
ST_1 : Operation 249 [1/1] (0.00ns)   --->   "%centr_region_215_et_V = call i10 @_ssdm_op_PartSelect.i10.i128.i32.i32(i128 %link_in_30_V_read, i32 88, i32 97)" [firmware/myproject.cpp:63]   --->   Operation 249 'partselect' 'centr_region_215_et_V' <Predicate = true> <Delay = 0.00>
ST_1 : Operation 250 [1/1] (0.00ns)   --->   "%centr_region_216_et_V = call i10 @_ssdm_op_PartSelect.i10.i128.i32.i32(i128 %link_in_30_V_read, i32 104, i32 113)" [firmware/myproject.cpp:63]   --->   Operation 250 'partselect' 'centr_region_216_et_V' <Predicate = true> <Delay = 0.00>
ST_1 : Operation 251 [1/1] (0.00ns)   --->   "%link_in_31_V_read = call i128 @_ssdm_op_Read.ap_auto.i128P(i128* %link_in_31_V)" [firmware/myproject.cpp:62]   --->   Operation 251 'read' 'link_in_31_V_read' <Predicate = true> <Delay = 0.00>
ST_1 : Operation 252 [1/1] (0.00ns)   --->   "%centr_region_217_et_V = call i10 @_ssdm_op_PartSelect.i10.i128.i32.i32(i128 %link_in_31_V_read, i32 8, i32 17)" [firmware/myproject.cpp:63]   --->   Operation 252 'partselect' 'centr_region_217_et_V' <Predicate = true> <Delay = 0.00>
ST_1 : Operation 253 [1/1] (0.00ns)   --->   "%centr_region_218_et_V = call i10 @_ssdm_op_PartSelect.i10.i128.i32.i32(i128 %link_in_31_V_read, i32 24, i32 33)" [firmware/myproject.cpp:63]   --->   Operation 253 'partselect' 'centr_region_218_et_V' <Predicate = true> <Delay = 0.00>
ST_1 : Operation 254 [1/1] (0.00ns)   --->   "%centr_region_219_et_V = call i10 @_ssdm_op_PartSelect.i10.i128.i32.i32(i128 %link_in_31_V_read, i32 40, i32 49)" [firmware/myproject.cpp:63]   --->   Operation 254 'partselect' 'centr_region_219_et_V' <Predicate = true> <Delay = 0.00>
ST_1 : Operation 255 [1/1] (0.00ns)   --->   "%centr_region_220_et_V = call i10 @_ssdm_op_PartSelect.i10.i128.i32.i32(i128 %link_in_31_V_read, i32 56, i32 65)" [firmware/myproject.cpp:63]   --->   Operation 255 'partselect' 'centr_region_220_et_V' <Predicate = true> <Delay = 0.00>
ST_1 : Operation 256 [1/1] (0.00ns)   --->   "%centr_region_221_et_V = call i10 @_ssdm_op_PartSelect.i10.i128.i32.i32(i128 %link_in_31_V_read, i32 72, i32 81)" [firmware/myproject.cpp:63]   --->   Operation 256 'partselect' 'centr_region_221_et_V' <Predicate = true> <Delay = 0.00>
ST_1 : Operation 257 [1/1] (0.00ns)   --->   "%centr_region_222_et_V = call i10 @_ssdm_op_PartSelect.i10.i128.i32.i32(i128 %link_in_31_V_read, i32 88, i32 97)" [firmware/myproject.cpp:63]   --->   Operation 257 'partselect' 'centr_region_222_et_V' <Predicate = true> <Delay = 0.00>
ST_1 : Operation 258 [1/1] (0.00ns)   --->   "%centr_region_223_et_V = call i10 @_ssdm_op_PartSelect.i10.i128.i32.i32(i128 %link_in_31_V_read, i32 104, i32 113)" [firmware/myproject.cpp:63]   --->   Operation 258 'partselect' 'centr_region_223_et_V' <Predicate = true> <Delay = 0.00>
ST_1 : Operation 259 [1/1] (0.00ns)   --->   "%link_in_32_V_read = call i128 @_ssdm_op_Read.ap_auto.i128P(i128* %link_in_32_V)" [firmware/myproject.cpp:62]   --->   Operation 259 'read' 'link_in_32_V_read' <Predicate = true> <Delay = 0.00>
ST_1 : Operation 260 [1/1] (0.00ns)   --->   "%centr_region_224_et_V = call i10 @_ssdm_op_PartSelect.i10.i128.i32.i32(i128 %link_in_32_V_read, i32 8, i32 17)" [firmware/myproject.cpp:63]   --->   Operation 260 'partselect' 'centr_region_224_et_V' <Predicate = true> <Delay = 0.00>
ST_1 : Operation 261 [1/1] (0.00ns)   --->   "%centr_region_225_et_V = call i10 @_ssdm_op_PartSelect.i10.i128.i32.i32(i128 %link_in_32_V_read, i32 24, i32 33)" [firmware/myproject.cpp:63]   --->   Operation 261 'partselect' 'centr_region_225_et_V' <Predicate = true> <Delay = 0.00>
ST_1 : Operation 262 [1/1] (0.00ns)   --->   "%centr_region_226_et_V = call i10 @_ssdm_op_PartSelect.i10.i128.i32.i32(i128 %link_in_32_V_read, i32 40, i32 49)" [firmware/myproject.cpp:63]   --->   Operation 262 'partselect' 'centr_region_226_et_V' <Predicate = true> <Delay = 0.00>
ST_1 : Operation 263 [1/1] (0.00ns)   --->   "%centr_region_227_et_V = call i10 @_ssdm_op_PartSelect.i10.i128.i32.i32(i128 %link_in_32_V_read, i32 56, i32 65)" [firmware/myproject.cpp:63]   --->   Operation 263 'partselect' 'centr_region_227_et_V' <Predicate = true> <Delay = 0.00>
ST_1 : Operation 264 [1/1] (0.00ns)   --->   "%centr_region_228_et_V = call i10 @_ssdm_op_PartSelect.i10.i128.i32.i32(i128 %link_in_32_V_read, i32 72, i32 81)" [firmware/myproject.cpp:63]   --->   Operation 264 'partselect' 'centr_region_228_et_V' <Predicate = true> <Delay = 0.00>
ST_1 : Operation 265 [1/1] (0.00ns)   --->   "%centr_region_229_et_V = call i10 @_ssdm_op_PartSelect.i10.i128.i32.i32(i128 %link_in_32_V_read, i32 88, i32 97)" [firmware/myproject.cpp:63]   --->   Operation 265 'partselect' 'centr_region_229_et_V' <Predicate = true> <Delay = 0.00>
ST_1 : Operation 266 [1/1] (0.00ns)   --->   "%centr_region_230_et_V = call i10 @_ssdm_op_PartSelect.i10.i128.i32.i32(i128 %link_in_32_V_read, i32 104, i32 113)" [firmware/myproject.cpp:63]   --->   Operation 266 'partselect' 'centr_region_230_et_V' <Predicate = true> <Delay = 0.00>
ST_1 : Operation 267 [1/1] (0.00ns)   --->   "%link_in_33_V_read = call i128 @_ssdm_op_Read.ap_auto.i128P(i128* %link_in_33_V)" [firmware/myproject.cpp:62]   --->   Operation 267 'read' 'link_in_33_V_read' <Predicate = true> <Delay = 0.00>
ST_1 : Operation 268 [1/1] (0.00ns)   --->   "%centr_region_231_et_V = call i10 @_ssdm_op_PartSelect.i10.i128.i32.i32(i128 %link_in_33_V_read, i32 8, i32 17)" [firmware/myproject.cpp:63]   --->   Operation 268 'partselect' 'centr_region_231_et_V' <Predicate = true> <Delay = 0.00>
ST_1 : Operation 269 [1/1] (0.00ns)   --->   "%centr_region_232_et_V = call i10 @_ssdm_op_PartSelect.i10.i128.i32.i32(i128 %link_in_33_V_read, i32 24, i32 33)" [firmware/myproject.cpp:63]   --->   Operation 269 'partselect' 'centr_region_232_et_V' <Predicate = true> <Delay = 0.00>
ST_1 : Operation 270 [1/1] (0.00ns)   --->   "%centr_region_233_et_V = call i10 @_ssdm_op_PartSelect.i10.i128.i32.i32(i128 %link_in_33_V_read, i32 40, i32 49)" [firmware/myproject.cpp:63]   --->   Operation 270 'partselect' 'centr_region_233_et_V' <Predicate = true> <Delay = 0.00>
ST_1 : Operation 271 [1/1] (0.00ns)   --->   "%centr_region_234_et_V = call i10 @_ssdm_op_PartSelect.i10.i128.i32.i32(i128 %link_in_33_V_read, i32 56, i32 65)" [firmware/myproject.cpp:63]   --->   Operation 271 'partselect' 'centr_region_234_et_V' <Predicate = true> <Delay = 0.00>
ST_1 : Operation 272 [1/1] (0.00ns)   --->   "%centr_region_235_et_V = call i10 @_ssdm_op_PartSelect.i10.i128.i32.i32(i128 %link_in_33_V_read, i32 72, i32 81)" [firmware/myproject.cpp:63]   --->   Operation 272 'partselect' 'centr_region_235_et_V' <Predicate = true> <Delay = 0.00>
ST_1 : Operation 273 [1/1] (0.00ns)   --->   "%centr_region_236_et_V = call i10 @_ssdm_op_PartSelect.i10.i128.i32.i32(i128 %link_in_33_V_read, i32 88, i32 97)" [firmware/myproject.cpp:63]   --->   Operation 273 'partselect' 'centr_region_236_et_V' <Predicate = true> <Delay = 0.00>
ST_1 : Operation 274 [1/1] (0.00ns)   --->   "%centr_region_237_et_V = call i10 @_ssdm_op_PartSelect.i10.i128.i32.i32(i128 %link_in_33_V_read, i32 104, i32 113)" [firmware/myproject.cpp:63]   --->   Operation 274 'partselect' 'centr_region_237_et_V' <Predicate = true> <Delay = 0.00>
ST_1 : Operation 275 [1/1] (0.00ns)   --->   "%link_in_34_V_read = call i128 @_ssdm_op_Read.ap_auto.i128P(i128* %link_in_34_V)" [firmware/myproject.cpp:62]   --->   Operation 275 'read' 'link_in_34_V_read' <Predicate = true> <Delay = 0.00>
ST_1 : Operation 276 [1/1] (0.00ns)   --->   "%centr_region_238_et_V = call i10 @_ssdm_op_PartSelect.i10.i128.i32.i32(i128 %link_in_34_V_read, i32 8, i32 17)" [firmware/myproject.cpp:63]   --->   Operation 276 'partselect' 'centr_region_238_et_V' <Predicate = true> <Delay = 0.00>
ST_1 : Operation 277 [1/1] (0.00ns)   --->   "%trunc_ln301_i_s = call i10 @_ssdm_op_PartSelect.i10.i128.i32.i32(i128 %link_in_34_V_read, i32 24, i32 33)" [firmware/myproject.cpp:63]   --->   Operation 277 'partselect' 'trunc_ln301_i_s' <Predicate = true> <Delay = 0.00>
ST_1 : Operation 278 [1/1] (0.00ns)   --->   "%trunc_ln301_i_1 = call i10 @_ssdm_op_PartSelect.i10.i128.i32.i32(i128 %link_in_34_V_read, i32 40, i32 49)" [firmware/myproject.cpp:63]   --->   Operation 278 'partselect' 'trunc_ln301_i_1' <Predicate = true> <Delay = 0.00>
ST_1 : Operation 279 [1/1] (0.00ns)   --->   "%trunc_ln301_i_2 = call i10 @_ssdm_op_PartSelect.i10.i128.i32.i32(i128 %link_in_34_V_read, i32 56, i32 65)" [firmware/myproject.cpp:63]   --->   Operation 279 'partselect' 'trunc_ln301_i_2' <Predicate = true> <Delay = 0.00>
ST_1 : Operation 280 [1/1] (0.00ns)   --->   "%trunc_ln301_i_3 = call i10 @_ssdm_op_PartSelect.i10.i128.i32.i32(i128 %link_in_34_V_read, i32 72, i32 81)" [firmware/myproject.cpp:63]   --->   Operation 280 'partselect' 'trunc_ln301_i_3' <Predicate = true> <Delay = 0.00>
ST_1 : Operation 281 [1/1] (0.00ns)   --->   "%trunc_ln301_i_4 = call i10 @_ssdm_op_PartSelect.i10.i128.i32.i32(i128 %link_in_34_V_read, i32 88, i32 97)" [firmware/myproject.cpp:63]   --->   Operation 281 'partselect' 'trunc_ln301_i_4' <Predicate = true> <Delay = 0.00>
ST_1 : Operation 282 [1/1] (0.00ns)   --->   "%trunc_ln301_i_5 = call i10 @_ssdm_op_PartSelect.i10.i128.i32.i32(i128 %link_in_34_V_read, i32 104, i32 113)" [firmware/myproject.cpp:63]   --->   Operation 282 'partselect' 'trunc_ln301_i_5' <Predicate = true> <Delay = 0.00>
ST_1 : Operation 283 [1/1] (0.00ns)   --->   "%link_in_35_V_read = call i128 @_ssdm_op_Read.ap_auto.i128P(i128* %link_in_35_V)" [firmware/myproject.cpp:62]   --->   Operation 283 'read' 'link_in_35_V_read' <Predicate = true> <Delay = 0.00>
ST_1 : Operation 284 [1/1] (0.00ns)   --->   "%trunc_ln301_i_6 = call i10 @_ssdm_op_PartSelect.i10.i128.i32.i32(i128 %link_in_35_V_read, i32 8, i32 17)" [firmware/myproject.cpp:63]   --->   Operation 284 'partselect' 'trunc_ln301_i_6' <Predicate = true> <Delay = 0.00>
ST_1 : Operation 285 [1/1] (0.00ns)   --->   "%trunc_ln301_i_7 = call i10 @_ssdm_op_PartSelect.i10.i128.i32.i32(i128 %link_in_35_V_read, i32 24, i32 33)" [firmware/myproject.cpp:63]   --->   Operation 285 'partselect' 'trunc_ln301_i_7' <Predicate = true> <Delay = 0.00>
ST_1 : Operation 286 [1/1] (0.00ns)   --->   "%trunc_ln301_i_8 = call i10 @_ssdm_op_PartSelect.i10.i128.i32.i32(i128 %link_in_35_V_read, i32 40, i32 49)" [firmware/myproject.cpp:63]   --->   Operation 286 'partselect' 'trunc_ln301_i_8' <Predicate = true> <Delay = 0.00>
ST_1 : Operation 287 [1/1] (0.00ns)   --->   "%trunc_ln301_i_9 = call i10 @_ssdm_op_PartSelect.i10.i128.i32.i32(i128 %link_in_35_V_read, i32 56, i32 65)" [firmware/myproject.cpp:63]   --->   Operation 287 'partselect' 'trunc_ln301_i_9' <Predicate = true> <Delay = 0.00>
ST_1 : Operation 288 [1/1] (0.00ns)   --->   "%trunc_ln301_i_10 = call i10 @_ssdm_op_PartSelect.i10.i128.i32.i32(i128 %link_in_35_V_read, i32 72, i32 81)" [firmware/myproject.cpp:63]   --->   Operation 288 'partselect' 'trunc_ln301_i_10' <Predicate = true> <Delay = 0.00>
ST_1 : Operation 289 [1/1] (0.00ns)   --->   "%trunc_ln301_i_11 = call i10 @_ssdm_op_PartSelect.i10.i128.i32.i32(i128 %link_in_35_V_read, i32 88, i32 97)" [firmware/myproject.cpp:63]   --->   Operation 289 'partselect' 'trunc_ln301_i_11' <Predicate = true> <Delay = 0.00>
ST_1 : Operation 290 [1/1] (0.00ns)   --->   "%trunc_ln301_i_12 = call i10 @_ssdm_op_PartSelect.i10.i128.i32.i32(i128 %link_in_35_V_read, i32 104, i32 113)" [firmware/myproject.cpp:63]   --->   Operation 290 'partselect' 'trunc_ln301_i_12' <Predicate = true> <Delay = 0.00>
ST_1 : Operation 291 [1/1] (0.00ns)   --->   "%Inputs_V = call i2520 @_ssdm_op_BitConcatenate.i2520.i10.i10.i10.i10.i10.i10.i10.i10.i10.i10.i10.i10.i10.i10.i10.i10.i10.i10.i10.i10.i10.i10.i10.i10.i10.i10.i10.i10.i10.i10.i10.i10.i10.i10.i10.i10.i10.i10.i10.i10.i10.i10.i10.i10.i10.i10.i10.i10.i10.i10.i10.i10.i10.i10.i10.i10.i10.i10.i10.i10.i10.i10.i10.i10.i10.i10.i10.i10.i10.i10.i10.i10.i10.i10.i10.i10.i10.i10.i10.i10.i10.i10.i10.i10.i10.i10.i10.i10.i10.i10.i10.i10.i10.i10.i10.i10.i10.i10.i10.i10.i10.i10.i10.i10.i10.i10.i10.i10.i10.i10.i10.i10.i10.i10.i10.i10.i10.i10.i10.i10.i10.i10.i10.i10.i10.i10.i10.i10.i10.i10.i10.i10.i10.i10.i10.i10.i10.i10.i10.i10.i10.i10.i10.i10.i10.i10.i10.i10.i10.i10.i10.i10.i10.i10.i10.i10.i10.i10.i10.i10.i10.i10.i10.i10.i10.i10.i10.i10.i10.i10.i10.i10.i10.i10.i10.i10.i10.i10.i10.i10.i10.i10.i10.i10.i10.i10.i10.i10.i10.i10.i10.i10.i10.i10.i10.i10.i10.i10.i10.i10.i10.i10.i10.i10.i10.i10.i10.i10.i10.i10.i10.i10.i10.i10.i10.i10.i10.i10.i10.i10.i10.i10.i10.i10.i10.i10.i10.i10.i10.i10.i10.i10.i10.i10.i10.i10.i10.i10.i10.i10.i10.i10.i10.i10.i10.i10.i10.i10.i10.i10.i10.i10(i10 %trunc_ln301_i_12, i10 %trunc_ln301_i_11, i10 %trunc_ln301_i_10, i10 %trunc_ln301_i_9, i10 %trunc_ln301_i_8, i10 %trunc_ln301_i_7, i10 %trunc_ln301_i_6, i10 %trunc_ln301_i_5, i10 %trunc_ln301_i_4, i10 %trunc_ln301_i_3, i10 %trunc_ln301_i_2, i10 %trunc_ln301_i_1, i10 %trunc_ln301_i_s, i10 %centr_region_238_et_V, i10 %centr_region_237_et_V, i10 %centr_region_236_et_V, i10 %centr_region_235_et_V, i10 %centr_region_234_et_V, i10 %centr_region_233_et_V, i10 %centr_region_232_et_V, i10 %centr_region_231_et_V, i10 %centr_region_230_et_V, i10 %centr_region_229_et_V, i10 %centr_region_228_et_V, i10 %centr_region_227_et_V, i10 %centr_region_226_et_V, i10 %centr_region_225_et_V, i10 %centr_region_224_et_V, i10 %centr_region_223_et_V, i10 %centr_region_222_et_V, i10 %centr_region_221_et_V, i10 %centr_region_220_et_V, i10 %centr_region_219_et_V, i10 %centr_region_218_et_V, i10 %centr_region_217_et_V, i10 %centr_region_216_et_V, i10 %centr_region_215_et_V, i10 %centr_region_214_et_V, i10 %centr_region_213_et_V, i10 %centr_region_212_et_V, i10 %centr_region_211_et_V, i10 %centr_region_210_et_V, i10 %centr_region_209_et_V, i10 %centr_region_208_et_V, i10 %centr_region_207_et_V, i10 %centr_region_206_et_V, i10 %centr_region_205_et_V, i10 %centr_region_204_et_V, i10 %centr_region_203_et_V, i10 %centr_region_202_et_V, i10 %centr_region_201_et_V, i10 %centr_region_200_et_V, i10 %centr_region_199_et_V, i10 %centr_region_198_et_V, i10 %centr_region_197_et_V, i10 %centr_region_196_et_V, i10 %centr_region_195_et_V, i10 %centr_region_194_et_V, i10 %centr_region_193_et_V, i10 %centr_region_192_et_V, i10 %centr_region_191_et_V, i10 %centr_region_190_et_V, i10 %centr_region_189_et_V, i10 %centr_region_188_et_V, i10 %centr_region_187_et_V, i10 %centr_region_186_et_V, i10 %centr_region_185_et_V, i10 %centr_region_184_et_V, i10 %centr_region_183_et_V, i10 %centr_region_182_et_V, i10 %centr_region_181_et_V, i10 %centr_region_180_et_V, i10 %centr_region_179_et_V, i10 %centr_region_178_et_V, i10 %centr_region_177_et_V, i10 %centr_region_176_et_V, i10 %centr_region_175_et_V, i10 %centr_region_174_et_V, i10 %centr_region_173_et_V, i10 %centr_region_172_et_V, i10 %centr_region_171_et_V, i10 %centr_region_170_et_V, i10 %centr_region_169_et_V, i10 %centr_region_168_et_V, i10 %centr_region_167_et_V, i10 %centr_region_166_et_V, i10 %centr_region_165_et_V, i10 %centr_region_164_et_V, i10 %centr_region_163_et_V, i10 %centr_region_162_et_V, i10 %centr_region_161_et_V, i10 %centr_region_160_et_V, i10 %centr_region_159_et_V, i10 %centr_region_158_et_V, i10 %centr_region_157_et_V, i10 %centr_region_156_et_V, i10 %centr_region_155_et_V, i10 %centr_region_154_et_V, i10 %centr_region_153_et_V, i10 %centr_region_152_et_V, i10 %centr_region_151_et_V, i10 %centr_region_150_et_V, i10 %centr_region_149_et_V, i10 %centr_region_148_et_V, i10 %centr_region_147_et_V, i10 %centr_region_146_et_V, i10 %centr_region_145_et_V, i10 %centr_region_144_et_V, i10 %centr_region_143_et_V, i10 %centr_region_142_et_V, i10 %centr_region_141_et_V, i10 %centr_region_140_et_V, i10 %centr_region_139_et_V, i10 %centr_region_138_et_V, i10 %centr_region_137_et_V, i10 %centr_region_136_et_V, i10 %centr_region_135_et_V, i10 %centr_region_134_et_V, i10 %centr_region_133_et_V, i10 %centr_region_132_et_V, i10 %centr_region_131_et_V, i10 %centr_region_130_et_V, i10 %centr_region_129_et_V, i10 %centr_region_128_et_V, i10 %centr_region_127_et_V, i10 %centr_region_126_et_V, i10 %centr_region_125_et_V, i10 %centr_region_124_et_V, i10 %centr_region_123_et_V, i10 %centr_region_122_et_V, i10 %centr_region_121_et_V, i10 %centr_region_120_et_V, i10 %centr_region_119_et_V, i10 %centr_region_118_et_V, i10 %centr_region_117_et_V, i10 %centr_region_116_et_V, i10 %centr_region_115_et_V, i10 %centr_region_114_et_V, i10 %centr_region_113_et_V, i10 %centr_region_112_et_V, i10 %centr_region_111_et_V, i10 %centr_region_110_et_V, i10 %centr_region_109_et_V, i10 %centr_region_108_et_V, i10 %centr_region_107_et_V, i10 %centr_region_106_et_V, i10 %centr_region_105_et_V, i10 %centr_region_104_et_V, i10 %centr_region_103_et_V, i10 %centr_region_102_et_V, i10 %centr_region_101_et_V, i10 %centr_region_100_et_V, i10 %centr_region_99_et_V, i10 %centr_region_98_et_V, i10 %centr_region_97_et_V, i10 %centr_region_96_et_V, i10 %centr_region_95_et_V, i10 %centr_region_94_et_V, i10 %centr_region_93_et_V, i10 %centr_region_92_et_V, i10 %centr_region_91_et_V, i10 %centr_region_90_et_V, i10 %centr_region_89_et_V, i10 %centr_region_88_et_V, i10 %centr_region_87_et_V, i10 %centr_region_86_et_V, i10 %centr_region_85_et_V, i10 %centr_region_84_et_V, i10 %centr_region_83_et_V, i10 %centr_region_82_et_V, i10 %centr_region_81_et_V, i10 %centr_region_80_et_V, i10 %centr_region_79_et_V, i10 %centr_region_78_et_V, i10 %centr_region_77_et_V, i10 %centr_region_76_et_V, i10 %centr_region_75_et_V, i10 %centr_region_74_et_V, i10 %centr_region_73_et_V, i10 %centr_region_72_et_V, i10 %centr_region_71_et_V, i10 %centr_region_70_et_V, i10 %centr_region_69_et_V, i10 %centr_region_68_et_V, i10 %centr_region_67_et_V, i10 %centr_region_66_et_V, i10 %centr_region_65_et_V, i10 %centr_region_64_et_V, i10 %centr_region_63_et_V, i10 %centr_region_62_et_V, i10 %centr_region_61_et_V, i10 %centr_region_60_et_V, i10 %centr_region_59_et_V, i10 %centr_region_58_et_V, i10 %centr_region_57_et_V, i10 %centr_region_56_et_V, i10 %centr_region_55_et_V, i10 %centr_region_54_et_V, i10 %centr_region_53_et_V, i10 %centr_region_52_et_V, i10 %centr_region_51_et_V, i10 %centr_region_50_et_V, i10 %centr_region_49_et_V, i10 %centr_region_48_et_V, i10 %centr_region_47_et_V, i10 %centr_region_46_et_V, i10 %centr_region_45_et_V, i10 %centr_region_44_et_V, i10 %centr_region_43_et_V, i10 %centr_region_42_et_V, i10 %centr_region_41_et_V, i10 %centr_region_40_et_V, i10 %centr_region_39_et_V, i10 %centr_region_38_et_V, i10 %centr_region_37_et_V, i10 %centr_region_36_et_V, i10 %centr_region_35_et_V, i10 %centr_region_34_et_V, i10 %centr_region_33_et_V, i10 %centr_region_32_et_V, i10 %centr_region_31_et_V, i10 %centr_region_30_et_V, i10 %centr_region_29_et_V, i10 %centr_region_28_et_V, i10 %centr_region_27_et_V, i10 %centr_region_26_et_V, i10 %centr_region_25_et_V, i10 %centr_region_24_et_V, i10 %centr_region_23_et_V, i10 %centr_region_22_et_V, i10 %centr_region_21_et_V, i10 %centr_region_20_et_V, i10 %centr_region_19_et_V, i10 %centr_region_18_et_V, i10 %centr_region_17_et_V, i10 %centr_region_16_et_V, i10 %centr_region_15_et_V, i10 %centr_region_14_et_V, i10 %centr_region_13_et_V, i10 %centr_region_12_et_V, i10 %centr_region_11_et_V, i10 %centr_region_10_et_V, i10 %centr_region_9_et_V, i10 %centr_region_8_et_V, i10 %centr_region_7_et_V, i10 %centr_region_6_et_V, i10 %centr_region_5_et_V, i10 %centr_region_4_et_V, i10 %centr_region_3_et_V, i10 %centr_region_2_et_V, i10 %centr_region_1_et_V, i10 %centr_region_0_et_V)" [firmware/myproject.cpp:84]   --->   Operation 291 'bitconcatenate' 'Inputs_V' <Predicate = true> <Delay = 0.00>
ST_1 : Operation 292 [1/1] (0.00ns)   --->   "ret i2520 %Inputs_V" [firmware/myproject.cpp:84]   --->   Operation 292 'ret' <Predicate = true> <Delay = 0.00>


============================================================
+ Verbose Summary: Timing violations
============================================================
Target clock period: 6.25ns, clock uncertainty: 1.88ns.

 <State 1>: 0ns
The critical path consists of the following:


============================================================
+ Verbose Summary: Binding
============================================================
N/A
* FSMD analyzer results:
  - Output states:
 - Input state : 
  - Chain level:
	State 1


============================================================
+ Verbose Summary: Datapath Resource usage 
============================================================
N/A
