

================================================================
== Vivado HLS Report for 'normalize_0_0_0_0_0_0_0_0_0_0_0_0_0_0_0_0_0_0_0_0_0_0_0_0_0_s'
================================================================
* Date:           Wed Sep  7 19:00:16 2022

* Version:        2020.1 (Build 2897737 on Wed May 27 20:21:37 MDT 2020)
* Project:        myproject_prj
* Solution:       solution1
* Product family: virtex7
* Target device:  xc7vx690t-ffg1927-2


================================================================
== Performance Estimates
================================================================
+ Timing: 
    * Summary: 
    +--------+---------+----------+------------+
    |  Clock |  Target | Estimated| Uncertainty|
    +--------+---------+----------+------------+
    |ap_clk  | 6.25 ns | 1.386 ns |   1.88 ns  |
    +--------+---------+----------+------------+

+ Latency: 
    * Summary: 
    +---------+---------+----------+----------+-----+-----+----------+
    |  Latency (cycles) |  Latency (absolute) |  Interval | Pipeline |
    |   min   |   max   |    min   |    max   | min | max |   Type   |
    +---------+---------+----------+----------+-----+-----+----------+
    |        0|        0|   0 ns   |   0 ns   |    1|    1| function |
    +---------+---------+----------+----------+-----+-----+----------+

    + Detail: 
        * Instance: 
        N/A

        * Loop: 
        N/A



================================================================
== Utilization Estimates
================================================================
* Summary: 
+-----------------+---------+-------+--------+--------+-----+
|       Name      | BRAM_18K| DSP48E|   FF   |   LUT  | URAM|
+-----------------+---------+-------+--------+--------+-----+
|DSP              |        -|      -|       -|       -|    -|
|Expression       |        -|      -|       0|     437|    -|
|FIFO             |        -|      -|       -|       -|    -|
|Instance         |        -|      -|       -|       -|    -|
|Memory           |        -|      -|       -|       -|    -|
|Multiplexer      |        -|      -|       -|     144|    -|
|Register         |        -|      -|     302|       -|    -|
+-----------------+---------+-------+--------+--------+-----+
|Total            |        0|      0|     302|     581|    0|
+-----------------+---------+-------+--------+--------+-----+
|Available        |     2940|   3600|  866400|  433200|    0|
+-----------------+---------+-------+--------+--------+-----+
|Utilization (%)  |        0|      0|   ~0   |   ~0   |    0|
+-----------------+---------+-------+--------+--------+-----+

+ Detail: 
    * Instance: 
    N/A

    * DSP48E: 
    N/A

    * Memory: 
    N/A

    * FIFO: 
    N/A

    * Expression: 
    +-------------------------+----------+-------+---+----+------------+------------+
    |      Variable Name      | Operation| DSP48E| FF| LUT| Bitwidth P0| Bitwidth P1|
    +-------------------------+----------+-------+---+----+------------+------------+
    |sub_ln1118_10_fu_492_p2  |     -    |      0|  0|  29|          22|          22|
    |sub_ln1118_11_fu_524_p2  |     -    |      0|  0|  29|          22|          22|
    |sub_ln1118_12_fu_556_p2  |     -    |      0|  0|  29|          22|          22|
    |sub_ln1118_13_fu_588_p2  |     -    |      0|  0|  29|          22|          22|
    |sub_ln1118_14_fu_620_p2  |     -    |      0|  0|  29|          22|          22|
    |sub_ln1118_1_fu_204_p2   |     -    |      0|  0|  29|          22|          22|
    |sub_ln1118_2_fu_236_p2   |     -    |      0|  0|  29|          22|          22|
    |sub_ln1118_3_fu_268_p2   |     -    |      0|  0|  29|          22|          22|
    |sub_ln1118_4_fu_300_p2   |     -    |      0|  0|  29|          22|          22|
    |sub_ln1118_5_fu_332_p2   |     -    |      0|  0|  29|          22|          22|
    |sub_ln1118_6_fu_364_p2   |     -    |      0|  0|  29|          22|          22|
    |sub_ln1118_7_fu_396_p2   |     -    |      0|  0|  29|          22|          22|
    |sub_ln1118_8_fu_428_p2   |     -    |      0|  0|  29|          22|          22|
    |sub_ln1118_9_fu_460_p2   |     -    |      0|  0|  29|          22|          22|
    |sub_ln1118_fu_172_p2     |     -    |      0|  0|  29|          22|          22|
    |ap_block_state1          |    or    |      0|  0|   2|           1|           1|
    +-------------------------+----------+-------+---+----+------------+------------+
    |Total                    |          |      0|  0| 437|         331|         331|
    +-------------------------+----------+-------+---+----+------------+------------+

    * Multiplexer: 
    +--------------+----+-----------+-----+-----------+
    |     Name     | LUT| Input Size| Bits| Total Bits|
    +--------------+----+-----------+-----+-----------+
    |ap_done       |   9|          2|    1|          2|
    |ap_return_0   |   9|          2|   20|         40|
    |ap_return_1   |   9|          2|   20|         40|
    |ap_return_10  |   9|          2|   20|         40|
    |ap_return_11  |   9|          2|   20|         40|
    |ap_return_12  |   9|          2|   20|         40|
    |ap_return_13  |   9|          2|   20|         40|
    |ap_return_14  |   9|          2|   20|         40|
    |ap_return_2   |   9|          2|   20|         40|
    |ap_return_3   |   9|          2|   20|         40|
    |ap_return_4   |   9|          2|   20|         40|
    |ap_return_5   |   9|          2|   20|         40|
    |ap_return_6   |   9|          2|   20|         40|
    |ap_return_7   |   9|          2|   20|         40|
    |ap_return_8   |   9|          2|   20|         40|
    |ap_return_9   |   9|          2|   20|         40|
    +--------------+----+-----------+-----+-----------+
    |Total         | 144|         32|  301|        602|
    +--------------+----+-----------+-----+-----------+

    * Register: 
    +-------------------+----+----+-----+-----------+
    |        Name       | FF | LUT| Bits| Const Bits|
    +-------------------+----+----+-----+-----------+
    |ap_CS_fsm          |   1|   0|    1|          0|
    |ap_done_reg        |   1|   0|    1|          0|
    |ap_return_0_preg   |  20|   0|   20|          0|
    |ap_return_10_preg  |  20|   0|   20|          0|
    |ap_return_11_preg  |  20|   0|   20|          0|
    |ap_return_12_preg  |  20|   0|   20|          0|
    |ap_return_13_preg  |  20|   0|   20|          0|
    |ap_return_14_preg  |  20|   0|   20|          0|
    |ap_return_1_preg   |  20|   0|   20|          0|
    |ap_return_2_preg   |  20|   0|   20|          0|
    |ap_return_3_preg   |  20|   0|   20|          0|
    |ap_return_4_preg   |  20|   0|   20|          0|
    |ap_return_5_preg   |  20|   0|   20|          0|
    |ap_return_6_preg   |  20|   0|   20|          0|
    |ap_return_7_preg   |  20|   0|   20|          0|
    |ap_return_8_preg   |  20|   0|   20|          0|
    |ap_return_9_preg   |  20|   0|   20|          0|
    +-------------------+----+----+-----+-----------+
    |Total              | 302|   0|  302|          0|
    +-------------------+----+----+-----+-----------+



================================================================
== Interface
================================================================
* Summary: 
+--------------+-----+-----+------------+--------------------------------------------------------------+--------------+
|   RTL Ports  | Dir | Bits|  Protocol  |                         Source Object                        |    C Type    |
+--------------+-----+-----+------------+--------------------------------------------------------------+--------------+
|ap_clk        |  in |    1| ap_ctrl_hs | normalize.0.0.0.0.0.0.0.0.0.0.0.0.0.0.0.0.0.0.0.0.0.0.0.0.0. | return value |
|ap_rst        |  in |    1| ap_ctrl_hs | normalize.0.0.0.0.0.0.0.0.0.0.0.0.0.0.0.0.0.0.0.0.0.0.0.0.0. | return value |
|ap_start      |  in |    1| ap_ctrl_hs | normalize.0.0.0.0.0.0.0.0.0.0.0.0.0.0.0.0.0.0.0.0.0.0.0.0.0. | return value |
|ap_done       | out |    1| ap_ctrl_hs | normalize.0.0.0.0.0.0.0.0.0.0.0.0.0.0.0.0.0.0.0.0.0.0.0.0.0. | return value |
|ap_continue   |  in |    1| ap_ctrl_hs | normalize.0.0.0.0.0.0.0.0.0.0.0.0.0.0.0.0.0.0.0.0.0.0.0.0.0. | return value |
|ap_idle       | out |    1| ap_ctrl_hs | normalize.0.0.0.0.0.0.0.0.0.0.0.0.0.0.0.0.0.0.0.0.0.0.0.0.0. | return value |
|ap_ready      | out |    1| ap_ctrl_hs | normalize.0.0.0.0.0.0.0.0.0.0.0.0.0.0.0.0.0.0.0.0.0.0.0.0.0. | return value |
|ap_return_0   | out |   20| ap_ctrl_hs | normalize.0.0.0.0.0.0.0.0.0.0.0.0.0.0.0.0.0.0.0.0.0.0.0.0.0. | return value |
|ap_return_1   | out |   20| ap_ctrl_hs | normalize.0.0.0.0.0.0.0.0.0.0.0.0.0.0.0.0.0.0.0.0.0.0.0.0.0. | return value |
|ap_return_2   | out |   20| ap_ctrl_hs | normalize.0.0.0.0.0.0.0.0.0.0.0.0.0.0.0.0.0.0.0.0.0.0.0.0.0. | return value |
|ap_return_3   | out |   20| ap_ctrl_hs | normalize.0.0.0.0.0.0.0.0.0.0.0.0.0.0.0.0.0.0.0.0.0.0.0.0.0. | return value |
|ap_return_4   | out |   20| ap_ctrl_hs | normalize.0.0.0.0.0.0.0.0.0.0.0.0.0.0.0.0.0.0.0.0.0.0.0.0.0. | return value |
|ap_return_5   | out |   20| ap_ctrl_hs | normalize.0.0.0.0.0.0.0.0.0.0.0.0.0.0.0.0.0.0.0.0.0.0.0.0.0. | return value |
|ap_return_6   | out |   20| ap_ctrl_hs | normalize.0.0.0.0.0.0.0.0.0.0.0.0.0.0.0.0.0.0.0.0.0.0.0.0.0. | return value |
|ap_return_7   | out |   20| ap_ctrl_hs | normalize.0.0.0.0.0.0.0.0.0.0.0.0.0.0.0.0.0.0.0.0.0.0.0.0.0. | return value |
|ap_return_8   | out |   20| ap_ctrl_hs | normalize.0.0.0.0.0.0.0.0.0.0.0.0.0.0.0.0.0.0.0.0.0.0.0.0.0. | return value |
|ap_return_9   | out |   20| ap_ctrl_hs | normalize.0.0.0.0.0.0.0.0.0.0.0.0.0.0.0.0.0.0.0.0.0.0.0.0.0. | return value |
|ap_return_10  | out |   20| ap_ctrl_hs | normalize.0.0.0.0.0.0.0.0.0.0.0.0.0.0.0.0.0.0.0.0.0.0.0.0.0. | return value |
|ap_return_11  | out |   20| ap_ctrl_hs | normalize.0.0.0.0.0.0.0.0.0.0.0.0.0.0.0.0.0.0.0.0.0.0.0.0.0. | return value |
|ap_return_12  | out |   20| ap_ctrl_hs | normalize.0.0.0.0.0.0.0.0.0.0.0.0.0.0.0.0.0.0.0.0.0.0.0.0.0. | return value |
|ap_return_13  | out |   20| ap_ctrl_hs | normalize.0.0.0.0.0.0.0.0.0.0.0.0.0.0.0.0.0.0.0.0.0.0.0.0.0. | return value |
|ap_return_14  | out |   20| ap_ctrl_hs | normalize.0.0.0.0.0.0.0.0.0.0.0.0.0.0.0.0.0.0.0.0.0.0.0.0.0. | return value |
|p_read        |  in |   20|   ap_none  |                            p_read                            |    scalar    |
|p_read1       |  in |   20|   ap_none  |                            p_read1                           |    scalar    |
|p_read2       |  in |   20|   ap_none  |                            p_read2                           |    scalar    |
|p_read3       |  in |   20|   ap_none  |                            p_read3                           |    scalar    |
|p_read4       |  in |   20|   ap_none  |                            p_read4                           |    scalar    |
|p_read5       |  in |   20|   ap_none  |                            p_read5                           |    scalar    |
|p_read6       |  in |   20|   ap_none  |                            p_read6                           |    scalar    |
|p_read7       |  in |   20|   ap_none  |                            p_read7                           |    scalar    |
|p_read8       |  in |   20|   ap_none  |                            p_read8                           |    scalar    |
|p_read9       |  in |   20|   ap_none  |                            p_read9                           |    scalar    |
|p_read10      |  in |   20|   ap_none  |                           p_read10                           |    scalar    |
|p_read11      |  in |   20|   ap_none  |                           p_read11                           |    scalar    |
|p_read12      |  in |   20|   ap_none  |                           p_read12                           |    scalar    |
|p_read13      |  in |   20|   ap_none  |                           p_read13                           |    scalar    |
|p_read14      |  in |   20|   ap_none  |                           p_read14                           |    scalar    |
+--------------+-----+-----+------------+--------------------------------------------------------------+--------------+

