

================================================================
== Vivado HLS Report for 'relu_ap_fixed_ap_ufixed_5_2_0_0_0_relu_config5_s'
================================================================
* Date:           Wed Sep  7 19:00:20 2022

* Version:        2020.1 (Build 2897737 on Wed May 27 20:21:37 MDT 2020)
* Project:        myproject_prj
* Solution:       solution1
* Product family: virtex7
* Target device:  xc7vx690t-ffg1927-2


================================================================
== Performance Estimates
================================================================
+ Timing: 
    * Summary: 
    +--------+---------+----------+------------+
    |  Clock |  Target | Estimated| Uncertainty|
    +--------+---------+----------+------------+
    |ap_clk  | 6.25 ns | 1.826 ns |   1.88 ns  |
    +--------+---------+----------+------------+

+ Latency: 
    * Summary: 
    +---------+---------+----------+----------+-----+-----+----------+
    |  Latency (cycles) |  Latency (absolute) |  Interval | Pipeline |
    |   min   |   max   |    min   |    max   | min | max |   Type   |
    +---------+---------+----------+----------+-----+-----+----------+
    |        0|        0|   0 ns   |   0 ns   |    1|    1| function |
    +---------+---------+----------+----------+-----+-----+----------+

    + Detail: 
        * Instance: 
        N/A

        * Loop: 
        N/A



================================================================
== Utilization Estimates
================================================================
* Summary: 
+-----------------+---------+-------+--------+--------+-----+
|       Name      | BRAM_18K| DSP48E|   FF   |   LUT  | URAM|
+-----------------+---------+-------+--------+--------+-----+
|DSP              |        -|      -|       -|       -|    -|
|Expression       |        -|      -|       0|    1067|    -|
|FIFO             |        -|      -|       -|       -|    -|
|Instance         |        -|      -|       -|       -|    -|
|Memory           |        -|      -|       -|       -|    -|
|Multiplexer      |        -|      -|       -|     144|    -|
|Register         |        -|      -|      77|       -|    -|
+-----------------+---------+-------+--------+--------+-----+
|Total            |        0|      0|      77|    1211|    0|
+-----------------+---------+-------+--------+--------+-----+
|Available        |     2940|   3600|  866400|  433200|    0|
+-----------------+---------+-------+--------+--------+-----+
|Utilization (%)  |        0|      0|   ~0   |   ~0   |    0|
+-----------------+---------+-------+--------+--------+-----+

+ Detail: 
    * Instance: 
    N/A

    * DSP48E: 
    N/A

    * Memory: 
    N/A

    * FIFO: 
    N/A

    * Expression: 
    +-----------------------------+----------+-------+---+----+------------+------------+
    |        Variable Name        | Operation| DSP48E| FF| LUT| Bitwidth P0| Bitwidth P1|
    +-----------------------------+----------+-------+---+----+------------+------------+
    |add_ln415_10_fu_1288_p2      |     +    |      0|  0|  15|           5|           5|
    |add_ln415_11_fu_1396_p2      |     +    |      0|  0|  15|           5|           5|
    |add_ln415_12_fu_1504_p2      |     +    |      0|  0|  15|           5|           5|
    |add_ln415_13_fu_1612_p2      |     +    |      0|  0|  15|           5|           5|
    |add_ln415_14_fu_1720_p2      |     +    |      0|  0|  15|           5|           5|
    |add_ln415_1_fu_316_p2        |     +    |      0|  0|  15|           5|           5|
    |add_ln415_2_fu_424_p2        |     +    |      0|  0|  15|           5|           5|
    |add_ln415_3_fu_532_p2        |     +    |      0|  0|  15|           5|           5|
    |add_ln415_4_fu_640_p2        |     +    |      0|  0|  15|           5|           5|
    |add_ln415_5_fu_748_p2        |     +    |      0|  0|  15|           5|           5|
    |add_ln415_6_fu_856_p2        |     +    |      0|  0|  15|           5|           5|
    |add_ln415_7_fu_964_p2        |     +    |      0|  0|  15|           5|           5|
    |add_ln415_8_fu_1072_p2       |     +    |      0|  0|  15|           5|           5|
    |add_ln415_9_fu_1180_p2       |     +    |      0|  0|  15|           5|           5|
    |add_ln415_fu_208_p2          |     +    |      0|  0|  15|           5|           5|
    |and_ln416_10_fu_1308_p2      |    and   |      0|  0|   2|           1|           1|
    |and_ln416_11_fu_1416_p2      |    and   |      0|  0|   2|           1|           1|
    |and_ln416_12_fu_1524_p2      |    and   |      0|  0|   2|           1|           1|
    |and_ln416_13_fu_1632_p2      |    and   |      0|  0|   2|           1|           1|
    |and_ln416_14_fu_1740_p2      |    and   |      0|  0|   2|           1|           1|
    |and_ln416_1_fu_336_p2        |    and   |      0|  0|   2|           1|           1|
    |and_ln416_2_fu_444_p2        |    and   |      0|  0|   2|           1|           1|
    |and_ln416_3_fu_552_p2        |    and   |      0|  0|   2|           1|           1|
    |and_ln416_4_fu_660_p2        |    and   |      0|  0|   2|           1|           1|
    |and_ln416_5_fu_768_p2        |    and   |      0|  0|   2|           1|           1|
    |and_ln416_6_fu_876_p2        |    and   |      0|  0|   2|           1|           1|
    |and_ln416_7_fu_984_p2        |    and   |      0|  0|   2|           1|           1|
    |and_ln416_8_fu_1092_p2       |    and   |      0|  0|   2|           1|           1|
    |and_ln416_9_fu_1200_p2       |    and   |      0|  0|   2|           1|           1|
    |and_ln416_fu_228_p2          |    and   |      0|  0|   2|           1|           1|
    |icmp_ln1494_10_fu_1252_p2    |   icmp   |      0|  0|  18|          20|           1|
    |icmp_ln1494_11_fu_1360_p2    |   icmp   |      0|  0|  18|          20|           1|
    |icmp_ln1494_12_fu_1468_p2    |   icmp   |      0|  0|  18|          20|           1|
    |icmp_ln1494_13_fu_1576_p2    |   icmp   |      0|  0|  18|          20|           1|
    |icmp_ln1494_14_fu_1684_p2    |   icmp   |      0|  0|  18|          20|           1|
    |icmp_ln1494_1_fu_280_p2      |   icmp   |      0|  0|  18|          20|           1|
    |icmp_ln1494_2_fu_388_p2      |   icmp   |      0|  0|  18|          20|           1|
    |icmp_ln1494_3_fu_496_p2      |   icmp   |      0|  0|  18|          20|           1|
    |icmp_ln1494_4_fu_604_p2      |   icmp   |      0|  0|  18|          20|           1|
    |icmp_ln1494_5_fu_712_p2      |   icmp   |      0|  0|  18|          20|           1|
    |icmp_ln1494_6_fu_820_p2      |   icmp   |      0|  0|  18|          20|           1|
    |icmp_ln1494_7_fu_928_p2      |   icmp   |      0|  0|  18|          20|           1|
    |icmp_ln1494_8_fu_1036_p2     |   icmp   |      0|  0|  18|          20|           1|
    |icmp_ln1494_9_fu_1144_p2     |   icmp   |      0|  0|  18|          20|           1|
    |icmp_ln1494_fu_172_p2        |   icmp   |      0|  0|  18|          20|           1|
    |icmp_ln768_10_fu_1330_p2     |   icmp   |      0|  0|  11|           8|           1|
    |icmp_ln768_11_fu_1438_p2     |   icmp   |      0|  0|  11|           8|           1|
    |icmp_ln768_12_fu_1546_p2     |   icmp   |      0|  0|  11|           8|           1|
    |icmp_ln768_13_fu_1654_p2     |   icmp   |      0|  0|  11|           8|           1|
    |icmp_ln768_14_fu_1762_p2     |   icmp   |      0|  0|  11|           8|           1|
    |icmp_ln768_1_fu_358_p2       |   icmp   |      0|  0|  11|           8|           1|
    |icmp_ln768_2_fu_466_p2       |   icmp   |      0|  0|  11|           8|           1|
    |icmp_ln768_3_fu_574_p2       |   icmp   |      0|  0|  11|           8|           1|
    |icmp_ln768_4_fu_682_p2       |   icmp   |      0|  0|  11|           8|           1|
    |icmp_ln768_5_fu_790_p2       |   icmp   |      0|  0|  11|           8|           1|
    |icmp_ln768_6_fu_898_p2       |   icmp   |      0|  0|  11|           8|           1|
    |icmp_ln768_7_fu_1006_p2      |   icmp   |      0|  0|  11|           8|           1|
    |icmp_ln768_8_fu_1114_p2      |   icmp   |      0|  0|  11|           8|           1|
    |icmp_ln768_9_fu_1222_p2      |   icmp   |      0|  0|  11|           8|           1|
    |icmp_ln768_fu_250_p2         |   icmp   |      0|  0|  11|           8|           1|
    |icmp_ln879_10_fu_1324_p2     |   icmp   |      0|  0|  11|           8|           2|
    |icmp_ln879_11_fu_1432_p2     |   icmp   |      0|  0|  11|           8|           2|
    |icmp_ln879_12_fu_1540_p2     |   icmp   |      0|  0|  11|           8|           2|
    |icmp_ln879_13_fu_1648_p2     |   icmp   |      0|  0|  11|           8|           2|
    |icmp_ln879_14_fu_1756_p2     |   icmp   |      0|  0|  11|           8|           2|
    |icmp_ln879_1_fu_352_p2       |   icmp   |      0|  0|  11|           8|           2|
    |icmp_ln879_2_fu_460_p2       |   icmp   |      0|  0|  11|           8|           2|
    |icmp_ln879_3_fu_568_p2       |   icmp   |      0|  0|  11|           8|           2|
    |icmp_ln879_4_fu_676_p2       |   icmp   |      0|  0|  11|           8|           2|
    |icmp_ln879_5_fu_784_p2       |   icmp   |      0|  0|  11|           8|           2|
    |icmp_ln879_6_fu_892_p2       |   icmp   |      0|  0|  11|           8|           2|
    |icmp_ln879_7_fu_1000_p2      |   icmp   |      0|  0|  11|           8|           2|
    |icmp_ln879_8_fu_1108_p2      |   icmp   |      0|  0|  11|           8|           2|
    |icmp_ln879_9_fu_1216_p2      |   icmp   |      0|  0|  11|           8|           2|
    |icmp_ln879_fu_244_p2         |   icmp   |      0|  0|  11|           8|           2|
    |ap_block_state1              |    or    |      0|  0|   2|           1|           1|
    |select_ln1494_10_fu_1352_p3  |  select  |      0|  0|   5|           1|           5|
    |select_ln1494_11_fu_1460_p3  |  select  |      0|  0|   5|           1|           5|
    |select_ln1494_12_fu_1568_p3  |  select  |      0|  0|   5|           1|           5|
    |select_ln1494_13_fu_1676_p3  |  select  |      0|  0|   5|           1|           5|
    |select_ln1494_14_fu_1784_p3  |  select  |      0|  0|   5|           1|           5|
    |select_ln1494_1_fu_380_p3    |  select  |      0|  0|   5|           1|           5|
    |select_ln1494_2_fu_488_p3    |  select  |      0|  0|   5|           1|           5|
    |select_ln1494_3_fu_596_p3    |  select  |      0|  0|   5|           1|           5|
    |select_ln1494_4_fu_704_p3    |  select  |      0|  0|   5|           1|           5|
    |select_ln1494_5_fu_812_p3    |  select  |      0|  0|   5|           1|           5|
    |select_ln1494_6_fu_920_p3    |  select  |      0|  0|   5|           1|           5|
    |select_ln1494_7_fu_1028_p3   |  select  |      0|  0|   5|           1|           5|
    |select_ln1494_8_fu_1136_p3   |  select  |      0|  0|   5|           1|           5|
    |select_ln1494_9_fu_1244_p3   |  select  |      0|  0|   5|           1|           5|
    |select_ln1494_fu_272_p3      |  select  |      0|  0|   5|           1|           5|
    |select_ln340_10_fu_1344_p3   |  select  |      0|  0|   5|           1|           5|
    |select_ln340_11_fu_1452_p3   |  select  |      0|  0|   5|           1|           5|
    |select_ln340_12_fu_1560_p3   |  select  |      0|  0|   5|           1|           5|
    |select_ln340_13_fu_1668_p3   |  select  |      0|  0|   5|           1|           5|
    |select_ln340_14_fu_1776_p3   |  select  |      0|  0|   5|           1|           5|
    |select_ln340_1_fu_372_p3     |  select  |      0|  0|   5|           1|           5|
    |select_ln340_2_fu_480_p3     |  select  |      0|  0|   5|           1|           5|
    |select_ln340_3_fu_588_p3     |  select  |      0|  0|   5|           1|           5|
    |select_ln340_4_fu_696_p3     |  select  |      0|  0|   5|           1|           5|
    |select_ln340_5_fu_804_p3     |  select  |      0|  0|   5|           1|           5|
    |select_ln340_6_fu_912_p3     |  select  |      0|  0|   5|           1|           5|
    |select_ln340_7_fu_1020_p3    |  select  |      0|  0|   5|           1|           5|
    |select_ln340_8_fu_1128_p3    |  select  |      0|  0|   5|           1|           5|
    |select_ln340_9_fu_1236_p3    |  select  |      0|  0|   5|           1|           5|
    |select_ln340_fu_264_p3       |  select  |      0|  0|   5|           1|           5|
    |select_ln777_10_fu_1336_p3   |  select  |      0|  0|   2|           1|           1|
    |select_ln777_11_fu_1444_p3   |  select  |      0|  0|   2|           1|           1|
    |select_ln777_12_fu_1552_p3   |  select  |      0|  0|   2|           1|           1|
    |select_ln777_13_fu_1660_p3   |  select  |      0|  0|   2|           1|           1|
    |select_ln777_14_fu_1768_p3   |  select  |      0|  0|   2|           1|           1|
    |select_ln777_1_fu_364_p3     |  select  |      0|  0|   2|           1|           1|
    |select_ln777_2_fu_472_p3     |  select  |      0|  0|   2|           1|           1|
    |select_ln777_3_fu_580_p3     |  select  |      0|  0|   2|           1|           1|
    |select_ln777_4_fu_688_p3     |  select  |      0|  0|   2|           1|           1|
    |select_ln777_5_fu_796_p3     |  select  |      0|  0|   2|           1|           1|
    |select_ln777_6_fu_904_p3     |  select  |      0|  0|   2|           1|           1|
    |select_ln777_7_fu_1012_p3    |  select  |      0|  0|   2|           1|           1|
    |select_ln777_8_fu_1120_p3    |  select  |      0|  0|   2|           1|           1|
    |select_ln777_9_fu_1228_p3    |  select  |      0|  0|   2|           1|           1|
    |select_ln777_fu_256_p3       |  select  |      0|  0|   2|           1|           1|
    |xor_ln416_10_fu_1302_p2      |    xor   |      0|  0|   2|           1|           2|
    |xor_ln416_11_fu_1410_p2      |    xor   |      0|  0|   2|           1|           2|
    |xor_ln416_12_fu_1518_p2      |    xor   |      0|  0|   2|           1|           2|
    |xor_ln416_13_fu_1626_p2      |    xor   |      0|  0|   2|           1|           2|
    |xor_ln416_14_fu_1734_p2      |    xor   |      0|  0|   2|           1|           2|
    |xor_ln416_1_fu_330_p2        |    xor   |      0|  0|   2|           1|           2|
    |xor_ln416_2_fu_438_p2        |    xor   |      0|  0|   2|           1|           2|
    |xor_ln416_3_fu_546_p2        |    xor   |      0|  0|   2|           1|           2|
    |xor_ln416_4_fu_654_p2        |    xor   |      0|  0|   2|           1|           2|
    |xor_ln416_5_fu_762_p2        |    xor   |      0|  0|   2|           1|           2|
    |xor_ln416_6_fu_870_p2        |    xor   |      0|  0|   2|           1|           2|
    |xor_ln416_7_fu_978_p2        |    xor   |      0|  0|   2|           1|           2|
    |xor_ln416_8_fu_1086_p2       |    xor   |      0|  0|   2|           1|           2|
    |xor_ln416_9_fu_1194_p2       |    xor   |      0|  0|   2|           1|           2|
    |xor_ln416_fu_222_p2          |    xor   |      0|  0|   2|           1|           2|
    +-----------------------------+----------+-------+---+----+------------+------------+
    |Total                        |          |      0|  0|1067|         691|         346|
    +-----------------------------+----------+-------+---+----+------------+------------+

    * Multiplexer: 
    +--------------+----+-----------+-----+-----------+
    |     Name     | LUT| Input Size| Bits| Total Bits|
    +--------------+----+-----------+-----+-----------+
    |ap_done       |   9|          2|    1|          2|
    |ap_return_0   |   9|          2|    5|         10|
    |ap_return_1   |   9|          2|    5|         10|
    |ap_return_10  |   9|          2|    5|         10|
    |ap_return_11  |   9|          2|    5|         10|
    |ap_return_12  |   9|          2|    5|         10|
    |ap_return_13  |   9|          2|    5|         10|
    |ap_return_14  |   9|          2|    5|         10|
    |ap_return_2   |   9|          2|    5|         10|
    |ap_return_3   |   9|          2|    5|         10|
    |ap_return_4   |   9|          2|    5|         10|
    |ap_return_5   |   9|          2|    5|         10|
    |ap_return_6   |   9|          2|    5|         10|
    |ap_return_7   |   9|          2|    5|         10|
    |ap_return_8   |   9|          2|    5|         10|
    |ap_return_9   |   9|          2|    5|         10|
    +--------------+----+-----------+-----+-----------+
    |Total         | 144|         32|   76|        152|
    +--------------+----+-----------+-----+-----------+

    * Register: 
    +-------------------+---+----+-----+-----------+
    |        Name       | FF| LUT| Bits| Const Bits|
    +-------------------+---+----+-----+-----------+
    |ap_CS_fsm          |  1|   0|    1|          0|
    |ap_done_reg        |  1|   0|    1|          0|
    |ap_return_0_preg   |  5|   0|    5|          0|
    |ap_return_10_preg  |  5|   0|    5|          0|
    |ap_return_11_preg  |  5|   0|    5|          0|
    |ap_return_12_preg  |  5|   0|    5|          0|
    |ap_return_13_preg  |  5|   0|    5|          0|
    |ap_return_14_preg  |  5|   0|    5|          0|
    |ap_return_1_preg   |  5|   0|    5|          0|
    |ap_return_2_preg   |  5|   0|    5|          0|
    |ap_return_3_preg   |  5|   0|    5|          0|
    |ap_return_4_preg   |  5|   0|    5|          0|
    |ap_return_5_preg   |  5|   0|    5|          0|
    |ap_return_6_preg   |  5|   0|    5|          0|
    |ap_return_7_preg   |  5|   0|    5|          0|
    |ap_return_8_preg   |  5|   0|    5|          0|
    |ap_return_9_preg   |  5|   0|    5|          0|
    +-------------------+---+----+-----+-----------+
    |Total              | 77|   0|   77|          0|
    +-------------------+---+----+-----+-----------+



================================================================
== Interface
================================================================
* Summary: 
+----------------+-----+-----+------------+--------------------------------------------------+--------------+
|    RTL Ports   | Dir | Bits|  Protocol  |                   Source Object                  |    C Type    |
+----------------+-----+-----+------------+--------------------------------------------------+--------------+
|ap_clk          |  in |    1| ap_ctrl_hs | relu<ap_fixed,ap_ufixed<5,2,0,0,0>,relu_config5> | return value |
|ap_rst          |  in |    1| ap_ctrl_hs | relu<ap_fixed,ap_ufixed<5,2,0,0,0>,relu_config5> | return value |
|ap_start        |  in |    1| ap_ctrl_hs | relu<ap_fixed,ap_ufixed<5,2,0,0,0>,relu_config5> | return value |
|ap_done         | out |    1| ap_ctrl_hs | relu<ap_fixed,ap_ufixed<5,2,0,0,0>,relu_config5> | return value |
|ap_continue     |  in |    1| ap_ctrl_hs | relu<ap_fixed,ap_ufixed<5,2,0,0,0>,relu_config5> | return value |
|ap_idle         | out |    1| ap_ctrl_hs | relu<ap_fixed,ap_ufixed<5,2,0,0,0>,relu_config5> | return value |
|ap_ready        | out |    1| ap_ctrl_hs | relu<ap_fixed,ap_ufixed<5,2,0,0,0>,relu_config5> | return value |
|ap_return_0     | out |    5| ap_ctrl_hs | relu<ap_fixed,ap_ufixed<5,2,0,0,0>,relu_config5> | return value |
|ap_return_1     | out |    5| ap_ctrl_hs | relu<ap_fixed,ap_ufixed<5,2,0,0,0>,relu_config5> | return value |
|ap_return_2     | out |    5| ap_ctrl_hs | relu<ap_fixed,ap_ufixed<5,2,0,0,0>,relu_config5> | return value |
|ap_return_3     | out |    5| ap_ctrl_hs | relu<ap_fixed,ap_ufixed<5,2,0,0,0>,relu_config5> | return value |
|ap_return_4     | out |    5| ap_ctrl_hs | relu<ap_fixed,ap_ufixed<5,2,0,0,0>,relu_config5> | return value |
|ap_return_5     | out |    5| ap_ctrl_hs | relu<ap_fixed,ap_ufixed<5,2,0,0,0>,relu_config5> | return value |
|ap_return_6     | out |    5| ap_ctrl_hs | relu<ap_fixed,ap_ufixed<5,2,0,0,0>,relu_config5> | return value |
|ap_return_7     | out |    5| ap_ctrl_hs | relu<ap_fixed,ap_ufixed<5,2,0,0,0>,relu_config5> | return value |
|ap_return_8     | out |    5| ap_ctrl_hs | relu<ap_fixed,ap_ufixed<5,2,0,0,0>,relu_config5> | return value |
|ap_return_9     | out |    5| ap_ctrl_hs | relu<ap_fixed,ap_ufixed<5,2,0,0,0>,relu_config5> | return value |
|ap_return_10    | out |    5| ap_ctrl_hs | relu<ap_fixed,ap_ufixed<5,2,0,0,0>,relu_config5> | return value |
|ap_return_11    | out |    5| ap_ctrl_hs | relu<ap_fixed,ap_ufixed<5,2,0,0,0>,relu_config5> | return value |
|ap_return_12    | out |    5| ap_ctrl_hs | relu<ap_fixed,ap_ufixed<5,2,0,0,0>,relu_config5> | return value |
|ap_return_13    | out |    5| ap_ctrl_hs | relu<ap_fixed,ap_ufixed<5,2,0,0,0>,relu_config5> | return value |
|ap_return_14    | out |    5| ap_ctrl_hs | relu<ap_fixed,ap_ufixed<5,2,0,0,0>,relu_config5> | return value |
|data_0_V_read   |  in |   20|   ap_none  |                   data_0_V_read                  |    scalar    |
|data_1_V_read   |  in |   20|   ap_none  |                   data_1_V_read                  |    scalar    |
|data_2_V_read   |  in |   20|   ap_none  |                   data_2_V_read                  |    scalar    |
|data_3_V_read   |  in |   20|   ap_none  |                   data_3_V_read                  |    scalar    |
|data_4_V_read   |  in |   20|   ap_none  |                   data_4_V_read                  |    scalar    |
|data_5_V_read   |  in |   20|   ap_none  |                   data_5_V_read                  |    scalar    |
|data_6_V_read   |  in |   20|   ap_none  |                   data_6_V_read                  |    scalar    |
|data_7_V_read   |  in |   20|   ap_none  |                   data_7_V_read                  |    scalar    |
|data_8_V_read   |  in |   20|   ap_none  |                   data_8_V_read                  |    scalar    |
|data_9_V_read   |  in |   20|   ap_none  |                   data_9_V_read                  |    scalar    |
|data_10_V_read  |  in |   20|   ap_none  |                  data_10_V_read                  |    scalar    |
|data_11_V_read  |  in |   20|   ap_none  |                  data_11_V_read                  |    scalar    |
|data_12_V_read  |  in |   20|   ap_none  |                  data_12_V_read                  |    scalar    |
|data_13_V_read  |  in |   20|   ap_none  |                  data_13_V_read                  |    scalar    |
|data_14_V_read  |  in |   20|   ap_none  |                  data_14_V_read                  |    scalar    |
+----------------+-----+-----+------------+--------------------------------------------------+--------------+

